log started: Tue Aug 26 13:57:56 2025

Log file: ./leap.log
>> #
>> # ----- leaprc for loading the ff19SB force field
>> # ----- NOTE: this is designed for PDB format 3!
>> #
>> #	load atom type hybridizations
>> #
>> addAtomTypes {
>> 	{ "H"   "H" "sp3" }
>> 	{ "HO"  "H" "sp3" }
>> 	{ "HS"  "H" "sp3" }
>> 	{ "H1"  "H" "sp3" }
>> 	{ "H2"  "H" "sp3" }
>> 	{ "H3"  "H" "sp3" }
>> 	{ "H4"  "H" "sp3" }
>> 	{ "H5"  "H" "sp3" }
>> 	{ "HW"  "H" "sp3" }
>> 	{ "HC"  "H" "sp3" }
>> 	{ "HA"  "H" "sp3" }
>> 	{ "HP"  "H" "sp3" }
>> 	{ "HZ"  "H" "sp3" }
>> 	{ "OH"  "O" "sp3" }
>> 	{ "OS"  "O" "sp3" }
>> 	{ "O"   "O" "sp2" }
>> 	{ "O2"  "O" "sp2" }
>> 	{ "OP"  "O" "sp2" }
>> 	{ "OW"  "O" "sp3" }
>> 	{ "CT"  "C" "sp3" }
>> 	{ "CX"  "C" "sp3" }
>> 	{ "XC"  "C" "sp3" }
>> 	{ "C8"  "C" "sp3" }
>> 	{ "2C"  "C" "sp3" }
>> 	{ "3C"  "C" "sp3" }
>> 	{ "CH"  "C" "sp3" }
>> 	{ "CS"  "C" "sp2" }
>> 	{ "C"   "C" "sp2" }
>> 	{ "CO"   "C" "sp2" }
>> 	{ "C*"  "C" "sp2" }
>> 	{ "CA"  "C" "sp2" }
>> 	{ "CB"  "C" "sp2" }
>> 	{ "CC"  "C" "sp2" }
>> 	{ "CN"  "C" "sp2" }
>> 	{ "CM"  "C" "sp2" }
>> 	{ "CK"  "C" "sp2" }
>> 	{ "CQ"  "C" "sp2" }
>> 	{ "CD"  "C" "sp2" }
>> 	{ "C5"  "C" "sp2" }
>> 	{ "C4"  "C" "sp2" }
>> 	{ "CP"  "C" "sp2" }
>> 	{ "CI"  "C" "sp3" }
>> 	{ "CJ"  "C" "sp2" }
>> 	{ "CW"  "C" "sp2" }
>> 	{ "CV"  "C" "sp2" }
>> 	{ "CR"  "C" "sp2" }
>> 	{ "CA"  "C" "sp2" }
>> 	{ "CY"  "C" "sp2" }
>> 	{ "C0"  "Ca" "sp3" }
>> 	{ "MG"  "Mg" "sp3" }
>> 	{ "N"   "N" "sp2" }
>> 	{ "NA"  "N" "sp2" }
>> 	{ "N2"  "N" "sp2" }
>> 	{ "N*"  "N" "sp2" }
>> 	{ "NP"  "N" "sp2" }
>> 	{ "NQ"  "N" "sp2" }
>> 	{ "NB"  "N" "sp2" }
>> 	{ "NC"  "N" "sp2" }
>> 	{ "NT"  "N" "sp3" }
>> 	{ "NY"  "N" "sp2" }
>> 	{ "N3"  "N" "sp3" }
>> 	{ "S"   "S" "sp3" }
>> 	{ "SH"  "S" "sp3" }
>> 	{ "P"   "P" "sp3" }
>> 	{ "LP"  ""  "sp3" }
>> 	{ "EP"  ""  "sp3" }
>> 	{ "F"   "F" "sp3" }
>> 	{ "Cl"  "Cl" "sp3" }
>> 	{ "Br"  "Br" "sp3" }
>> 	{ "I"   "I"  "sp3" }
>> }
>> #
>> #	Load the main parameter set.
>> #
>> set default cmap on
>> parm19 = loadamberparams parm19.dat
Loading parameters: /home/btan/miniconda3/envs/openbiosim/dat/leap/parm/parm19.dat
Reading title:
PARM99 + frcmod.ff99SB + frcmod.parmbsc0 + OL3 for RNA + ff19SB
(UNKNOWN ATOM TYPE: Zn)
(UNKNOWN ATOM TYPE: EP)
>> frcmod19SB = loadamberparams frcmod.ff19SB
Loading parameters: /home/btan/miniconda3/envs/openbiosim/dat/leap/parm/frcmod.ff19SB
Reading force field modification type file (frcmod)
Reading title:
ff19SB AA-specific backbone CMAPs for protein 07/25/2019
>> #
>> #	Load main chain and terminating amino acid libraries
>> #
>> loadOff amino19.lib
Loading library: /home/btan/miniconda3/envs/openbiosim/dat/leap/lib/amino19.lib
Loading: ALA
Loading: ARG
Loading: ASH
Loading: ASN
Loading: ASP
Loading: CYM
Loading: CYS
Loading: CYX
Loading: GLH
Loading: GLN
Loading: GLU
Loading: GLY
Loading: HID
Loading: HIE
Loading: HIP
Loading: HYP
Loading: ILE
Loading: LEU
Loading: LYN
Loading: LYS
Loading: MET
Loading: PHE
Loading: PRO
Loading: SER
Loading: THR
Loading: TRP
Loading: TYR
Loading: VAL
>> loadOff aminoct12.lib
Loading library: /home/btan/miniconda3/envs/openbiosim/dat/leap/lib/aminoct12.lib
Loading: CALA
Loading: CARG
Loading: CASN
Loading: CASP
Loading: CCYS
Loading: CCYX
Loading: CGLN
Loading: CGLU
Loading: CGLY
Loading: CHID
Loading: CHIE
Loading: CHIP
Loading: CHYP
Loading: CILE
Loading: CLEU
Loading: CLYS
Loading: CMET
Loading: CPHE
Loading: CPRO
Loading: CSER
Loading: CTHR
Loading: CTRP
Loading: CTYR
Loading: CVAL
Loading: NHE
Loading: NME
>> loadOff aminont12.lib
Loading library: /home/btan/miniconda3/envs/openbiosim/dat/leap/lib/aminont12.lib
Loading: ACE
Loading: NALA
Loading: NARG
Loading: NASN
Loading: NASP
Loading: NCYS
Loading: NCYX
Loading: NGLN
Loading: NGLU
Loading: NGLY
Loading: NHID
Loading: NHIE
Loading: NHIP
Loading: NILE
Loading: NLEU
Loading: NLYS
Loading: NMET
Loading: NPHE
Loading: NPRO
Loading: NSER
Loading: NTHR
Loading: NTRP
Loading: NTYR
Loading: NVAL
>> 
>> #
>> #	Define the PDB name map for the amino acids
>> #
>> addPdbResMap {
>>   { 0 "HYP" "NHYP" } { 1 "HYP" "CHYP" }
>>   { 0 "ALA" "NALA" } { 1 "ALA" "CALA" }
>>   { 0 "ARG" "NARG" } { 1 "ARG" "CARG" }
>>   { 0 "ASN" "NASN" } { 1 "ASN" "CASN" }
>>   { 0 "ASP" "NASP" } { 1 "ASP" "CASP" }
>>   { 0 "CYS" "NCYS" } { 1 "CYS" "CCYS" }
>>   { 0 "CYX" "NCYX" } { 1 "CYX" "CCYX" }
>>   { 0 "GLN" "NGLN" } { 1 "GLN" "CGLN" }
>>   { 0 "GLU" "NGLU" } { 1 "GLU" "CGLU" }
>>   { 0 "GLY" "NGLY" } { 1 "GLY" "CGLY" }
>>   { 0 "HID" "NHID" } { 1 "HID" "CHID" }
>>   { 0 "HIE" "NHIE" } { 1 "HIE" "CHIE" }
>>   { 0 "HIP" "NHIP" } { 1 "HIP" "CHIP" }
>>   { 0 "ILE" "NILE" } { 1 "ILE" "CILE" }
>>   { 0 "LEU" "NLEU" } { 1 "LEU" "CLEU" }
>>   { 0 "LYS" "NLYS" } { 1 "LYS" "CLYS" }
>>   { 0 "MET" "NMET" } { 1 "MET" "CMET" }
>>   { 0 "PHE" "NPHE" } { 1 "PHE" "CPHE" }
>>   { 0 "PRO" "NPRO" } { 1 "PRO" "CPRO" }
>>   { 0 "SER" "NSER" } { 1 "SER" "CSER" }
>>   { 0 "THR" "NTHR" } { 1 "THR" "CTHR" }
>>   { 0 "TRP" "NTRP" } { 1 "TRP" "CTRP" }
>>   { 0 "TYR" "NTYR" } { 1 "TYR" "CTYR" }
>>   { 0 "VAL" "NVAL" } { 1 "VAL" "CVAL" }
>>   { 0 "HIS" "NHIS" } { 1 "HIS" "CHIS" }
>> }
>> 
>> #
>> # assume that most often proteins use HIE
>> #
>> NHIS = NHIE
>> HIS = HIE
>> CHIS = CHIE
> 
> source leaprc.water.tip3p
----- Source: /home/btan/miniconda3/envs/openbiosim/dat/leap/cmd/leaprc.water.tip3p
----- Source of /home/btan/miniconda3/envs/openbiosim/dat/leap/cmd/leaprc.water.tip3p done
>> #
>> #       Load water and ions for TIP3P + Li/Merz monovalent ions 
>> #       + Joung-Chetham monovalent ions
>> #       + Li/Merz highly charged ions (+2 to +4, 12-6 normal usage set)
>> #
>> #       Note: the Li/Merz monovalent set is loaded only to get Tl+,
>> #          Cu+, Ag+ NH4+, H3O+.  Since we load Joung-Cheatham second,
>> #          the alkali halide parameters come from the Joung-Cheatham set
>> #
>> addAtomTypes {
>> 	{ "HW"  "H" "sp3" }
>> 	{ "OW"  "O" "sp3" }
>> 	{ "F-"   "F" "sp3" }
>> 	{ "Cl-"  "Cl" "sp3" }
>> 	{ "Br-"  "Br" "sp3" }
>> 	{ "I-"   "I"  "sp3" }
>> 	{ "Li+"  "Li"  "sp3" }
>> 	{ "Na+"  "Na"  "sp3" }
>> 	{ "K+"  "K"  "sp3" }
>> 	{ "Rb+"  "Rb"  "sp3" }
>> 	{ "Cs+"  "Cs"  "sp3" }
>> 	{ "Mg+"  "Mg"  "sp3" }
>>     { "Tl+"  "Tl"  "sp3" }
>>     { "Cu+"  "Cu"  "sp3" }
>>     { "Ag+"  "Ag"  "sp3" }
>>     { "NH4+"  "N"  "sp3" }
>>     { "H3O+"  "O"  "sp3" }
>>     { "Be2+" "Be"  "sp3" }
>>     { "Cu2+" "Cu"  "sp3" }
>>     { "Ni2+" "Ni"  "sp3" }
>>     { "Pt2+" "Pt"  "sp3" }
>>     { "Zn2+" "Zn"  "sp3" }
>>     { "Co2+" "Co"  "sp3" }
>>     { "Pd2+" "Pd"  "sp3" }
>>     { "Ag2+" "Ag"  "sp3" }
>>     { "Cr2+" "Cr"  "sp3" }
>>     { "Fe2+" "Fe"  "sp3" }
>>     { "Mg2+" "Mg"  "sp3" }
>>     { "V2+"  "V"   "sp3" }
>>     { "Mn2+" "Mn"  "sp3" }
>>     { "Hg2+" "Hg"  "sp3" }
>>     { "Cd2+" "Cd"  "sp3" }
>>     { "Yb2+" "Yb"  "sp3" }
>>     { "Ca2+" "Ca"  "sp3" }
>>     { "Sn2+" "Sn"  "sp3" }
>>     { "Pb2+" "Pb"  "sp3" }
>>     { "Eu2+" "Eu"  "sp3" }
>>     { "Sr2+" "Sr"  "sp3" }
>>     { "Sm2+" "Sm"  "sp3" }
>>     { "Ba2+" "Ba"  "sp3" }
>>     { "Ra2+" "Ra"  "sp3" }
>>     { "Al3+" "Al"  "sp3" }
>>     { "Fe3+" "Fe"  "sp3" }
>>     { "Cr3+" "Cr"  "sp3" }
>>     { "In3+" "In"  "sp3" }
>>     { "Tl3+" "Tl"  "sp3" }
>>     { "Y3+"  "Y"   "sp3" }
>>     { "La3+" "La"  "sp3" }
>>     { "Ce3+" "Ce"  "sp3" }
>>     { "Pr3+" "Pr"  "sp3" }
>>     { "Nd3+" "Nd"  "sp3" }
>>     { "Sm3+" "Sm"  "sp3" }
>>     { "Eu3+" "Eu"  "sp3" }
>>     { "Gd3+" "Gd"  "sp3" }
>>     { "Tb3+" "Tb"  "sp3" }
>>     { "Dy3+" "Dy"  "sp3" }
>>     { "Er3+" "Er"  "sp3" }
>>     { "Tm3+" "Tm"  "sp3" }
>>     { "Lu3+" "Lu"  "sp3" }
>>     { "Hf4+" "Hf"  "sp3" }
>>     { "Zr4+" "Zr"  "sp3" }
>>     { "Ce4+" "Ce"  "sp3" }
>>     { "U4+"  "U"   "sp3" }
>>     { "Pu4+" "Pu"  "sp3" }
>>     { "Th4+" "Th"  "sp3" }
>> }
>> loadOff atomic_ions.lib
Loading library: /home/btan/miniconda3/envs/openbiosim/dat/leap/lib/atomic_ions.lib
Loading: AG
Loading: AL
Loading: Ag
Loading: BA
Loading: BR
Loading: Be
Loading: CA
Loading: CD
Loading: CE
Loading: CL
Loading: CO
Loading: CR
Loading: CS
Loading: CU
Loading: CU1
Loading: Ce
Loading: Cl-
Loading: Cr
Loading: Dy
Loading: EU
Loading: EU3
Loading: Er
Loading: F
Loading: FE
Loading: FE2
Loading: GD3
Loading: H3O+
Loading: HE+
Loading: HG
Loading: HZ+
Loading: Hf
Loading: IN
Loading: IOD
Loading: K
Loading: K+
Loading: LA
Loading: LI
Loading: LU
Loading: MG
Loading: MN
Loading: NA
Loading: NH4
Loading: NI
Loading: Na+
Loading: Nd
Loading: PB
Loading: PD
Loading: PR
Loading: PT
Loading: Pu
Loading: RB
Loading: Ra
Loading: SM
Loading: SR
Loading: Sm
Loading: Sn
Loading: TB
Loading: TL
Loading: Th
Loading: Tl
Loading: Tm
Loading: U4+
Loading: V2+
Loading: Y
Loading: YB2
Loading: ZN
Loading: Zr
>> loadOff solvents.lib
Loading library: /home/btan/miniconda3/envs/openbiosim/dat/leap/lib/solvents.lib
Loading: CHCL3BOX
Loading: DC4
Loading: FB3
Loading: FB3BOX
Loading: FB4
Loading: FB4BOX
Loading: MEOHBOX
Loading: NMABOX
Loading: O3P
Loading: OP3
Loading: OPC
Loading: OPC3BOX
Loading: OPC3POLBOX
Loading: OPCBOX
Loading: PL3
Loading: POL3BOX
Loading: QSPCFWBOX
Loading: SPC
Loading: SPCBOX
Loading: SPCFWBOX
Loading: SPF
Loading: SPG
Loading: T4E
Loading: TIP3PBOX
Loading: TIP3PFBOX
Loading: TIP4PBOX
Loading: TIP4PEWBOX
Loading: TIP5PBOX
Loading: TP3
Loading: TP4
Loading: TP5
Loading: TPF
>> HOH = TP3
>> WAT = TP3
>> loadAmberParams frcmod.tip3p
Loading parameters: /home/btan/miniconda3/envs/openbiosim/dat/leap/parm/frcmod.tip3p
Reading force field modification type file (frcmod)
Reading title:
This is the additional/replacement parameter set for TIP3P water
>> loadAmberParams frcmod.ions1lm_126_tip3p
Loading parameters: /home/btan/miniconda3/envs/openbiosim/dat/leap/parm/frcmod.ions1lm_126_tip3p
Reading force field modification type file (frcmod)
Reading title:
Li/Merz ion parameters of monovalent ions for TIP3P water model (12-6 normal usage set)
>> loadAmberParams frcmod.ionsjc_tip3p
Loading parameters: /home/btan/miniconda3/envs/openbiosim/dat/leap/parm/frcmod.ionsjc_tip3p
Reading force field modification type file (frcmod)
Reading title:
Monovalent ion parameters for Ewald and TIP3P water from Joung & Cheatham JPCB (2008)
>> loadAmberParams frcmod.ions234lm_126_tip3p
Loading parameters: /home/btan/miniconda3/envs/openbiosim/dat/leap/parm/frcmod.ions234lm_126_tip3p
Reading force field modification type file (frcmod)
Reading title:
Li/Merz ion parameters of divalent to tetravalent ions for TIP3P water model (12-6 normal usage set)
>> 
> 
> addAtomTypes { { "ZN" "Zn" "sp3" } { "S3" "S" "sp3" } } #Add atom types for the ZAFF metal center with Center ID 1
> loadamberparams frcmod.ions1lm_126_tip3p
Loading parameters: /home/btan/miniconda3/envs/openbiosim/dat/leap/parm/frcmod.ions1lm_126_tip3p
Reading force field modification type file (frcmod)
Reading title:
Li/Merz ion parameters of monovalent ions for TIP3P water model (12-6 normal usage set)
> loadamberprep ZAFF.prep #Load ZAFF prep file
Loading Prep file: ./ZAFF.prep
(UNKNOWN ATOM TYPE: S1)
(UNKNOWN ATOM TYPE: S2)
(UNKNOWN ATOM TYPE: N1)
(UNKNOWN ATOM TYPE: S4)
(UNKNOWN ATOM TYPE: S5)
(UNKNOWN ATOM TYPE: N4)
(UNKNOWN ATOM TYPE: D1)
(UNKNOWN ATOM TYPE: E1)
(UNKNOWN ATOM TYPE: D2)
(UNKNOWN ATOM TYPE: D2)
(UNKNOWN ATOM TYPE: E2)
(UNKNOWN ATOM TYPE: NR)
(UNKNOWN ATOM TYPE: N5)
(UNKNOWN ATOM TYPE: N6)
(UNKNOWN ATOM TYPE: N7)
(UNKNOWN ATOM TYPE: O1)
(UNKNOWN ATOM TYPE: N8)
(UNKNOWN ATOM TYPE: N9)
(UNKNOWN ATOM TYPE: N0)
(UNKNOWN ATOM TYPE: O3)
(UNKNOWN ATOM TYPE: O4)
Loaded UNIT: AP1
Loaded UNIT: AP2
Loaded UNIT: CY1
Loaded UNIT: CY2
Loaded UNIT: CY3
Loaded UNIT: CY4
Loaded UNIT: CY5
Loaded UNIT: HD1
Loaded UNIT: HD2
Loaded UNIT: HD3
Loaded UNIT: HD4
Loaded UNIT: HD5
Loaded UNIT: HD6
Loaded UNIT: HD7
Loaded UNIT: HD8
Loaded UNIT: HD9
Loaded UNIT: HDA
Loaded UNIT: HDD
Loaded UNIT: HE1
Loaded UNIT: HE2
Loaded UNIT: HE3
Loaded UNIT: HE4
Loaded UNIT: HE5
Loaded UNIT: HE6
Loaded UNIT: OH1
Loaded UNIT: WT1
Loaded UNIT: WT2
Loaded UNIT: WT3
Loaded UNIT: Z10
Loaded UNIT: Z11
Loaded UNIT: Z12
Loaded UNIT: ZN1
Loaded UNIT: ZN2
Loaded UNIT: ZN3
Loaded UNIT: ZN4
Loaded UNIT: ZN5
Loaded UNIT: ZN6
Loaded UNIT: ZN7
Loaded UNIT: ZN8
Loaded UNIT: ZN9
> loadamberparams ZAFF.frcmod #Load ZAFF frcmod file
Loading parameters: ./ZAFF.frcmod
Reading force field modification type file (frcmod)
Reading title:
ZAFF parameter set created by MTK++/MCPB 
(UNKNOWN ATOM TYPE: S1)
(UNKNOWN ATOM TYPE: S2)
(UNKNOWN ATOM TYPE: N1)
(UNKNOWN ATOM TYPE: S4)
(UNKNOWN ATOM TYPE: S5)
(UNKNOWN ATOM TYPE: N4)
(UNKNOWN ATOM TYPE: N5)
(UNKNOWN ATOM TYPE: N6)
(UNKNOWN ATOM TYPE: N7)
(UNKNOWN ATOM TYPE: O1)
(UNKNOWN ATOM TYPE: N8)
(UNKNOWN ATOM TYPE: N9)
(UNKNOWN ATOM TYPE: N0)
(UNKNOWN ATOM TYPE: O3)
(UNKNOWN ATOM TYPE: O4)
(UNKNOWN ATOM TYPE: E1)
(UNKNOWN ATOM TYPE: D1)
(UNKNOWN ATOM TYPE: E2)
(UNKNOWN ATOM TYPE: D2)
(UNKNOWN ATOM TYPE: NR)
> 
> mol = loadpdb 0.9_modified.pdb # Load the PDB file
Loading PDB file: ./0.9_modified.pdb
Matching PDB residue names to LEaP variables.
Mapped residue ASP, term: Terminal/beginning, seq. number: 0 to: NASP.
Mapped residue PRO, term: Terminal/last, seq. number: 136 to: CPRO.
Mapped residue GLU, term: Terminal/beginning, seq. number: 137 to: NGLU.
Mapped residue THR, term: Terminal/last, seq. number: 311 to: CTHR.
Mapped residue GLN, term: Terminal/last, seq. number: 605 to: CGLN.
  total atoms in file: 4940
  Leap added 4944 missing atoms according to residue templates:
       4944 H / lone pairs
> 
> bond mol.173.ZN mol.56.SG #Bond zinc ion with SG atom of residue CYM

/home/btan/miniconda3/envs/openbiosim/bin/teLeap: Fatal Error!
bond: Argument #1 is of type String must be of type: [atom]
    Here are some suggestions for correcting this error:
    Verify the type of an argument with the desc command.
    Check for alternate argument names with the list command.
usage:  bond <atom1> <atom2> [order]

Exiting LEaP: Errors = 1; Warnings = 0; Notes = 0.
log started: Tue Aug 26 13:59:01 2025

Log file: ./leap.log
>> #
>> # ----- leaprc for loading the ff19SB force field
>> # ----- NOTE: this is designed for PDB format 3!
>> #
>> #	load atom type hybridizations
>> #
>> addAtomTypes {
>> 	{ "H"   "H" "sp3" }
>> 	{ "HO"  "H" "sp3" }
>> 	{ "HS"  "H" "sp3" }
>> 	{ "H1"  "H" "sp3" }
>> 	{ "H2"  "H" "sp3" }
>> 	{ "H3"  "H" "sp3" }
>> 	{ "H4"  "H" "sp3" }
>> 	{ "H5"  "H" "sp3" }
>> 	{ "HW"  "H" "sp3" }
>> 	{ "HC"  "H" "sp3" }
>> 	{ "HA"  "H" "sp3" }
>> 	{ "HP"  "H" "sp3" }
>> 	{ "HZ"  "H" "sp3" }
>> 	{ "OH"  "O" "sp3" }
>> 	{ "OS"  "O" "sp3" }
>> 	{ "O"   "O" "sp2" }
>> 	{ "O2"  "O" "sp2" }
>> 	{ "OP"  "O" "sp2" }
>> 	{ "OW"  "O" "sp3" }
>> 	{ "CT"  "C" "sp3" }
>> 	{ "CX"  "C" "sp3" }
>> 	{ "XC"  "C" "sp3" }
>> 	{ "C8"  "C" "sp3" }
>> 	{ "2C"  "C" "sp3" }
>> 	{ "3C"  "C" "sp3" }
>> 	{ "CH"  "C" "sp3" }
>> 	{ "CS"  "C" "sp2" }
>> 	{ "C"   "C" "sp2" }
>> 	{ "CO"   "C" "sp2" }
>> 	{ "C*"  "C" "sp2" }
>> 	{ "CA"  "C" "sp2" }
>> 	{ "CB"  "C" "sp2" }
>> 	{ "CC"  "C" "sp2" }
>> 	{ "CN"  "C" "sp2" }
>> 	{ "CM"  "C" "sp2" }
>> 	{ "CK"  "C" "sp2" }
>> 	{ "CQ"  "C" "sp2" }
>> 	{ "CD"  "C" "sp2" }
>> 	{ "C5"  "C" "sp2" }
>> 	{ "C4"  "C" "sp2" }
>> 	{ "CP"  "C" "sp2" }
>> 	{ "CI"  "C" "sp3" }
>> 	{ "CJ"  "C" "sp2" }
>> 	{ "CW"  "C" "sp2" }
>> 	{ "CV"  "C" "sp2" }
>> 	{ "CR"  "C" "sp2" }
>> 	{ "CA"  "C" "sp2" }
>> 	{ "CY"  "C" "sp2" }
>> 	{ "C0"  "Ca" "sp3" }
>> 	{ "MG"  "Mg" "sp3" }
>> 	{ "N"   "N" "sp2" }
>> 	{ "NA"  "N" "sp2" }
>> 	{ "N2"  "N" "sp2" }
>> 	{ "N*"  "N" "sp2" }
>> 	{ "NP"  "N" "sp2" }
>> 	{ "NQ"  "N" "sp2" }
>> 	{ "NB"  "N" "sp2" }
>> 	{ "NC"  "N" "sp2" }
>> 	{ "NT"  "N" "sp3" }
>> 	{ "NY"  "N" "sp2" }
>> 	{ "N3"  "N" "sp3" }
>> 	{ "S"   "S" "sp3" }
>> 	{ "SH"  "S" "sp3" }
>> 	{ "P"   "P" "sp3" }
>> 	{ "LP"  ""  "sp3" }
>> 	{ "EP"  ""  "sp3" }
>> 	{ "F"   "F" "sp3" }
>> 	{ "Cl"  "Cl" "sp3" }
>> 	{ "Br"  "Br" "sp3" }
>> 	{ "I"   "I"  "sp3" }
>> }
>> #
>> #	Load the main parameter set.
>> #
>> set default cmap on
>> parm19 = loadamberparams parm19.dat
Loading parameters: /home/btan/miniconda3/envs/openbiosim/dat/leap/parm/parm19.dat
Reading title:
PARM99 + frcmod.ff99SB + frcmod.parmbsc0 + OL3 for RNA + ff19SB
(UNKNOWN ATOM TYPE: Zn)
(UNKNOWN ATOM TYPE: EP)
>> frcmod19SB = loadamberparams frcmod.ff19SB
Loading parameters: /home/btan/miniconda3/envs/openbiosim/dat/leap/parm/frcmod.ff19SB
Reading force field modification type file (frcmod)
Reading title:
ff19SB AA-specific backbone CMAPs for protein 07/25/2019
>> #
>> #	Load main chain and terminating amino acid libraries
>> #
>> loadOff amino19.lib
Loading library: /home/btan/miniconda3/envs/openbiosim/dat/leap/lib/amino19.lib
Loading: ALA
Loading: ARG
Loading: ASH
Loading: ASN
Loading: ASP
Loading: CYM
Loading: CYS
Loading: CYX
Loading: GLH
Loading: GLN
Loading: GLU
Loading: GLY
Loading: HID
Loading: HIE
Loading: HIP
Loading: HYP
Loading: ILE
Loading: LEU
Loading: LYN
Loading: LYS
Loading: MET
Loading: PHE
Loading: PRO
Loading: SER
Loading: THR
Loading: TRP
Loading: TYR
Loading: VAL
>> loadOff aminoct12.lib
Loading library: /home/btan/miniconda3/envs/openbiosim/dat/leap/lib/aminoct12.lib
Loading: CALA
Loading: CARG
Loading: CASN
Loading: CASP
Loading: CCYS
Loading: CCYX
Loading: CGLN
Loading: CGLU
Loading: CGLY
Loading: CHID
Loading: CHIE
Loading: CHIP
Loading: CHYP
Loading: CILE
Loading: CLEU
Loading: CLYS
Loading: CMET
Loading: CPHE
Loading: CPRO
Loading: CSER
Loading: CTHR
Loading: CTRP
Loading: CTYR
Loading: CVAL
Loading: NHE
Loading: NME
>> loadOff aminont12.lib
Loading library: /home/btan/miniconda3/envs/openbiosim/dat/leap/lib/aminont12.lib
Loading: ACE
Loading: NALA
Loading: NARG
Loading: NASN
Loading: NASP
Loading: NCYS
Loading: NCYX
Loading: NGLN
Loading: NGLU
Loading: NGLY
Loading: NHID
Loading: NHIE
Loading: NHIP
Loading: NILE
Loading: NLEU
Loading: NLYS
Loading: NMET
Loading: NPHE
Loading: NPRO
Loading: NSER
Loading: NTHR
Loading: NTRP
Loading: NTYR
Loading: NVAL
>> 
>> #
>> #	Define the PDB name map for the amino acids
>> #
>> addPdbResMap {
>>   { 0 "HYP" "NHYP" } { 1 "HYP" "CHYP" }
>>   { 0 "ALA" "NALA" } { 1 "ALA" "CALA" }
>>   { 0 "ARG" "NARG" } { 1 "ARG" "CARG" }
>>   { 0 "ASN" "NASN" } { 1 "ASN" "CASN" }
>>   { 0 "ASP" "NASP" } { 1 "ASP" "CASP" }
>>   { 0 "CYS" "NCYS" } { 1 "CYS" "CCYS" }
>>   { 0 "CYX" "NCYX" } { 1 "CYX" "CCYX" }
>>   { 0 "GLN" "NGLN" } { 1 "GLN" "CGLN" }
>>   { 0 "GLU" "NGLU" } { 1 "GLU" "CGLU" }
>>   { 0 "GLY" "NGLY" } { 1 "GLY" "CGLY" }
>>   { 0 "HID" "NHID" } { 1 "HID" "CHID" }
>>   { 0 "HIE" "NHIE" } { 1 "HIE" "CHIE" }
>>   { 0 "HIP" "NHIP" } { 1 "HIP" "CHIP" }
>>   { 0 "ILE" "NILE" } { 1 "ILE" "CILE" }
>>   { 0 "LEU" "NLEU" } { 1 "LEU" "CLEU" }
>>   { 0 "LYS" "NLYS" } { 1 "LYS" "CLYS" }
>>   { 0 "MET" "NMET" } { 1 "MET" "CMET" }
>>   { 0 "PHE" "NPHE" } { 1 "PHE" "CPHE" }
>>   { 0 "PRO" "NPRO" } { 1 "PRO" "CPRO" }
>>   { 0 "SER" "NSER" } { 1 "SER" "CSER" }
>>   { 0 "THR" "NTHR" } { 1 "THR" "CTHR" }
>>   { 0 "TRP" "NTRP" } { 1 "TRP" "CTRP" }
>>   { 0 "TYR" "NTYR" } { 1 "TYR" "CTYR" }
>>   { 0 "VAL" "NVAL" } { 1 "VAL" "CVAL" }
>>   { 0 "HIS" "NHIS" } { 1 "HIS" "CHIS" }
>> }
>> 
>> #
>> # assume that most often proteins use HIE
>> #
>> NHIS = NHIE
>> HIS = HIE
>> CHIS = CHIE
> 
> source leaprc.water.tip3p
----- Source: /home/btan/miniconda3/envs/openbiosim/dat/leap/cmd/leaprc.water.tip3p
----- Source of /home/btan/miniconda3/envs/openbiosim/dat/leap/cmd/leaprc.water.tip3p done
>> #
>> #       Load water and ions for TIP3P + Li/Merz monovalent ions 
>> #       + Joung-Chetham monovalent ions
>> #       + Li/Merz highly charged ions (+2 to +4, 12-6 normal usage set)
>> #
>> #       Note: the Li/Merz monovalent set is loaded only to get Tl+,
>> #          Cu+, Ag+ NH4+, H3O+.  Since we load Joung-Cheatham second,
>> #          the alkali halide parameters come from the Joung-Cheatham set
>> #
>> addAtomTypes {
>> 	{ "HW"  "H" "sp3" }
>> 	{ "OW"  "O" "sp3" }
>> 	{ "F-"   "F" "sp3" }
>> 	{ "Cl-"  "Cl" "sp3" }
>> 	{ "Br-"  "Br" "sp3" }
>> 	{ "I-"   "I"  "sp3" }
>> 	{ "Li+"  "Li"  "sp3" }
>> 	{ "Na+"  "Na"  "sp3" }
>> 	{ "K+"  "K"  "sp3" }
>> 	{ "Rb+"  "Rb"  "sp3" }
>> 	{ "Cs+"  "Cs"  "sp3" }
>> 	{ "Mg+"  "Mg"  "sp3" }
>>     { "Tl+"  "Tl"  "sp3" }
>>     { "Cu+"  "Cu"  "sp3" }
>>     { "Ag+"  "Ag"  "sp3" }
>>     { "NH4+"  "N"  "sp3" }
>>     { "H3O+"  "O"  "sp3" }
>>     { "Be2+" "Be"  "sp3" }
>>     { "Cu2+" "Cu"  "sp3" }
>>     { "Ni2+" "Ni"  "sp3" }
>>     { "Pt2+" "Pt"  "sp3" }
>>     { "Zn2+" "Zn"  "sp3" }
>>     { "Co2+" "Co"  "sp3" }
>>     { "Pd2+" "Pd"  "sp3" }
>>     { "Ag2+" "Ag"  "sp3" }
>>     { "Cr2+" "Cr"  "sp3" }
>>     { "Fe2+" "Fe"  "sp3" }
>>     { "Mg2+" "Mg"  "sp3" }
>>     { "V2+"  "V"   "sp3" }
>>     { "Mn2+" "Mn"  "sp3" }
>>     { "Hg2+" "Hg"  "sp3" }
>>     { "Cd2+" "Cd"  "sp3" }
>>     { "Yb2+" "Yb"  "sp3" }
>>     { "Ca2+" "Ca"  "sp3" }
>>     { "Sn2+" "Sn"  "sp3" }
>>     { "Pb2+" "Pb"  "sp3" }
>>     { "Eu2+" "Eu"  "sp3" }
>>     { "Sr2+" "Sr"  "sp3" }
>>     { "Sm2+" "Sm"  "sp3" }
>>     { "Ba2+" "Ba"  "sp3" }
>>     { "Ra2+" "Ra"  "sp3" }
>>     { "Al3+" "Al"  "sp3" }
>>     { "Fe3+" "Fe"  "sp3" }
>>     { "Cr3+" "Cr"  "sp3" }
>>     { "In3+" "In"  "sp3" }
>>     { "Tl3+" "Tl"  "sp3" }
>>     { "Y3+"  "Y"   "sp3" }
>>     { "La3+" "La"  "sp3" }
>>     { "Ce3+" "Ce"  "sp3" }
>>     { "Pr3+" "Pr"  "sp3" }
>>     { "Nd3+" "Nd"  "sp3" }
>>     { "Sm3+" "Sm"  "sp3" }
>>     { "Eu3+" "Eu"  "sp3" }
>>     { "Gd3+" "Gd"  "sp3" }
>>     { "Tb3+" "Tb"  "sp3" }
>>     { "Dy3+" "Dy"  "sp3" }
>>     { "Er3+" "Er"  "sp3" }
>>     { "Tm3+" "Tm"  "sp3" }
>>     { "Lu3+" "Lu"  "sp3" }
>>     { "Hf4+" "Hf"  "sp3" }
>>     { "Zr4+" "Zr"  "sp3" }
>>     { "Ce4+" "Ce"  "sp3" }
>>     { "U4+"  "U"   "sp3" }
>>     { "Pu4+" "Pu"  "sp3" }
>>     { "Th4+" "Th"  "sp3" }
>> }
>> loadOff atomic_ions.lib
Loading library: /home/btan/miniconda3/envs/openbiosim/dat/leap/lib/atomic_ions.lib
Loading: AG
Loading: AL
Loading: Ag
Loading: BA
Loading: BR
Loading: Be
Loading: CA
Loading: CD
Loading: CE
Loading: CL
Loading: CO
Loading: CR
Loading: CS
Loading: CU
Loading: CU1
Loading: Ce
Loading: Cl-
Loading: Cr
Loading: Dy
Loading: EU
Loading: EU3
Loading: Er
Loading: F
Loading: FE
Loading: FE2
Loading: GD3
Loading: H3O+
Loading: HE+
Loading: HG
Loading: HZ+
Loading: Hf
Loading: IN
Loading: IOD
Loading: K
Loading: K+
Loading: LA
Loading: LI
Loading: LU
Loading: MG
Loading: MN
Loading: NA
Loading: NH4
Loading: NI
Loading: Na+
Loading: Nd
Loading: PB
Loading: PD
Loading: PR
Loading: PT
Loading: Pu
Loading: RB
Loading: Ra
Loading: SM
Loading: SR
Loading: Sm
Loading: Sn
Loading: TB
Loading: TL
Loading: Th
Loading: Tl
Loading: Tm
Loading: U4+
Loading: V2+
Loading: Y
Loading: YB2
Loading: ZN
Loading: Zr
>> loadOff solvents.lib
Loading library: /home/btan/miniconda3/envs/openbiosim/dat/leap/lib/solvents.lib
Loading: CHCL3BOX
Loading: DC4
Loading: FB3
Loading: FB3BOX
Loading: FB4
Loading: FB4BOX
Loading: MEOHBOX
Loading: NMABOX
Loading: O3P
Loading: OP3
Loading: OPC
Loading: OPC3BOX
Loading: OPC3POLBOX
Loading: OPCBOX
Loading: PL3
Loading: POL3BOX
Loading: QSPCFWBOX
Loading: SPC
Loading: SPCBOX
Loading: SPCFWBOX
Loading: SPF
Loading: SPG
Loading: T4E
Loading: TIP3PBOX
Loading: TIP3PFBOX
Loading: TIP4PBOX
Loading: TIP4PEWBOX
Loading: TIP5PBOX
Loading: TP3
Loading: TP4
Loading: TP5
Loading: TPF
>> HOH = TP3
>> WAT = TP3
>> loadAmberParams frcmod.tip3p
Loading parameters: /home/btan/miniconda3/envs/openbiosim/dat/leap/parm/frcmod.tip3p
Reading force field modification type file (frcmod)
Reading title:
This is the additional/replacement parameter set for TIP3P water
>> loadAmberParams frcmod.ions1lm_126_tip3p
Loading parameters: /home/btan/miniconda3/envs/openbiosim/dat/leap/parm/frcmod.ions1lm_126_tip3p
Reading force field modification type file (frcmod)
Reading title:
Li/Merz ion parameters of monovalent ions for TIP3P water model (12-6 normal usage set)
>> loadAmberParams frcmod.ionsjc_tip3p
Loading parameters: /home/btan/miniconda3/envs/openbiosim/dat/leap/parm/frcmod.ionsjc_tip3p
Reading force field modification type file (frcmod)
Reading title:
Monovalent ion parameters for Ewald and TIP3P water from Joung & Cheatham JPCB (2008)
>> loadAmberParams frcmod.ions234lm_126_tip3p
Loading parameters: /home/btan/miniconda3/envs/openbiosim/dat/leap/parm/frcmod.ions234lm_126_tip3p
Reading force field modification type file (frcmod)
Reading title:
Li/Merz ion parameters of divalent to tetravalent ions for TIP3P water model (12-6 normal usage set)
>> 
> 
> addAtomTypes { { "ZN" "Zn" "sp3" } { "S3" "S" "sp3" } } #Add atom types for the ZAFF metal center with Center ID 1
> loadamberparams frcmod.ions1lm_126_tip3p
Loading parameters: /home/btan/miniconda3/envs/openbiosim/dat/leap/parm/frcmod.ions1lm_126_tip3p
Reading force field modification type file (frcmod)
Reading title:
Li/Merz ion parameters of monovalent ions for TIP3P water model (12-6 normal usage set)
> loadamberprep ZAFF.prep #Load ZAFF prep file
Loading Prep file: ./ZAFF.prep
(UNKNOWN ATOM TYPE: S1)
(UNKNOWN ATOM TYPE: S2)
(UNKNOWN ATOM TYPE: N1)
(UNKNOWN ATOM TYPE: S4)
(UNKNOWN ATOM TYPE: S5)
(UNKNOWN ATOM TYPE: N4)
(UNKNOWN ATOM TYPE: D1)
(UNKNOWN ATOM TYPE: E1)
(UNKNOWN ATOM TYPE: D2)
(UNKNOWN ATOM TYPE: D2)
(UNKNOWN ATOM TYPE: E2)
(UNKNOWN ATOM TYPE: NR)
(UNKNOWN ATOM TYPE: N5)
(UNKNOWN ATOM TYPE: N6)
(UNKNOWN ATOM TYPE: N7)
(UNKNOWN ATOM TYPE: O1)
(UNKNOWN ATOM TYPE: N8)
(UNKNOWN ATOM TYPE: N9)
(UNKNOWN ATOM TYPE: N0)
(UNKNOWN ATOM TYPE: O3)
(UNKNOWN ATOM TYPE: O4)
Loaded UNIT: AP1
Loaded UNIT: AP2
Loaded UNIT: CY1
Loaded UNIT: CY2
Loaded UNIT: CY3
Loaded UNIT: CY4
Loaded UNIT: CY5
Loaded UNIT: HD1
Loaded UNIT: HD2
Loaded UNIT: HD3
Loaded UNIT: HD4
Loaded UNIT: HD5
Loaded UNIT: HD6
Loaded UNIT: HD7
Loaded UNIT: HD8
Loaded UNIT: HD9
Loaded UNIT: HDA
Loaded UNIT: HDD
Loaded UNIT: HE1
Loaded UNIT: HE2
Loaded UNIT: HE3
Loaded UNIT: HE4
Loaded UNIT: HE5
Loaded UNIT: HE6
Loaded UNIT: OH1
Loaded UNIT: WT1
Loaded UNIT: WT2
Loaded UNIT: WT3
Loaded UNIT: Z10
Loaded UNIT: Z11
Loaded UNIT: Z12
Loaded UNIT: ZN1
Loaded UNIT: ZN2
Loaded UNIT: ZN3
Loaded UNIT: ZN4
Loaded UNIT: ZN5
Loaded UNIT: ZN6
Loaded UNIT: ZN7
Loaded UNIT: ZN8
Loaded UNIT: ZN9
> loadamberparams ZAFF.frcmod #Load ZAFF frcmod file
Loading parameters: ./ZAFF.frcmod
Reading force field modification type file (frcmod)
Reading title:
ZAFF parameter set created by MTK++/MCPB 
(UNKNOWN ATOM TYPE: S1)
(UNKNOWN ATOM TYPE: S2)
(UNKNOWN ATOM TYPE: N1)
(UNKNOWN ATOM TYPE: S4)
(UNKNOWN ATOM TYPE: S5)
(UNKNOWN ATOM TYPE: N4)
(UNKNOWN ATOM TYPE: N5)
(UNKNOWN ATOM TYPE: N6)
(UNKNOWN ATOM TYPE: N7)
(UNKNOWN ATOM TYPE: O1)
(UNKNOWN ATOM TYPE: N8)
(UNKNOWN ATOM TYPE: N9)
(UNKNOWN ATOM TYPE: N0)
(UNKNOWN ATOM TYPE: O3)
(UNKNOWN ATOM TYPE: O4)
(UNKNOWN ATOM TYPE: E1)
(UNKNOWN ATOM TYPE: D1)
(UNKNOWN ATOM TYPE: E2)
(UNKNOWN ATOM TYPE: D2)
(UNKNOWN ATOM TYPE: NR)
> 
> mol = loadpdb 0.9_modified.pdb # Load the PDB file
Loading PDB file: ./0.9_modified.pdb
Matching PDB residue names to LEaP variables.
Mapped residue ASP, term: Terminal/beginning, seq. number: 0 to: NASP.
Mapped residue PRO, term: Terminal/last, seq. number: 136 to: CPRO.
Mapped residue GLU, term: Terminal/beginning, seq. number: 137 to: NGLU.
Mapped residue THR, term: Terminal/last, seq. number: 311 to: CTHR.
Mapped residue GLN, term: Terminal/last, seq. number: 605 to: CGLN.
  total atoms in file: 4940
  Leap added 4944 missing atoms according to residue templates:
       4944 H / lone pairs
> 
> bond mol.313.ZN mol.210.SG #Bond zinc ion with SG atom of residue CYM
> bond mol.313.ZN mol.213.SG #Bond zinc ion with SG atom of residue CYM
> bond mol.313.ZN mol.278.SG #Bond zinc ion with SG atom of residue CYM
> bond mol.313.ZN mol.281.SG #Bond zinc ion with SG atom of residue CYM
> solvateOct mol TIP3PBOX 15.0
Scaling up box by a factor of 1.262870 to meet diagonal cut criterion
  Solute vdw bounding box:              65.209 95.494 64.605
  Total bounding box for atom centers:  133.380 133.380 133.380
      (box expansion for 'iso' is  68.4%)
  Solvent unit box:                     18.774 18.774 18.774
The number of boxes:  x= 8  y= 8  z= 8
  Volume: 1213321.637 A^3 (oct)
  Total mass 671941.248 amu,  Density 0.920 g/cc
  Added 33396 residues.
> 
> addions mol CL 0
5 CL ions required to neutralize.
Adding 5 counter ions to "mol" using 1A grid
Total solute charge:   5.00  Max atom radius:   2.00
Grid extends from solute vdw + 2.25  to  8.25
Box:
   enclosing:  -44.72 -44.85 -50.65   51.09 46.72 45.94
   sized:			      83.28 83.15 77.35
   edge:        128.00
Resolution:      1.00 Angstrom.
Tree depth: 7
Volume =  5.73% of box, grid points 120214
Solvent present: replacing closest with ion
	 when steric overlaps occur
Calculating grid charges
(Replacing solvent molecule)
Placed CL in mol at (-3.85, 30.13, 17.53).
(Replacing solvent molecule)
Placed CL in mol at (9.22, 13.59, 23.21).
(Replacing solvent molecule)
Placed CL in mol at (-12.59, 33.21, 36.84).
(Replacing solvent molecule)
Placed CL in mol at (-12.59, -12.78, -16.26).
(Replacing solvent molecule)
Placed CL in mol at (-10.94, 29.22, 20.63).

Done adding ions.
> 
> savepdb mol system_solvated.pdb #Save the pdb file
Writing pdb file: system_solvated.pdb
   printing CRYST1 record to PDB file with box info

/home/btan/miniconda3/envs/openbiosim/bin/teLeap: Warning!
 Converting N-terminal residue name to PDB format: NASP -> ASP

/home/btan/miniconda3/envs/openbiosim/bin/teLeap: Warning!
 Converting C-terminal residue name to PDB format: CPRO -> PRO

/home/btan/miniconda3/envs/openbiosim/bin/teLeap: Warning!
 Converting N-terminal residue name to PDB format: NGLU -> GLU

/home/btan/miniconda3/envs/openbiosim/bin/teLeap: Warning!
 Converting C-terminal residue name to PDB format: CTHR -> THR

/home/btan/miniconda3/envs/openbiosim/bin/teLeap: Warning!
 Converting C-terminal residue name to PDB format: CGLN -> GLN
> saveamberparm mol system.prmtop system.inpcrd #Save the topology and coordinate files
Checking Unit.

/home/btan/miniconda3/envs/openbiosim/bin/teLeap: Warning!
There is a bond of 29.815 angstroms between ZN and N atoms:
-------  .R<ZN1 313>.A<ZN 1> and .R<PHE 314>.A<N 1>

/home/btan/miniconda3/envs/openbiosim/bin/teLeap: Note.
Ignoring the warning from Unit Checking.

Building topology.
Building atom parameters.
Building bond parameters.

/home/btan/miniconda3/envs/openbiosim/bin/teLeap: Error!
Could not find bond parameter for atom types: ZN - N
        for atom ZN at position -0.131907, -2.677455, -0.992706 
        and atom N at position 10.964314, 20.739191, -15.739443.
Building angle parameters.

/home/btan/miniconda3/envs/openbiosim/bin/teLeap: Error!
Could not find angle parameter for atom types: S1 - ZN - N
        for atom SG at position 1.981472, -3.378926, -1.857688,
            atom ZN at position -0.131907, -2.677455, -0.992706,
        and atom N at position 10.964314, 20.739191, -15.739443.

/home/btan/miniconda3/envs/openbiosim/bin/teLeap: Error!
Could not find angle parameter for atom types: S1 - ZN - N
        for atom SG at position 0.199326, -3.306784, 1.368326,
            atom ZN at position -0.131907, -2.677455, -0.992706,
        and atom N at position 10.964314, 20.739191, -15.739443.

/home/btan/miniconda3/envs/openbiosim/bin/teLeap: Error!
Could not find angle parameter for atom types: S1 - ZN - N
        for atom SG at position -2.116126, -3.540326, -2.145421,
            atom ZN at position -0.131907, -2.677455, -0.992706,
        and atom N at position 10.964314, 20.739191, -15.739443.

/home/btan/miniconda3/envs/openbiosim/bin/teLeap: Error!
Could not find angle parameter for atom types: S1 - ZN - N
        for atom SG at position -0.245270, -0.303574, -1.397448,
            atom ZN at position -0.131907, -2.677455, -0.992706,
        and atom N at position 10.964314, 20.739191, -15.739443.

/home/btan/miniconda3/envs/openbiosim/bin/teLeap: Error!
Could not find angle parameter for atom types: ZN - N - H
        for atom ZN at position -0.131907, -2.677455, -0.992706,
            atom N at position 10.964314, 20.739191, -15.739443,
        and atom H at position 11.315716, 21.521078, -16.273549.

/home/btan/miniconda3/envs/openbiosim/bin/teLeap: Error!
Could not find angle parameter for atom types: ZN - N - XC
        for atom ZN at position -0.131907, -2.677455, -0.992706,
            atom N at position 10.964314, 20.739191, -15.739443,
        and atom CA at position 11.765504, 19.482444, -15.715769.
Building proper torsion parameters.

/home/btan/miniconda3/envs/openbiosim/bin/teLeap: Error!
 ** No torsion terms for atom types: S1-ZN-N-H
        for atom SG at position 1.981472, -3.378926, -1.857688,
            atom ZN at position -0.131907, -2.677455, -0.992706,
            atom N at position 10.964314, 20.739191, -15.739443,
        and atom H at position 11.315716, 21.521078, -16.273549.

/home/btan/miniconda3/envs/openbiosim/bin/teLeap: Error!
 ** No torsion terms for atom types: S1-ZN-N-XC
        for atom SG at position 1.981472, -3.378926, -1.857688,
            atom ZN at position -0.131907, -2.677455, -0.992706,
            atom N at position 10.964314, 20.739191, -15.739443,
        and atom CA at position 11.765504, 19.482444, -15.715769.

/home/btan/miniconda3/envs/openbiosim/bin/teLeap: Error!
 ** No torsion terms for atom types: CT-S1-ZN-N
        for atom CB at position 1.903327, -5.139282, -1.247399,
            atom SG at position 1.981472, -3.378926, -1.857688,
            atom ZN at position -0.131907, -2.677455, -0.992706,
        and atom N at position 10.964314, 20.739191, -15.739443.

/home/btan/miniconda3/envs/openbiosim/bin/teLeap: Error!
 ** No torsion terms for atom types: S1-ZN-N-H
        for atom SG at position 0.199326, -3.306784, 1.368326,
            atom ZN at position -0.131907, -2.677455, -0.992706,
            atom N at position 10.964314, 20.739191, -15.739443,
        and atom H at position 11.315716, 21.521078, -16.273549.

/home/btan/miniconda3/envs/openbiosim/bin/teLeap: Error!
 ** No torsion terms for atom types: S1-ZN-N-XC
        for atom SG at position 0.199326, -3.306784, 1.368326,
            atom ZN at position -0.131907, -2.677455, -0.992706,
            atom N at position 10.964314, 20.739191, -15.739443,
        and atom CA at position 11.765504, 19.482444, -15.715769.

/home/btan/miniconda3/envs/openbiosim/bin/teLeap: Error!
 ** No torsion terms for atom types: CT-S1-ZN-N
        for atom CB at position 1.322962, -2.006891, 1.955606,
            atom SG at position 0.199326, -3.306784, 1.368326,
            atom ZN at position -0.131907, -2.677455, -0.992706,
        and atom N at position 10.964314, 20.739191, -15.739443.

/home/btan/miniconda3/envs/openbiosim/bin/teLeap: Error!
 ** No torsion terms for atom types: S1-ZN-N-H
        for atom SG at position -2.116126, -3.540326, -2.145421,
            atom ZN at position -0.131907, -2.677455, -0.992706,
            atom N at position 10.964314, 20.739191, -15.739443,
        and atom H at position 11.315716, 21.521078, -16.273549.

/home/btan/miniconda3/envs/openbiosim/bin/teLeap: Error!
 ** No torsion terms for atom types: S1-ZN-N-XC
        for atom SG at position -2.116126, -3.540326, -2.145421,
            atom ZN at position -0.131907, -2.677455, -0.992706,
            atom N at position 10.964314, 20.739191, -15.739443,
        and atom CA at position 11.765504, 19.482444, -15.715769.

/home/btan/miniconda3/envs/openbiosim/bin/teLeap: Error!
 ** No torsion terms for atom types: CT-S1-ZN-N
        for atom CB at position -2.020827, -2.675219, -3.823523,
            atom SG at position -2.116126, -3.540326, -2.145421,
            atom ZN at position -0.131907, -2.677455, -0.992706,
        and atom N at position 10.964314, 20.739191, -15.739443.

/home/btan/miniconda3/envs/openbiosim/bin/teLeap: Error!
 ** No torsion terms for atom types: S1-ZN-N-H
        for atom SG at position -0.245270, -0.303574, -1.397448,
            atom ZN at position -0.131907, -2.677455, -0.992706,
            atom N at position 10.964314, 20.739191, -15.739443,
        and atom H at position 11.315716, 21.521078, -16.273549.

/home/btan/miniconda3/envs/openbiosim/bin/teLeap: Error!
 ** No torsion terms for atom types: S1-ZN-N-XC
        for atom SG at position -0.245270, -0.303574, -1.397448,
            atom ZN at position -0.131907, -2.677455, -0.992706,
            atom N at position 10.964314, 20.739191, -15.739443,
        and atom CA at position 11.765504, 19.482444, -15.715769.

/home/btan/miniconda3/envs/openbiosim/bin/teLeap: Error!
 ** No torsion terms for atom types: CT-S1-ZN-N
        for atom CB at position -1.417062, 0.409057, -0.228954,
            atom SG at position -0.245270, -0.303574, -1.397448,
            atom ZN at position -0.131907, -2.677455, -0.992706,
        and atom N at position 10.964314, 20.739191, -15.739443.
Building improper torsion parameters.
old PREP-specified impropers:
 <CY1 210>:  -M   CA   N    HN  
 <CY1 210>:  CA   +M   C    O   
 <CY1 213>:  -M   CA   N    HN  
 <CY1 213>:  CA   +M   C    O   
 <CY1 278>:  -M   CA   N    HN  
 <CY1 278>:  CA   +M   C    O   
 <CY1 281>:  -M   CA   N    HN  
 <CY1 281>:  CA   +M   C    O   
 total 2013 improper torsions applied
 8 improper torsions in old prep form
Building H-Bond parameters.
Incorporating Non-Bonded adjustments.

/home/btan/miniconda3/envs/openbiosim/bin/teLeap: Warning!
Parameter file was not saved.
> quit #Quit tleap
	Quit

Exiting LEaP: Errors = 19; Warnings = 7; Notes = 1.
log started: Tue Aug 26 14:02:05 2025

Log file: ./leap.log
>> #
>> # ----- leaprc for loading the ff19SB force field
>> # ----- NOTE: this is designed for PDB format 3!
>> #
>> #	load atom type hybridizations
>> #
>> addAtomTypes {
>> 	{ "H"   "H" "sp3" }
>> 	{ "HO"  "H" "sp3" }
>> 	{ "HS"  "H" "sp3" }
>> 	{ "H1"  "H" "sp3" }
>> 	{ "H2"  "H" "sp3" }
>> 	{ "H3"  "H" "sp3" }
>> 	{ "H4"  "H" "sp3" }
>> 	{ "H5"  "H" "sp3" }
>> 	{ "HW"  "H" "sp3" }
>> 	{ "HC"  "H" "sp3" }
>> 	{ "HA"  "H" "sp3" }
>> 	{ "HP"  "H" "sp3" }
>> 	{ "HZ"  "H" "sp3" }
>> 	{ "OH"  "O" "sp3" }
>> 	{ "OS"  "O" "sp3" }
>> 	{ "O"   "O" "sp2" }
>> 	{ "O2"  "O" "sp2" }
>> 	{ "OP"  "O" "sp2" }
>> 	{ "OW"  "O" "sp3" }
>> 	{ "CT"  "C" "sp3" }
>> 	{ "CX"  "C" "sp3" }
>> 	{ "XC"  "C" "sp3" }
>> 	{ "C8"  "C" "sp3" }
>> 	{ "2C"  "C" "sp3" }
>> 	{ "3C"  "C" "sp3" }
>> 	{ "CH"  "C" "sp3" }
>> 	{ "CS"  "C" "sp2" }
>> 	{ "C"   "C" "sp2" }
>> 	{ "CO"   "C" "sp2" }
>> 	{ "C*"  "C" "sp2" }
>> 	{ "CA"  "C" "sp2" }
>> 	{ "CB"  "C" "sp2" }
>> 	{ "CC"  "C" "sp2" }
>> 	{ "CN"  "C" "sp2" }
>> 	{ "CM"  "C" "sp2" }
>> 	{ "CK"  "C" "sp2" }
>> 	{ "CQ"  "C" "sp2" }
>> 	{ "CD"  "C" "sp2" }
>> 	{ "C5"  "C" "sp2" }
>> 	{ "C4"  "C" "sp2" }
>> 	{ "CP"  "C" "sp2" }
>> 	{ "CI"  "C" "sp3" }
>> 	{ "CJ"  "C" "sp2" }
>> 	{ "CW"  "C" "sp2" }
>> 	{ "CV"  "C" "sp2" }
>> 	{ "CR"  "C" "sp2" }
>> 	{ "CA"  "C" "sp2" }
>> 	{ "CY"  "C" "sp2" }
>> 	{ "C0"  "Ca" "sp3" }
>> 	{ "MG"  "Mg" "sp3" }
>> 	{ "N"   "N" "sp2" }
>> 	{ "NA"  "N" "sp2" }
>> 	{ "N2"  "N" "sp2" }
>> 	{ "N*"  "N" "sp2" }
>> 	{ "NP"  "N" "sp2" }
>> 	{ "NQ"  "N" "sp2" }
>> 	{ "NB"  "N" "sp2" }
>> 	{ "NC"  "N" "sp2" }
>> 	{ "NT"  "N" "sp3" }
>> 	{ "NY"  "N" "sp2" }
>> 	{ "N3"  "N" "sp3" }
>> 	{ "S"   "S" "sp3" }
>> 	{ "SH"  "S" "sp3" }
>> 	{ "P"   "P" "sp3" }
>> 	{ "LP"  ""  "sp3" }
>> 	{ "EP"  ""  "sp3" }
>> 	{ "F"   "F" "sp3" }
>> 	{ "Cl"  "Cl" "sp3" }
>> 	{ "Br"  "Br" "sp3" }
>> 	{ "I"   "I"  "sp3" }
>> }
>> #
>> #	Load the main parameter set.
>> #
>> set default cmap on
>> parm19 = loadamberparams parm19.dat
Loading parameters: /home/btan/miniconda3/envs/openbiosim/dat/leap/parm/parm19.dat
Reading title:
PARM99 + frcmod.ff99SB + frcmod.parmbsc0 + OL3 for RNA + ff19SB
(UNKNOWN ATOM TYPE: Zn)
(UNKNOWN ATOM TYPE: EP)
>> frcmod19SB = loadamberparams frcmod.ff19SB
Loading parameters: /home/btan/miniconda3/envs/openbiosim/dat/leap/parm/frcmod.ff19SB
Reading force field modification type file (frcmod)
Reading title:
ff19SB AA-specific backbone CMAPs for protein 07/25/2019
>> #
>> #	Load main chain and terminating amino acid libraries
>> #
>> loadOff amino19.lib
Loading library: /home/btan/miniconda3/envs/openbiosim/dat/leap/lib/amino19.lib
Loading: ALA
Loading: ARG
Loading: ASH
Loading: ASN
Loading: ASP
Loading: CYM
Loading: CYS
Loading: CYX
Loading: GLH
Loading: GLN
Loading: GLU
Loading: GLY
Loading: HID
Loading: HIE
Loading: HIP
Loading: HYP
Loading: ILE
Loading: LEU
Loading: LYN
Loading: LYS
Loading: MET
Loading: PHE
Loading: PRO
Loading: SER
Loading: THR
Loading: TRP
Loading: TYR
Loading: VAL
>> loadOff aminoct12.lib
Loading library: /home/btan/miniconda3/envs/openbiosim/dat/leap/lib/aminoct12.lib
Loading: CALA
Loading: CARG
Loading: CASN
Loading: CASP
Loading: CCYS
Loading: CCYX
Loading: CGLN
Loading: CGLU
Loading: CGLY
Loading: CHID
Loading: CHIE
Loading: CHIP
Loading: CHYP
Loading: CILE
Loading: CLEU
Loading: CLYS
Loading: CMET
Loading: CPHE
Loading: CPRO
Loading: CSER
Loading: CTHR
Loading: CTRP
Loading: CTYR
Loading: CVAL
Loading: NHE
Loading: NME
>> loadOff aminont12.lib
Loading library: /home/btan/miniconda3/envs/openbiosim/dat/leap/lib/aminont12.lib
Loading: ACE
Loading: NALA
Loading: NARG
Loading: NASN
Loading: NASP
Loading: NCYS
Loading: NCYX
Loading: NGLN
Loading: NGLU
Loading: NGLY
Loading: NHID
Loading: NHIE
Loading: NHIP
Loading: NILE
Loading: NLEU
Loading: NLYS
Loading: NMET
Loading: NPHE
Loading: NPRO
Loading: NSER
Loading: NTHR
Loading: NTRP
Loading: NTYR
Loading: NVAL
>> 
>> #
>> #	Define the PDB name map for the amino acids
>> #
>> addPdbResMap {
>>   { 0 "HYP" "NHYP" } { 1 "HYP" "CHYP" }
>>   { 0 "ALA" "NALA" } { 1 "ALA" "CALA" }
>>   { 0 "ARG" "NARG" } { 1 "ARG" "CARG" }
>>   { 0 "ASN" "NASN" } { 1 "ASN" "CASN" }
>>   { 0 "ASP" "NASP" } { 1 "ASP" "CASP" }
>>   { 0 "CYS" "NCYS" } { 1 "CYS" "CCYS" }
>>   { 0 "CYX" "NCYX" } { 1 "CYX" "CCYX" }
>>   { 0 "GLN" "NGLN" } { 1 "GLN" "CGLN" }
>>   { 0 "GLU" "NGLU" } { 1 "GLU" "CGLU" }
>>   { 0 "GLY" "NGLY" } { 1 "GLY" "CGLY" }
>>   { 0 "HID" "NHID" } { 1 "HID" "CHID" }
>>   { 0 "HIE" "NHIE" } { 1 "HIE" "CHIE" }
>>   { 0 "HIP" "NHIP" } { 1 "HIP" "CHIP" }
>>   { 0 "ILE" "NILE" } { 1 "ILE" "CILE" }
>>   { 0 "LEU" "NLEU" } { 1 "LEU" "CLEU" }
>>   { 0 "LYS" "NLYS" } { 1 "LYS" "CLYS" }
>>   { 0 "MET" "NMET" } { 1 "MET" "CMET" }
>>   { 0 "PHE" "NPHE" } { 1 "PHE" "CPHE" }
>>   { 0 "PRO" "NPRO" } { 1 "PRO" "CPRO" }
>>   { 0 "SER" "NSER" } { 1 "SER" "CSER" }
>>   { 0 "THR" "NTHR" } { 1 "THR" "CTHR" }
>>   { 0 "TRP" "NTRP" } { 1 "TRP" "CTRP" }
>>   { 0 "TYR" "NTYR" } { 1 "TYR" "CTYR" }
>>   { 0 "VAL" "NVAL" } { 1 "VAL" "CVAL" }
>>   { 0 "HIS" "NHIS" } { 1 "HIS" "CHIS" }
>> }
>> 
>> #
>> # assume that most often proteins use HIE
>> #
>> NHIS = NHIE
>> HIS = HIE
>> CHIS = CHIE
> 
> source leaprc.water.tip3p
----- Source: /home/btan/miniconda3/envs/openbiosim/dat/leap/cmd/leaprc.water.tip3p
----- Source of /home/btan/miniconda3/envs/openbiosim/dat/leap/cmd/leaprc.water.tip3p done
>> #
>> #       Load water and ions for TIP3P + Li/Merz monovalent ions 
>> #       + Joung-Chetham monovalent ions
>> #       + Li/Merz highly charged ions (+2 to +4, 12-6 normal usage set)
>> #
>> #       Note: the Li/Merz monovalent set is loaded only to get Tl+,
>> #          Cu+, Ag+ NH4+, H3O+.  Since we load Joung-Cheatham second,
>> #          the alkali halide parameters come from the Joung-Cheatham set
>> #
>> addAtomTypes {
>> 	{ "HW"  "H" "sp3" }
>> 	{ "OW"  "O" "sp3" }
>> 	{ "F-"   "F" "sp3" }
>> 	{ "Cl-"  "Cl" "sp3" }
>> 	{ "Br-"  "Br" "sp3" }
>> 	{ "I-"   "I"  "sp3" }
>> 	{ "Li+"  "Li"  "sp3" }
>> 	{ "Na+"  "Na"  "sp3" }
>> 	{ "K+"  "K"  "sp3" }
>> 	{ "Rb+"  "Rb"  "sp3" }
>> 	{ "Cs+"  "Cs"  "sp3" }
>> 	{ "Mg+"  "Mg"  "sp3" }
>>     { "Tl+"  "Tl"  "sp3" }
>>     { "Cu+"  "Cu"  "sp3" }
>>     { "Ag+"  "Ag"  "sp3" }
>>     { "NH4+"  "N"  "sp3" }
>>     { "H3O+"  "O"  "sp3" }
>>     { "Be2+" "Be"  "sp3" }
>>     { "Cu2+" "Cu"  "sp3" }
>>     { "Ni2+" "Ni"  "sp3" }
>>     { "Pt2+" "Pt"  "sp3" }
>>     { "Zn2+" "Zn"  "sp3" }
>>     { "Co2+" "Co"  "sp3" }
>>     { "Pd2+" "Pd"  "sp3" }
>>     { "Ag2+" "Ag"  "sp3" }
>>     { "Cr2+" "Cr"  "sp3" }
>>     { "Fe2+" "Fe"  "sp3" }
>>     { "Mg2+" "Mg"  "sp3" }
>>     { "V2+"  "V"   "sp3" }
>>     { "Mn2+" "Mn"  "sp3" }
>>     { "Hg2+" "Hg"  "sp3" }
>>     { "Cd2+" "Cd"  "sp3" }
>>     { "Yb2+" "Yb"  "sp3" }
>>     { "Ca2+" "Ca"  "sp3" }
>>     { "Sn2+" "Sn"  "sp3" }
>>     { "Pb2+" "Pb"  "sp3" }
>>     { "Eu2+" "Eu"  "sp3" }
>>     { "Sr2+" "Sr"  "sp3" }
>>     { "Sm2+" "Sm"  "sp3" }
>>     { "Ba2+" "Ba"  "sp3" }
>>     { "Ra2+" "Ra"  "sp3" }
>>     { "Al3+" "Al"  "sp3" }
>>     { "Fe3+" "Fe"  "sp3" }
>>     { "Cr3+" "Cr"  "sp3" }
>>     { "In3+" "In"  "sp3" }
>>     { "Tl3+" "Tl"  "sp3" }
>>     { "Y3+"  "Y"   "sp3" }
>>     { "La3+" "La"  "sp3" }
>>     { "Ce3+" "Ce"  "sp3" }
>>     { "Pr3+" "Pr"  "sp3" }
>>     { "Nd3+" "Nd"  "sp3" }
>>     { "Sm3+" "Sm"  "sp3" }
>>     { "Eu3+" "Eu"  "sp3" }
>>     { "Gd3+" "Gd"  "sp3" }
>>     { "Tb3+" "Tb"  "sp3" }
>>     { "Dy3+" "Dy"  "sp3" }
>>     { "Er3+" "Er"  "sp3" }
>>     { "Tm3+" "Tm"  "sp3" }
>>     { "Lu3+" "Lu"  "sp3" }
>>     { "Hf4+" "Hf"  "sp3" }
>>     { "Zr4+" "Zr"  "sp3" }
>>     { "Ce4+" "Ce"  "sp3" }
>>     { "U4+"  "U"   "sp3" }
>>     { "Pu4+" "Pu"  "sp3" }
>>     { "Th4+" "Th"  "sp3" }
>> }
>> loadOff atomic_ions.lib
Loading library: /home/btan/miniconda3/envs/openbiosim/dat/leap/lib/atomic_ions.lib
Loading: AG
Loading: AL
Loading: Ag
Loading: BA
Loading: BR
Loading: Be
Loading: CA
Loading: CD
Loading: CE
Loading: CL
Loading: CO
Loading: CR
Loading: CS
Loading: CU
Loading: CU1
Loading: Ce
Loading: Cl-
Loading: Cr
Loading: Dy
Loading: EU
Loading: EU3
Loading: Er
Loading: F
Loading: FE
Loading: FE2
Loading: GD3
Loading: H3O+
Loading: HE+
Loading: HG
Loading: HZ+
Loading: Hf
Loading: IN
Loading: IOD
Loading: K
Loading: K+
Loading: LA
Loading: LI
Loading: LU
Loading: MG
Loading: MN
Loading: NA
Loading: NH4
Loading: NI
Loading: Na+
Loading: Nd
Loading: PB
Loading: PD
Loading: PR
Loading: PT
Loading: Pu
Loading: RB
Loading: Ra
Loading: SM
Loading: SR
Loading: Sm
Loading: Sn
Loading: TB
Loading: TL
Loading: Th
Loading: Tl
Loading: Tm
Loading: U4+
Loading: V2+
Loading: Y
Loading: YB2
Loading: ZN
Loading: Zr
>> loadOff solvents.lib
Loading library: /home/btan/miniconda3/envs/openbiosim/dat/leap/lib/solvents.lib
Loading: CHCL3BOX
Loading: DC4
Loading: FB3
Loading: FB3BOX
Loading: FB4
Loading: FB4BOX
Loading: MEOHBOX
Loading: NMABOX
Loading: O3P
Loading: OP3
Loading: OPC
Loading: OPC3BOX
Loading: OPC3POLBOX
Loading: OPCBOX
Loading: PL3
Loading: POL3BOX
Loading: QSPCFWBOX
Loading: SPC
Loading: SPCBOX
Loading: SPCFWBOX
Loading: SPF
Loading: SPG
Loading: T4E
Loading: TIP3PBOX
Loading: TIP3PFBOX
Loading: TIP4PBOX
Loading: TIP4PEWBOX
Loading: TIP5PBOX
Loading: TP3
Loading: TP4
Loading: TP5
Loading: TPF
>> HOH = TP3
>> WAT = TP3
>> loadAmberParams frcmod.tip3p
Loading parameters: /home/btan/miniconda3/envs/openbiosim/dat/leap/parm/frcmod.tip3p
Reading force field modification type file (frcmod)
Reading title:
This is the additional/replacement parameter set for TIP3P water
>> loadAmberParams frcmod.ions1lm_126_tip3p
Loading parameters: /home/btan/miniconda3/envs/openbiosim/dat/leap/parm/frcmod.ions1lm_126_tip3p
Reading force field modification type file (frcmod)
Reading title:
Li/Merz ion parameters of monovalent ions for TIP3P water model (12-6 normal usage set)
>> loadAmberParams frcmod.ionsjc_tip3p
Loading parameters: /home/btan/miniconda3/envs/openbiosim/dat/leap/parm/frcmod.ionsjc_tip3p
Reading force field modification type file (frcmod)
Reading title:
Monovalent ion parameters for Ewald and TIP3P water from Joung & Cheatham JPCB (2008)
>> loadAmberParams frcmod.ions234lm_126_tip3p
Loading parameters: /home/btan/miniconda3/envs/openbiosim/dat/leap/parm/frcmod.ions234lm_126_tip3p
Reading force field modification type file (frcmod)
Reading title:
Li/Merz ion parameters of divalent to tetravalent ions for TIP3P water model (12-6 normal usage set)
>> 
> 
> addAtomTypes { { "ZN" "Zn" "sp3" } { "S3" "S" "sp3" } } #Add atom types for the ZAFF metal center with Center ID 1
> loadamberparams frcmod.ions1lm_126_tip3p
Loading parameters: /home/btan/miniconda3/envs/openbiosim/dat/leap/parm/frcmod.ions1lm_126_tip3p
Reading force field modification type file (frcmod)
Reading title:
Li/Merz ion parameters of monovalent ions for TIP3P water model (12-6 normal usage set)
> loadamberprep ZAFF.prep #Load ZAFF prep file
Loading Prep file: ./ZAFF.prep
(UNKNOWN ATOM TYPE: S1)
(UNKNOWN ATOM TYPE: S2)
(UNKNOWN ATOM TYPE: N1)
(UNKNOWN ATOM TYPE: S4)
(UNKNOWN ATOM TYPE: S5)
(UNKNOWN ATOM TYPE: N4)
(UNKNOWN ATOM TYPE: D1)
(UNKNOWN ATOM TYPE: E1)
(UNKNOWN ATOM TYPE: D2)
(UNKNOWN ATOM TYPE: D2)
(UNKNOWN ATOM TYPE: E2)
(UNKNOWN ATOM TYPE: NR)
(UNKNOWN ATOM TYPE: N5)
(UNKNOWN ATOM TYPE: N6)
(UNKNOWN ATOM TYPE: N7)
(UNKNOWN ATOM TYPE: O1)
(UNKNOWN ATOM TYPE: N8)
(UNKNOWN ATOM TYPE: N9)
(UNKNOWN ATOM TYPE: N0)
(UNKNOWN ATOM TYPE: O3)
(UNKNOWN ATOM TYPE: O4)
Loaded UNIT: AP1
Loaded UNIT: AP2
Loaded UNIT: CY1
Loaded UNIT: CY2
Loaded UNIT: CY3
Loaded UNIT: CY4
Loaded UNIT: CY5
Loaded UNIT: HD1
Loaded UNIT: HD2
Loaded UNIT: HD3
Loaded UNIT: HD4
Loaded UNIT: HD5
Loaded UNIT: HD6
Loaded UNIT: HD7
Loaded UNIT: HD8
Loaded UNIT: HD9
Loaded UNIT: HDA
Loaded UNIT: HDD
Loaded UNIT: HE1
Loaded UNIT: HE2
Loaded UNIT: HE3
Loaded UNIT: HE4
Loaded UNIT: HE5
Loaded UNIT: HE6
Loaded UNIT: OH1
Loaded UNIT: WT1
Loaded UNIT: WT2
Loaded UNIT: WT3
Loaded UNIT: Z10
Loaded UNIT: Z11
Loaded UNIT: Z12
Loaded UNIT: ZN1
Loaded UNIT: ZN2
Loaded UNIT: ZN3
Loaded UNIT: ZN4
Loaded UNIT: ZN5
Loaded UNIT: ZN6
Loaded UNIT: ZN7
Loaded UNIT: ZN8
Loaded UNIT: ZN9
> loadamberparams ZAFF.frcmod #Load ZAFF frcmod file
Loading parameters: ./ZAFF.frcmod
Reading force field modification type file (frcmod)
Reading title:
ZAFF parameter set created by MTK++/MCPB 
(UNKNOWN ATOM TYPE: S1)
(UNKNOWN ATOM TYPE: S2)
(UNKNOWN ATOM TYPE: N1)
(UNKNOWN ATOM TYPE: S4)
(UNKNOWN ATOM TYPE: S5)
(UNKNOWN ATOM TYPE: N4)
(UNKNOWN ATOM TYPE: N5)
(UNKNOWN ATOM TYPE: N6)
(UNKNOWN ATOM TYPE: N7)
(UNKNOWN ATOM TYPE: O1)
(UNKNOWN ATOM TYPE: N8)
(UNKNOWN ATOM TYPE: N9)
(UNKNOWN ATOM TYPE: N0)
(UNKNOWN ATOM TYPE: O3)
(UNKNOWN ATOM TYPE: O4)
(UNKNOWN ATOM TYPE: E1)
(UNKNOWN ATOM TYPE: D1)
(UNKNOWN ATOM TYPE: E2)
(UNKNOWN ATOM TYPE: D2)
(UNKNOWN ATOM TYPE: NR)
> 
> mol = loadpdb 0.9_modified.pdb # Load the PDB file
Loading PDB file: ./0.9_modified.pdb
Matching PDB residue names to LEaP variables.
Mapped residue ASP, term: Terminal/beginning, seq. number: 0 to: NASP.
Mapped residue PRO, term: Terminal/last, seq. number: 136 to: CPRO.
Mapped residue GLU, term: Terminal/beginning, seq. number: 137 to: NGLU.
Mapped residue THR, term: Terminal/last, seq. number: 311 to: CTHR.
Mapped residue PHE, term: Terminal/beginning, seq. number: 313 to: NPHE.
Mapped residue GLN, term: Terminal/last, seq. number: 605 to: CGLN.
  total atoms in file: 4940
  Leap added 4946 missing atoms according to residue templates:
       4946 H / lone pairs
> 
> bond mol.313.ZN mol.210.SG #Bond zinc ion with SG atom of residue CYM
> bond mol.313.ZN mol.213.SG #Bond zinc ion with SG atom of residue CYM
> bond mol.313.ZN mol.278.SG #Bond zinc ion with SG atom of residue CYM
> bond mol.313.ZN mol.281.SG #Bond zinc ion with SG atom of residue CYM
> solvateOct mol TIP3PBOX 15.0
Scaling up box by a factor of 1.265210 to meet diagonal cut criterion
  Solute vdw bounding box:              65.078 95.493 64.519
  Total bounding box for atom centers:  133.449 133.449 133.449
      (box expansion for 'iso' is  68.7%)
  Solvent unit box:                     18.774 18.774 18.774
The number of boxes:  x= 8  y= 8  z= 8
  Volume: 1215194.334 A^3 (oct)
  Total mass 672573.824 amu,  Density 0.919 g/cc
  Added 33431 residues.
> 
> addions mol CL 0
6 CL ions required to neutralize.
Adding 6 counter ions to "mol" using 1A grid
Total solute charge:   6.00  Max atom radius:   2.00
Grid extends from solute vdw + 4.31  to  10.31
Box:
   enclosing:  -46.68 -47.13 -52.87   53.28 48.56 47.87
   sized:			      81.32 80.87 75.13
   edge:        128.00
Resolution:      1.00 Angstrom.
Tree depth: 7
Volume =  6.00% of box, grid points 125762
Solvent present: replacing closest with ion
	 when steric overlaps occur
Calculating grid charges
(Replacing solvent molecule)
Placed CL in mol at (-11.96, 29.74, 15.79).
(Replacing solvent molecule)
Placed CL in mol at (12.69, 12.95, 22.36).
(Replacing solvent molecule)
Placed CL in mol at (-14.99, -14.01, -16.00).
(Replacing solvent molecule)
Placed CL in mol at (-17.14, 28.54, 34.37).
(Replacing solvent molecule)
Placed CL in mol at (15.26, 2.86, 12.83).
(Replacing solvent molecule)
Placed CL in mol at (-3.35, 36.03, 18.55).

Done adding ions.
> 
> savepdb mol system_solvated.pdb #Save the pdb file
Writing pdb file: system_solvated.pdb
   printing CRYST1 record to PDB file with box info

/home/btan/miniconda3/envs/openbiosim/bin/teLeap: Warning!
 Converting N-terminal residue name to PDB format: NASP -> ASP

/home/btan/miniconda3/envs/openbiosim/bin/teLeap: Warning!
 Converting C-terminal residue name to PDB format: CPRO -> PRO

/home/btan/miniconda3/envs/openbiosim/bin/teLeap: Warning!
 Converting N-terminal residue name to PDB format: NGLU -> GLU

/home/btan/miniconda3/envs/openbiosim/bin/teLeap: Warning!
 Converting C-terminal residue name to PDB format: CTHR -> THR

/home/btan/miniconda3/envs/openbiosim/bin/teLeap: Warning!
 Converting N-terminal residue name to PDB format: NPHE -> PHE

/home/btan/miniconda3/envs/openbiosim/bin/teLeap: Warning!
 Converting C-terminal residue name to PDB format: CGLN -> GLN
> saveamberparm mol system.prmtop system.inpcrd #Save the topology and coordinate files
Checking Unit.
Building topology.
Building atom parameters.
Building bond parameters.
Building angle parameters.
Building proper torsion parameters.
Building improper torsion parameters.
old PREP-specified impropers:
 <CY1 210>:  -M   CA   N    HN  
 <CY1 210>:  CA   +M   C    O   
 <CY1 213>:  -M   CA   N    HN  
 <CY1 213>:  CA   +M   C    O   
 <CY1 278>:  -M   CA   N    HN  
 <CY1 278>:  CA   +M   C    O   
 <CY1 281>:  -M   CA   N    HN  
 <CY1 281>:  CA   +M   C    O   
 total 2012 improper torsions applied
 8 improper torsions in old prep form
Building H-Bond parameters.
Incorporating Non-Bonded adjustments.
Not Marking per-residue atom chain types.
Marking per-residue atom chain types.
  (Residues lacking connect0/connect1 - 
   these don't have chain types marked:

	res	total affected

	CGLN	1
	CPRO	1
	CTHR	1
	NASP	1
	NGLU	1
	NPHE	1
	WAT	33425
  )
 (no restraints)
> quit #Quit tleap
	Quit

Exiting LEaP: Errors = 0; Warnings = 6; Notes = 0.
log started: Wed Aug 27 14:54:25 2025

Log file: ./leap.log
>> #
>> # ----- leaprc for loading the ff19SB force field
>> # ----- NOTE: this is designed for PDB format 3!
>> #
>> #	load atom type hybridizations
>> #
>> addAtomTypes {
>> 	{ "H"   "H" "sp3" }
>> 	{ "HO"  "H" "sp3" }
>> 	{ "HS"  "H" "sp3" }
>> 	{ "H1"  "H" "sp3" }
>> 	{ "H2"  "H" "sp3" }
>> 	{ "H3"  "H" "sp3" }
>> 	{ "H4"  "H" "sp3" }
>> 	{ "H5"  "H" "sp3" }
>> 	{ "HW"  "H" "sp3" }
>> 	{ "HC"  "H" "sp3" }
>> 	{ "HA"  "H" "sp3" }
>> 	{ "HP"  "H" "sp3" }
>> 	{ "HZ"  "H" "sp3" }
>> 	{ "OH"  "O" "sp3" }
>> 	{ "OS"  "O" "sp3" }
>> 	{ "O"   "O" "sp2" }
>> 	{ "O2"  "O" "sp2" }
>> 	{ "OP"  "O" "sp2" }
>> 	{ "OW"  "O" "sp3" }
>> 	{ "CT"  "C" "sp3" }
>> 	{ "CX"  "C" "sp3" }
>> 	{ "XC"  "C" "sp3" }
>> 	{ "C8"  "C" "sp3" }
>> 	{ "2C"  "C" "sp3" }
>> 	{ "3C"  "C" "sp3" }
>> 	{ "CH"  "C" "sp3" }
>> 	{ "CS"  "C" "sp2" }
>> 	{ "C"   "C" "sp2" }
>> 	{ "CO"   "C" "sp2" }
>> 	{ "C*"  "C" "sp2" }
>> 	{ "CA"  "C" "sp2" }
>> 	{ "CB"  "C" "sp2" }
>> 	{ "CC"  "C" "sp2" }
>> 	{ "CN"  "C" "sp2" }
>> 	{ "CM"  "C" "sp2" }
>> 	{ "CK"  "C" "sp2" }
>> 	{ "CQ"  "C" "sp2" }
>> 	{ "CD"  "C" "sp2" }
>> 	{ "C5"  "C" "sp2" }
>> 	{ "C4"  "C" "sp2" }
>> 	{ "CP"  "C" "sp2" }
>> 	{ "CI"  "C" "sp3" }
>> 	{ "CJ"  "C" "sp2" }
>> 	{ "CW"  "C" "sp2" }
>> 	{ "CV"  "C" "sp2" }
>> 	{ "CR"  "C" "sp2" }
>> 	{ "CA"  "C" "sp2" }
>> 	{ "CY"  "C" "sp2" }
>> 	{ "C0"  "Ca" "sp3" }
>> 	{ "MG"  "Mg" "sp3" }
>> 	{ "N"   "N" "sp2" }
>> 	{ "NA"  "N" "sp2" }
>> 	{ "N2"  "N" "sp2" }
>> 	{ "N*"  "N" "sp2" }
>> 	{ "NP"  "N" "sp2" }
>> 	{ "NQ"  "N" "sp2" }
>> 	{ "NB"  "N" "sp2" }
>> 	{ "NC"  "N" "sp2" }
>> 	{ "NT"  "N" "sp3" }
>> 	{ "NY"  "N" "sp2" }
>> 	{ "N3"  "N" "sp3" }
>> 	{ "S"   "S" "sp3" }
>> 	{ "SH"  "S" "sp3" }
>> 	{ "P"   "P" "sp3" }
>> 	{ "LP"  ""  "sp3" }
>> 	{ "EP"  ""  "sp3" }
>> 	{ "F"   "F" "sp3" }
>> 	{ "Cl"  "Cl" "sp3" }
>> 	{ "Br"  "Br" "sp3" }
>> 	{ "I"   "I"  "sp3" }
>> }
>> #
>> #	Load the main parameter set.
>> #
>> set default cmap on
>> parm19 = loadamberparams parm19.dat
Loading parameters: /home/btan/miniconda3/envs/openbiosim/dat/leap/parm/parm19.dat
Reading title:
PARM99 + frcmod.ff99SB + frcmod.parmbsc0 + OL3 for RNA + ff19SB
(UNKNOWN ATOM TYPE: Zn)
(UNKNOWN ATOM TYPE: EP)
>> frcmod19SB = loadamberparams frcmod.ff19SB
Loading parameters: /home/btan/miniconda3/envs/openbiosim/dat/leap/parm/frcmod.ff19SB
Reading force field modification type file (frcmod)
Reading title:
ff19SB AA-specific backbone CMAPs for protein 07/25/2019
>> #
>> #	Load main chain and terminating amino acid libraries
>> #
>> loadOff amino19.lib
Loading library: /home/btan/miniconda3/envs/openbiosim/dat/leap/lib/amino19.lib
Loading: ALA
Loading: ARG
Loading: ASH
Loading: ASN
Loading: ASP
Loading: CYM
Loading: CYS
Loading: CYX
Loading: GLH
Loading: GLN
Loading: GLU
Loading: GLY
Loading: HID
Loading: HIE
Loading: HIP
Loading: HYP
Loading: ILE
Loading: LEU
Loading: LYN
Loading: LYS
Loading: MET
Loading: PHE
Loading: PRO
Loading: SER
Loading: THR
Loading: TRP
Loading: TYR
Loading: VAL
>> loadOff aminoct12.lib
Loading library: /home/btan/miniconda3/envs/openbiosim/dat/leap/lib/aminoct12.lib
Loading: CALA
Loading: CARG
Loading: CASN
Loading: CASP
Loading: CCYS
Loading: CCYX
Loading: CGLN
Loading: CGLU
Loading: CGLY
Loading: CHID
Loading: CHIE
Loading: CHIP
Loading: CHYP
Loading: CILE
Loading: CLEU
Loading: CLYS
Loading: CMET
Loading: CPHE
Loading: CPRO
Loading: CSER
Loading: CTHR
Loading: CTRP
Loading: CTYR
Loading: CVAL
Loading: NHE
Loading: NME
>> loadOff aminont12.lib
Loading library: /home/btan/miniconda3/envs/openbiosim/dat/leap/lib/aminont12.lib
Loading: ACE
Loading: NALA
Loading: NARG
Loading: NASN
Loading: NASP
Loading: NCYS
Loading: NCYX
Loading: NGLN
Loading: NGLU
Loading: NGLY
Loading: NHID
Loading: NHIE
Loading: NHIP
Loading: NILE
Loading: NLEU
Loading: NLYS
Loading: NMET
Loading: NPHE
Loading: NPRO
Loading: NSER
Loading: NTHR
Loading: NTRP
Loading: NTYR
Loading: NVAL
>> 
>> #
>> #	Define the PDB name map for the amino acids
>> #
>> addPdbResMap {
>>   { 0 "HYP" "NHYP" } { 1 "HYP" "CHYP" }
>>   { 0 "ALA" "NALA" } { 1 "ALA" "CALA" }
>>   { 0 "ARG" "NARG" } { 1 "ARG" "CARG" }
>>   { 0 "ASN" "NASN" } { 1 "ASN" "CASN" }
>>   { 0 "ASP" "NASP" } { 1 "ASP" "CASP" }
>>   { 0 "CYS" "NCYS" } { 1 "CYS" "CCYS" }
>>   { 0 "CYX" "NCYX" } { 1 "CYX" "CCYX" }
>>   { 0 "GLN" "NGLN" } { 1 "GLN" "CGLN" }
>>   { 0 "GLU" "NGLU" } { 1 "GLU" "CGLU" }
>>   { 0 "GLY" "NGLY" } { 1 "GLY" "CGLY" }
>>   { 0 "HID" "NHID" } { 1 "HID" "CHID" }
>>   { 0 "HIE" "NHIE" } { 1 "HIE" "CHIE" }
>>   { 0 "HIP" "NHIP" } { 1 "HIP" "CHIP" }
>>   { 0 "ILE" "NILE" } { 1 "ILE" "CILE" }
>>   { 0 "LEU" "NLEU" } { 1 "LEU" "CLEU" }
>>   { 0 "LYS" "NLYS" } { 1 "LYS" "CLYS" }
>>   { 0 "MET" "NMET" } { 1 "MET" "CMET" }
>>   { 0 "PHE" "NPHE" } { 1 "PHE" "CPHE" }
>>   { 0 "PRO" "NPRO" } { 1 "PRO" "CPRO" }
>>   { 0 "SER" "NSER" } { 1 "SER" "CSER" }
>>   { 0 "THR" "NTHR" } { 1 "THR" "CTHR" }
>>   { 0 "TRP" "NTRP" } { 1 "TRP" "CTRP" }
>>   { 0 "TYR" "NTYR" } { 1 "TYR" "CTYR" }
>>   { 0 "VAL" "NVAL" } { 1 "VAL" "CVAL" }
>>   { 0 "HIS" "NHIS" } { 1 "HIS" "CHIS" }
>> }
>> 
>> #
>> # assume that most often proteins use HIE
>> #
>> NHIS = NHIE
>> HIS = HIE
>> CHIS = CHIE
> 
> source leaprc.water.tip3p
----- Source: /home/btan/miniconda3/envs/openbiosim/dat/leap/cmd/leaprc.water.tip3p
----- Source of /home/btan/miniconda3/envs/openbiosim/dat/leap/cmd/leaprc.water.tip3p done
>> #
>> #       Load water and ions for TIP3P + Li/Merz monovalent ions 
>> #       + Joung-Chetham monovalent ions
>> #       + Li/Merz highly charged ions (+2 to +4, 12-6 normal usage set)
>> #
>> #       Note: the Li/Merz monovalent set is loaded only to get Tl+,
>> #          Cu+, Ag+ NH4+, H3O+.  Since we load Joung-Cheatham second,
>> #          the alkali halide parameters come from the Joung-Cheatham set
>> #
>> addAtomTypes {
>> 	{ "HW"  "H" "sp3" }
>> 	{ "OW"  "O" "sp3" }
>> 	{ "F-"   "F" "sp3" }
>> 	{ "Cl-"  "Cl" "sp3" }
>> 	{ "Br-"  "Br" "sp3" }
>> 	{ "I-"   "I"  "sp3" }
>> 	{ "Li+"  "Li"  "sp3" }
>> 	{ "Na+"  "Na"  "sp3" }
>> 	{ "K+"  "K"  "sp3" }
>> 	{ "Rb+"  "Rb"  "sp3" }
>> 	{ "Cs+"  "Cs"  "sp3" }
>> 	{ "Mg+"  "Mg"  "sp3" }
>>     { "Tl+"  "Tl"  "sp3" }
>>     { "Cu+"  "Cu"  "sp3" }
>>     { "Ag+"  "Ag"  "sp3" }
>>     { "NH4+"  "N"  "sp3" }
>>     { "H3O+"  "O"  "sp3" }
>>     { "Be2+" "Be"  "sp3" }
>>     { "Cu2+" "Cu"  "sp3" }
>>     { "Ni2+" "Ni"  "sp3" }
>>     { "Pt2+" "Pt"  "sp3" }
>>     { "Zn2+" "Zn"  "sp3" }
>>     { "Co2+" "Co"  "sp3" }
>>     { "Pd2+" "Pd"  "sp3" }
>>     { "Ag2+" "Ag"  "sp3" }
>>     { "Cr2+" "Cr"  "sp3" }
>>     { "Fe2+" "Fe"  "sp3" }
>>     { "Mg2+" "Mg"  "sp3" }
>>     { "V2+"  "V"   "sp3" }
>>     { "Mn2+" "Mn"  "sp3" }
>>     { "Hg2+" "Hg"  "sp3" }
>>     { "Cd2+" "Cd"  "sp3" }
>>     { "Yb2+" "Yb"  "sp3" }
>>     { "Ca2+" "Ca"  "sp3" }
>>     { "Sn2+" "Sn"  "sp3" }
>>     { "Pb2+" "Pb"  "sp3" }
>>     { "Eu2+" "Eu"  "sp3" }
>>     { "Sr2+" "Sr"  "sp3" }
>>     { "Sm2+" "Sm"  "sp3" }
>>     { "Ba2+" "Ba"  "sp3" }
>>     { "Ra2+" "Ra"  "sp3" }
>>     { "Al3+" "Al"  "sp3" }
>>     { "Fe3+" "Fe"  "sp3" }
>>     { "Cr3+" "Cr"  "sp3" }
>>     { "In3+" "In"  "sp3" }
>>     { "Tl3+" "Tl"  "sp3" }
>>     { "Y3+"  "Y"   "sp3" }
>>     { "La3+" "La"  "sp3" }
>>     { "Ce3+" "Ce"  "sp3" }
>>     { "Pr3+" "Pr"  "sp3" }
>>     { "Nd3+" "Nd"  "sp3" }
>>     { "Sm3+" "Sm"  "sp3" }
>>     { "Eu3+" "Eu"  "sp3" }
>>     { "Gd3+" "Gd"  "sp3" }
>>     { "Tb3+" "Tb"  "sp3" }
>>     { "Dy3+" "Dy"  "sp3" }
>>     { "Er3+" "Er"  "sp3" }
>>     { "Tm3+" "Tm"  "sp3" }
>>     { "Lu3+" "Lu"  "sp3" }
>>     { "Hf4+" "Hf"  "sp3" }
>>     { "Zr4+" "Zr"  "sp3" }
>>     { "Ce4+" "Ce"  "sp3" }
>>     { "U4+"  "U"   "sp3" }
>>     { "Pu4+" "Pu"  "sp3" }
>>     { "Th4+" "Th"  "sp3" }
>> }
>> loadOff atomic_ions.lib
Loading library: /home/btan/miniconda3/envs/openbiosim/dat/leap/lib/atomic_ions.lib
Loading: AG
Loading: AL
Loading: Ag
Loading: BA
Loading: BR
Loading: Be
Loading: CA
Loading: CD
Loading: CE
Loading: CL
Loading: CO
Loading: CR
Loading: CS
Loading: CU
Loading: CU1
Loading: Ce
Loading: Cl-
Loading: Cr
Loading: Dy
Loading: EU
Loading: EU3
Loading: Er
Loading: F
Loading: FE
Loading: FE2
Loading: GD3
Loading: H3O+
Loading: HE+
Loading: HG
Loading: HZ+
Loading: Hf
Loading: IN
Loading: IOD
Loading: K
Loading: K+
Loading: LA
Loading: LI
Loading: LU
Loading: MG
Loading: MN
Loading: NA
Loading: NH4
Loading: NI
Loading: Na+
Loading: Nd
Loading: PB
Loading: PD
Loading: PR
Loading: PT
Loading: Pu
Loading: RB
Loading: Ra
Loading: SM
Loading: SR
Loading: Sm
Loading: Sn
Loading: TB
Loading: TL
Loading: Th
Loading: Tl
Loading: Tm
Loading: U4+
Loading: V2+
Loading: Y
Loading: YB2
Loading: ZN
Loading: Zr
>> loadOff solvents.lib
Loading library: /home/btan/miniconda3/envs/openbiosim/dat/leap/lib/solvents.lib
Loading: CHCL3BOX
Loading: DC4
Loading: FB3
Loading: FB3BOX
Loading: FB4
Loading: FB4BOX
Loading: MEOHBOX
Loading: NMABOX
Loading: O3P
Loading: OP3
Loading: OPC
Loading: OPC3BOX
Loading: OPC3POLBOX
Loading: OPCBOX
Loading: PL3
Loading: POL3BOX
Loading: QSPCFWBOX
Loading: SPC
Loading: SPCBOX
Loading: SPCFWBOX
Loading: SPF
Loading: SPG
Loading: T4E
Loading: TIP3PBOX
Loading: TIP3PFBOX
Loading: TIP4PBOX
Loading: TIP4PEWBOX
Loading: TIP5PBOX
Loading: TP3
Loading: TP4
Loading: TP5
Loading: TPF
>> HOH = TP3
>> WAT = TP3
>> loadAmberParams frcmod.tip3p
Loading parameters: /home/btan/miniconda3/envs/openbiosim/dat/leap/parm/frcmod.tip3p
Reading force field modification type file (frcmod)
Reading title:
This is the additional/replacement parameter set for TIP3P water
>> loadAmberParams frcmod.ions1lm_126_tip3p
Loading parameters: /home/btan/miniconda3/envs/openbiosim/dat/leap/parm/frcmod.ions1lm_126_tip3p
Reading force field modification type file (frcmod)
Reading title:
Li/Merz ion parameters of monovalent ions for TIP3P water model (12-6 normal usage set)
>> loadAmberParams frcmod.ionsjc_tip3p
Loading parameters: /home/btan/miniconda3/envs/openbiosim/dat/leap/parm/frcmod.ionsjc_tip3p
Reading force field modification type file (frcmod)
Reading title:
Monovalent ion parameters for Ewald and TIP3P water from Joung & Cheatham JPCB (2008)
>> loadAmberParams frcmod.ions234lm_126_tip3p
Loading parameters: /home/btan/miniconda3/envs/openbiosim/dat/leap/parm/frcmod.ions234lm_126_tip3p
Reading force field modification type file (frcmod)
Reading title:
Li/Merz ion parameters of divalent to tetravalent ions for TIP3P water model (12-6 normal usage set)
>> 
> 
> addAtomTypes { { "ZN" "Zn" "sp3" } { "S3" "S" "sp3" } } #Add atom types for the ZAFF metal center with Center ID 1
> loadamberparams frcmod.ions1lm_126_tip3p
Loading parameters: /home/btan/miniconda3/envs/openbiosim/dat/leap/parm/frcmod.ions1lm_126_tip3p
Reading force field modification type file (frcmod)
Reading title:
Li/Merz ion parameters of monovalent ions for TIP3P water model (12-6 normal usage set)
> loadamberprep ZAFF.prep #Load ZAFF prep file
Loading Prep file: ./ZAFF.prep
(UNKNOWN ATOM TYPE: S1)
(UNKNOWN ATOM TYPE: S2)
(UNKNOWN ATOM TYPE: N1)
(UNKNOWN ATOM TYPE: S4)
(UNKNOWN ATOM TYPE: S5)
(UNKNOWN ATOM TYPE: N4)
(UNKNOWN ATOM TYPE: D1)
(UNKNOWN ATOM TYPE: E1)
(UNKNOWN ATOM TYPE: D2)
(UNKNOWN ATOM TYPE: D2)
(UNKNOWN ATOM TYPE: E2)
(UNKNOWN ATOM TYPE: NR)
(UNKNOWN ATOM TYPE: N5)
(UNKNOWN ATOM TYPE: N6)
(UNKNOWN ATOM TYPE: N7)
(UNKNOWN ATOM TYPE: O1)
(UNKNOWN ATOM TYPE: N8)
(UNKNOWN ATOM TYPE: N9)
(UNKNOWN ATOM TYPE: N0)
(UNKNOWN ATOM TYPE: O3)
(UNKNOWN ATOM TYPE: O4)
Loaded UNIT: AP1
Loaded UNIT: AP2
Loaded UNIT: CY1
Loaded UNIT: CY2
Loaded UNIT: CY3
Loaded UNIT: CY4
Loaded UNIT: CY5
Loaded UNIT: HD1
Loaded UNIT: HD2
Loaded UNIT: HD3
Loaded UNIT: HD4
Loaded UNIT: HD5
Loaded UNIT: HD6
Loaded UNIT: HD7
Loaded UNIT: HD8
Loaded UNIT: HD9
Loaded UNIT: HDA
Loaded UNIT: HDD
Loaded UNIT: HE1
Loaded UNIT: HE2
Loaded UNIT: HE3
Loaded UNIT: HE4
Loaded UNIT: HE5
Loaded UNIT: HE6
Loaded UNIT: OH1
Loaded UNIT: WT1
Loaded UNIT: WT2
Loaded UNIT: WT3
Loaded UNIT: Z10
Loaded UNIT: Z11
Loaded UNIT: Z12
Loaded UNIT: ZN1
Loaded UNIT: ZN2
Loaded UNIT: ZN3
Loaded UNIT: ZN4
Loaded UNIT: ZN5
Loaded UNIT: ZN6
Loaded UNIT: ZN7
Loaded UNIT: ZN8
Loaded UNIT: ZN9
> loadamberparams ZAFF.frcmod #Load ZAFF frcmod file
Loading parameters: ./ZAFF.frcmod
Reading force field modification type file (frcmod)
Reading title:
ZAFF parameter set created by MTK++/MCPB 
(UNKNOWN ATOM TYPE: S1)
(UNKNOWN ATOM TYPE: S2)
(UNKNOWN ATOM TYPE: N1)
(UNKNOWN ATOM TYPE: S4)
(UNKNOWN ATOM TYPE: S5)
(UNKNOWN ATOM TYPE: N4)
(UNKNOWN ATOM TYPE: N5)
(UNKNOWN ATOM TYPE: N6)
(UNKNOWN ATOM TYPE: N7)
(UNKNOWN ATOM TYPE: O1)
(UNKNOWN ATOM TYPE: N8)
(UNKNOWN ATOM TYPE: N9)
(UNKNOWN ATOM TYPE: N0)
(UNKNOWN ATOM TYPE: O3)
(UNKNOWN ATOM TYPE: O4)
(UNKNOWN ATOM TYPE: E1)
(UNKNOWN ATOM TYPE: D1)
(UNKNOWN ATOM TYPE: E2)
(UNKNOWN ATOM TYPE: D2)
(UNKNOWN ATOM TYPE: NR)
> 
> mol = loadpdb 0.9_modified.pdb # Load the PDB file
Loading PDB file: ./0.9_modified.pdb
Matching PDB residue names to LEaP variables.
Mapped residue ASP, term: Terminal/beginning, seq. number: 0 to: NASP.
Mapped residue PRO, term: Terminal/last, seq. number: 136 to: CPRO.
Mapped residue GLU, term: Terminal/beginning, seq. number: 137 to: NGLU.
Mapped residue THR, term: Terminal/last, seq. number: 311 to: CTHR.
Mapped residue PHE, term: Terminal/beginning, seq. number: 313 to: NPHE.
Mapped residue GLN, term: Terminal/last, seq. number: 605 to: CGLN.
  total atoms in file: 4940
  Leap added 4946 missing atoms according to residue templates:
       4946 H / lone pairs
> 
> bond mol.313.ZN mol.210.SG #Bond zinc ion with SG atom of residue CYM
> bond mol.313.ZN mol.213.SG #Bond zinc ion with SG atom of residue CYM
> bond mol.313.ZN mol.278.SG #Bond zinc ion with SG atom of residue CYM
> bond mol.313.ZN mol.281.SG #Bond zinc ion with SG atom of residue CYM
> solvateOct mol TIP3PBOX 15.0
Scaling up box by a factor of 1.250574 to meet diagonal cut criterion
  Solute vdw bounding box:              64.170 97.328 64.618
  Total bounding box for atom centers:  134.845 134.845 134.845
      (box expansion for 'iso' is  75.1%)
  Solvent unit box:                     18.774 18.774 18.774
The number of boxes:  x= 8  y= 8  z= 8
  Volume: 1253429.418 A^3 (oct)
  Total mass 693021.984 amu,  Density 0.918 g/cc
  Added 34566 residues.
> 
> addions mol CL 0
6 CL ions required to neutralize.
Adding 6 counter ions to "mol" using 1A grid
Total solute charge:   6.00  Max atom radius:   2.00
Grid extends from solute vdw + 4.31  to  10.31
Box:
   enclosing:  -47.22 -47.21 -51.39   52.76 50.93 49.08
   sized:			      80.78 80.79 76.61
   edge:        128.00
Resolution:      1.00 Angstrom.
Tree depth: 7
Volume =  6.10% of box, grid points 127952
Solvent present: replacing closest with ion
	 when steric overlaps occur
Calculating grid charges
(Replacing solvent molecule)
Placed CL in mol at (9.33, 13.50, 23.36).
(Replacing solvent molecule)
Placed CL in mol at (-6.94, 29.00, 16.08).
(Replacing solvent molecule)
Placed CL in mol at (-13.46, -16.53, -6.24).
(Replacing solvent molecule)
Placed CL in mol at (-14.90, 37.07, 36.72).
(Replacing solvent molecule)
Placed CL in mol at (13.85, 4.24, 16.11).
(Replacing solvent molecule)
Placed CL in mol at (-25.01, 24.74, 28.14).

Done adding ions.
> 
> savepdb mol system_solvated.pdb #Save the pdb file
Writing pdb file: system_solvated.pdb
   printing CRYST1 record to PDB file with box info

/home/btan/miniconda3/envs/openbiosim/bin/teLeap: Warning!
 Converting N-terminal residue name to PDB format: NASP -> ASP

/home/btan/miniconda3/envs/openbiosim/bin/teLeap: Warning!
 Converting C-terminal residue name to PDB format: CPRO -> PRO

/home/btan/miniconda3/envs/openbiosim/bin/teLeap: Warning!
 Converting N-terminal residue name to PDB format: NGLU -> GLU

/home/btan/miniconda3/envs/openbiosim/bin/teLeap: Warning!
 Converting C-terminal residue name to PDB format: CTHR -> THR

/home/btan/miniconda3/envs/openbiosim/bin/teLeap: Warning!
 Converting N-terminal residue name to PDB format: NPHE -> PHE

/home/btan/miniconda3/envs/openbiosim/bin/teLeap: Warning!
 Converting C-terminal residue name to PDB format: CGLN -> GLN
> saveamberparm mol system.prmtop system.inpcrd #Save the topology and coordinate files
Checking Unit.
Building topology.
Building atom parameters.
Building bond parameters.
Building angle parameters.
Building proper torsion parameters.
Building improper torsion parameters.
old PREP-specified impropers:
 <CY1 210>:  -M   CA   N    HN  
 <CY1 210>:  CA   +M   C    O   
 <CY1 213>:  -M   CA   N    HN  
 <CY1 213>:  CA   +M   C    O   
 <CY1 278>:  -M   CA   N    HN  
 <CY1 278>:  CA   +M   C    O   
 <CY1 281>:  -M   CA   N    HN  
 <CY1 281>:  CA   +M   C    O   
 total 2012 improper torsions applied
 8 improper torsions in old prep form
Building H-Bond parameters.
Incorporating Non-Bonded adjustments.
Not Marking per-residue atom chain types.
Marking per-residue atom chain types.
  (Residues lacking connect0/connect1 - 
   these don't have chain types marked:

	res	total affected

	CGLN	1
	CPRO	1
	CTHR	1
	NASP	1
	NGLU	1
	NPHE	1
	WAT	34560
  )
 (no restraints)
> quit #Quit tleap
	Quit

Exiting LEaP: Errors = 0; Warnings = 6; Notes = 0.
log started: Wed Sep  3 19:54:16 2025

Log file: ./leap.log
>> #
>> # ----- leaprc for loading the ff19SB force field
>> # ----- NOTE: this is designed for PDB format 3!
>> #
>> #	load atom type hybridizations
>> #
>> addAtomTypes {
>> 	{ "H"   "H" "sp3" }
>> 	{ "HO"  "H" "sp3" }
>> 	{ "HS"  "H" "sp3" }
>> 	{ "H1"  "H" "sp3" }
>> 	{ "H2"  "H" "sp3" }
>> 	{ "H3"  "H" "sp3" }
>> 	{ "H4"  "H" "sp3" }
>> 	{ "H5"  "H" "sp3" }
>> 	{ "HW"  "H" "sp3" }
>> 	{ "HC"  "H" "sp3" }
>> 	{ "HA"  "H" "sp3" }
>> 	{ "HP"  "H" "sp3" }
>> 	{ "HZ"  "H" "sp3" }
>> 	{ "OH"  "O" "sp3" }
>> 	{ "OS"  "O" "sp3" }
>> 	{ "O"   "O" "sp2" }
>> 	{ "O2"  "O" "sp2" }
>> 	{ "OP"  "O" "sp2" }
>> 	{ "OW"  "O" "sp3" }
>> 	{ "CT"  "C" "sp3" }
>> 	{ "CX"  "C" "sp3" }
>> 	{ "XC"  "C" "sp3" }
>> 	{ "C8"  "C" "sp3" }
>> 	{ "2C"  "C" "sp3" }
>> 	{ "3C"  "C" "sp3" }
>> 	{ "CH"  "C" "sp3" }
>> 	{ "CS"  "C" "sp2" }
>> 	{ "C"   "C" "sp2" }
>> 	{ "CO"   "C" "sp2" }
>> 	{ "C*"  "C" "sp2" }
>> 	{ "CA"  "C" "sp2" }
>> 	{ "CB"  "C" "sp2" }
>> 	{ "CC"  "C" "sp2" }
>> 	{ "CN"  "C" "sp2" }
>> 	{ "CM"  "C" "sp2" }
>> 	{ "CK"  "C" "sp2" }
>> 	{ "CQ"  "C" "sp2" }
>> 	{ "CD"  "C" "sp2" }
>> 	{ "C5"  "C" "sp2" }
>> 	{ "C4"  "C" "sp2" }
>> 	{ "CP"  "C" "sp2" }
>> 	{ "CI"  "C" "sp3" }
>> 	{ "CJ"  "C" "sp2" }
>> 	{ "CW"  "C" "sp2" }
>> 	{ "CV"  "C" "sp2" }
>> 	{ "CR"  "C" "sp2" }
>> 	{ "CA"  "C" "sp2" }
>> 	{ "CY"  "C" "sp2" }
>> 	{ "C0"  "Ca" "sp3" }
>> 	{ "MG"  "Mg" "sp3" }
>> 	{ "N"   "N" "sp2" }
>> 	{ "NA"  "N" "sp2" }
>> 	{ "N2"  "N" "sp2" }
>> 	{ "N*"  "N" "sp2" }
>> 	{ "NP"  "N" "sp2" }
>> 	{ "NQ"  "N" "sp2" }
>> 	{ "NB"  "N" "sp2" }
>> 	{ "NC"  "N" "sp2" }
>> 	{ "NT"  "N" "sp3" }
>> 	{ "NY"  "N" "sp2" }
>> 	{ "N3"  "N" "sp3" }
>> 	{ "S"   "S" "sp3" }
>> 	{ "SH"  "S" "sp3" }
>> 	{ "P"   "P" "sp3" }
>> 	{ "LP"  ""  "sp3" }
>> 	{ "EP"  ""  "sp3" }
>> 	{ "F"   "F" "sp3" }
>> 	{ "Cl"  "Cl" "sp3" }
>> 	{ "Br"  "Br" "sp3" }
>> 	{ "I"   "I"  "sp3" }
>> }
>> #
>> #	Load the main parameter set.
>> #
>> set default cmap on
>> parm19 = loadamberparams parm19.dat
Loading parameters: /home/btan/miniconda3/envs/openbiosim/dat/leap/parm/parm19.dat
Reading title:
PARM99 + frcmod.ff99SB + frcmod.parmbsc0 + OL3 for RNA + ff19SB
(UNKNOWN ATOM TYPE: Zn)
(UNKNOWN ATOM TYPE: EP)
>> frcmod19SB = loadamberparams frcmod.ff19SB
Loading parameters: /home/btan/miniconda3/envs/openbiosim/dat/leap/parm/frcmod.ff19SB
Reading force field modification type file (frcmod)
Reading title:
ff19SB AA-specific backbone CMAPs for protein 07/25/2019
>> #
>> #	Load main chain and terminating amino acid libraries
>> #
>> loadOff amino19.lib
Loading library: /home/btan/miniconda3/envs/openbiosim/dat/leap/lib/amino19.lib
Loading: ALA
Loading: ARG
Loading: ASH
Loading: ASN
Loading: ASP
Loading: CYM
Loading: CYS
Loading: CYX
Loading: GLH
Loading: GLN
Loading: GLU
Loading: GLY
Loading: HID
Loading: HIE
Loading: HIP
Loading: HYP
Loading: ILE
Loading: LEU
Loading: LYN
Loading: LYS
Loading: MET
Loading: PHE
Loading: PRO
Loading: SER
Loading: THR
Loading: TRP
Loading: TYR
Loading: VAL
>> loadOff aminoct12.lib
Loading library: /home/btan/miniconda3/envs/openbiosim/dat/leap/lib/aminoct12.lib
Loading: CALA
Loading: CARG
Loading: CASN
Loading: CASP
Loading: CCYS
Loading: CCYX
Loading: CGLN
Loading: CGLU
Loading: CGLY
Loading: CHID
Loading: CHIE
Loading: CHIP
Loading: CHYP
Loading: CILE
Loading: CLEU
Loading: CLYS
Loading: CMET
Loading: CPHE
Loading: CPRO
Loading: CSER
Loading: CTHR
Loading: CTRP
Loading: CTYR
Loading: CVAL
Loading: NHE
Loading: NME
>> loadOff aminont12.lib
Loading library: /home/btan/miniconda3/envs/openbiosim/dat/leap/lib/aminont12.lib
Loading: ACE
Loading: NALA
Loading: NARG
Loading: NASN
Loading: NASP
Loading: NCYS
Loading: NCYX
Loading: NGLN
Loading: NGLU
Loading: NGLY
Loading: NHID
Loading: NHIE
Loading: NHIP
Loading: NILE
Loading: NLEU
Loading: NLYS
Loading: NMET
Loading: NPHE
Loading: NPRO
Loading: NSER
Loading: NTHR
Loading: NTRP
Loading: NTYR
Loading: NVAL
>> 
>> #
>> #	Define the PDB name map for the amino acids
>> #
>> addPdbResMap {
>>   { 0 "HYP" "NHYP" } { 1 "HYP" "CHYP" }
>>   { 0 "ALA" "NALA" } { 1 "ALA" "CALA" }
>>   { 0 "ARG" "NARG" } { 1 "ARG" "CARG" }
>>   { 0 "ASN" "NASN" } { 1 "ASN" "CASN" }
>>   { 0 "ASP" "NASP" } { 1 "ASP" "CASP" }
>>   { 0 "CYS" "NCYS" } { 1 "CYS" "CCYS" }
>>   { 0 "CYX" "NCYX" } { 1 "CYX" "CCYX" }
>>   { 0 "GLN" "NGLN" } { 1 "GLN" "CGLN" }
>>   { 0 "GLU" "NGLU" } { 1 "GLU" "CGLU" }
>>   { 0 "GLY" "NGLY" } { 1 "GLY" "CGLY" }
>>   { 0 "HID" "NHID" } { 1 "HID" "CHID" }
>>   { 0 "HIE" "NHIE" } { 1 "HIE" "CHIE" }
>>   { 0 "HIP" "NHIP" } { 1 "HIP" "CHIP" }
>>   { 0 "ILE" "NILE" } { 1 "ILE" "CILE" }
>>   { 0 "LEU" "NLEU" } { 1 "LEU" "CLEU" }
>>   { 0 "LYS" "NLYS" } { 1 "LYS" "CLYS" }
>>   { 0 "MET" "NMET" } { 1 "MET" "CMET" }
>>   { 0 "PHE" "NPHE" } { 1 "PHE" "CPHE" }
>>   { 0 "PRO" "NPRO" } { 1 "PRO" "CPRO" }
>>   { 0 "SER" "NSER" } { 1 "SER" "CSER" }
>>   { 0 "THR" "NTHR" } { 1 "THR" "CTHR" }
>>   { 0 "TRP" "NTRP" } { 1 "TRP" "CTRP" }
>>   { 0 "TYR" "NTYR" } { 1 "TYR" "CTYR" }
>>   { 0 "VAL" "NVAL" } { 1 "VAL" "CVAL" }
>>   { 0 "HIS" "NHIS" } { 1 "HIS" "CHIS" }
>> }
>> 
>> #
>> # assume that most often proteins use HIE
>> #
>> NHIS = NHIE
>> HIS = HIE
>> CHIS = CHIE
> 
> source leaprc.water.tip3p
----- Source: /home/btan/miniconda3/envs/openbiosim/dat/leap/cmd/leaprc.water.tip3p
----- Source of /home/btan/miniconda3/envs/openbiosim/dat/leap/cmd/leaprc.water.tip3p done
>> #
>> #       Load water and ions for TIP3P + Li/Merz monovalent ions 
>> #       + Joung-Chetham monovalent ions
>> #       + Li/Merz highly charged ions (+2 to +4, 12-6 normal usage set)
>> #
>> #       Note: the Li/Merz monovalent set is loaded only to get Tl+,
>> #          Cu+, Ag+ NH4+, H3O+.  Since we load Joung-Cheatham second,
>> #          the alkali halide parameters come from the Joung-Cheatham set
>> #
>> addAtomTypes {
>> 	{ "HW"  "H" "sp3" }
>> 	{ "OW"  "O" "sp3" }
>> 	{ "F-"   "F" "sp3" }
>> 	{ "Cl-"  "Cl" "sp3" }
>> 	{ "Br-"  "Br" "sp3" }
>> 	{ "I-"   "I"  "sp3" }
>> 	{ "Li+"  "Li"  "sp3" }
>> 	{ "Na+"  "Na"  "sp3" }
>> 	{ "K+"  "K"  "sp3" }
>> 	{ "Rb+"  "Rb"  "sp3" }
>> 	{ "Cs+"  "Cs"  "sp3" }
>> 	{ "Mg+"  "Mg"  "sp3" }
>>     { "Tl+"  "Tl"  "sp3" }
>>     { "Cu+"  "Cu"  "sp3" }
>>     { "Ag+"  "Ag"  "sp3" }
>>     { "NH4+"  "N"  "sp3" }
>>     { "H3O+"  "O"  "sp3" }
>>     { "Be2+" "Be"  "sp3" }
>>     { "Cu2+" "Cu"  "sp3" }
>>     { "Ni2+" "Ni"  "sp3" }
>>     { "Pt2+" "Pt"  "sp3" }
>>     { "Zn2+" "Zn"  "sp3" }
>>     { "Co2+" "Co"  "sp3" }
>>     { "Pd2+" "Pd"  "sp3" }
>>     { "Ag2+" "Ag"  "sp3" }
>>     { "Cr2+" "Cr"  "sp3" }
>>     { "Fe2+" "Fe"  "sp3" }
>>     { "Mg2+" "Mg"  "sp3" }
>>     { "V2+"  "V"   "sp3" }
>>     { "Mn2+" "Mn"  "sp3" }
>>     { "Hg2+" "Hg"  "sp3" }
>>     { "Cd2+" "Cd"  "sp3" }
>>     { "Yb2+" "Yb"  "sp3" }
>>     { "Ca2+" "Ca"  "sp3" }
>>     { "Sn2+" "Sn"  "sp3" }
>>     { "Pb2+" "Pb"  "sp3" }
>>     { "Eu2+" "Eu"  "sp3" }
>>     { "Sr2+" "Sr"  "sp3" }
>>     { "Sm2+" "Sm"  "sp3" }
>>     { "Ba2+" "Ba"  "sp3" }
>>     { "Ra2+" "Ra"  "sp3" }
>>     { "Al3+" "Al"  "sp3" }
>>     { "Fe3+" "Fe"  "sp3" }
>>     { "Cr3+" "Cr"  "sp3" }
>>     { "In3+" "In"  "sp3" }
>>     { "Tl3+" "Tl"  "sp3" }
>>     { "Y3+"  "Y"   "sp3" }
>>     { "La3+" "La"  "sp3" }
>>     { "Ce3+" "Ce"  "sp3" }
>>     { "Pr3+" "Pr"  "sp3" }
>>     { "Nd3+" "Nd"  "sp3" }
>>     { "Sm3+" "Sm"  "sp3" }
>>     { "Eu3+" "Eu"  "sp3" }
>>     { "Gd3+" "Gd"  "sp3" }
>>     { "Tb3+" "Tb"  "sp3" }
>>     { "Dy3+" "Dy"  "sp3" }
>>     { "Er3+" "Er"  "sp3" }
>>     { "Tm3+" "Tm"  "sp3" }
>>     { "Lu3+" "Lu"  "sp3" }
>>     { "Hf4+" "Hf"  "sp3" }
>>     { "Zr4+" "Zr"  "sp3" }
>>     { "Ce4+" "Ce"  "sp3" }
>>     { "U4+"  "U"   "sp3" }
>>     { "Pu4+" "Pu"  "sp3" }
>>     { "Th4+" "Th"  "sp3" }
>> }
>> loadOff atomic_ions.lib
Loading library: /home/btan/miniconda3/envs/openbiosim/dat/leap/lib/atomic_ions.lib
Loading: AG
Loading: AL
Loading: Ag
Loading: BA
Loading: BR
Loading: Be
Loading: CA
Loading: CD
Loading: CE
Loading: CL
Loading: CO
Loading: CR
Loading: CS
Loading: CU
Loading: CU1
Loading: Ce
Loading: Cl-
Loading: Cr
Loading: Dy
Loading: EU
Loading: EU3
Loading: Er
Loading: F
Loading: FE
Loading: FE2
Loading: GD3
Loading: H3O+
Loading: HE+
Loading: HG
Loading: HZ+
Loading: Hf
Loading: IN
Loading: IOD
Loading: K
Loading: K+
Loading: LA
Loading: LI
Loading: LU
Loading: MG
Loading: MN
Loading: NA
Loading: NH4
Loading: NI
Loading: Na+
Loading: Nd
Loading: PB
Loading: PD
Loading: PR
Loading: PT
Loading: Pu
Loading: RB
Loading: Ra
Loading: SM
Loading: SR
Loading: Sm
Loading: Sn
Loading: TB
Loading: TL
Loading: Th
Loading: Tl
Loading: Tm
Loading: U4+
Loading: V2+
Loading: Y
Loading: YB2
Loading: ZN
Loading: Zr
>> loadOff solvents.lib
Loading library: /home/btan/miniconda3/envs/openbiosim/dat/leap/lib/solvents.lib
Loading: CHCL3BOX
Loading: DC4
Loading: FB3
Loading: FB3BOX
Loading: FB4
Loading: FB4BOX
Loading: MEOHBOX
Loading: NMABOX
Loading: O3P
Loading: OP3
Loading: OPC
Loading: OPC3BOX
Loading: OPC3POLBOX
Loading: OPCBOX
Loading: PL3
Loading: POL3BOX
Loading: QSPCFWBOX
Loading: SPC
Loading: SPCBOX
Loading: SPCFWBOX
Loading: SPF
Loading: SPG
Loading: T4E
Loading: TIP3PBOX
Loading: TIP3PFBOX
Loading: TIP4PBOX
Loading: TIP4PEWBOX
Loading: TIP5PBOX
Loading: TP3
Loading: TP4
Loading: TP5
Loading: TPF
>> HOH = TP3
>> WAT = TP3
>> loadAmberParams frcmod.tip3p
Loading parameters: /home/btan/miniconda3/envs/openbiosim/dat/leap/parm/frcmod.tip3p
Reading force field modification type file (frcmod)
Reading title:
This is the additional/replacement parameter set for TIP3P water
>> loadAmberParams frcmod.ions1lm_126_tip3p
Loading parameters: /home/btan/miniconda3/envs/openbiosim/dat/leap/parm/frcmod.ions1lm_126_tip3p
Reading force field modification type file (frcmod)
Reading title:
Li/Merz ion parameters of monovalent ions for TIP3P water model (12-6 normal usage set)
>> loadAmberParams frcmod.ionsjc_tip3p
Loading parameters: /home/btan/miniconda3/envs/openbiosim/dat/leap/parm/frcmod.ionsjc_tip3p
Reading force field modification type file (frcmod)
Reading title:
Monovalent ion parameters for Ewald and TIP3P water from Joung & Cheatham JPCB (2008)
>> loadAmberParams frcmod.ions234lm_126_tip3p
Loading parameters: /home/btan/miniconda3/envs/openbiosim/dat/leap/parm/frcmod.ions234lm_126_tip3p
Reading force field modification type file (frcmod)
Reading title:
Li/Merz ion parameters of divalent to tetravalent ions for TIP3P water model (12-6 normal usage set)
>> 
> 
> addAtomTypes { { "ZN" "Zn" "sp3" } { "S3" "S" "sp3" } } #Add atom types for the ZAFF metal center with Center ID 1
> loadamberparams frcmod.ions1lm_126_tip3p
Loading parameters: /home/btan/miniconda3/envs/openbiosim/dat/leap/parm/frcmod.ions1lm_126_tip3p
Reading force field modification type file (frcmod)
Reading title:
Li/Merz ion parameters of monovalent ions for TIP3P water model (12-6 normal usage set)
> loadamberprep ZAFF.prep #Load ZAFF prep file
Loading Prep file: ./ZAFF.prep
(UNKNOWN ATOM TYPE: S1)
(UNKNOWN ATOM TYPE: S2)
(UNKNOWN ATOM TYPE: N1)
(UNKNOWN ATOM TYPE: S4)
(UNKNOWN ATOM TYPE: S5)
(UNKNOWN ATOM TYPE: N4)
(UNKNOWN ATOM TYPE: D1)
(UNKNOWN ATOM TYPE: E1)
(UNKNOWN ATOM TYPE: D2)
(UNKNOWN ATOM TYPE: D2)
(UNKNOWN ATOM TYPE: E2)
(UNKNOWN ATOM TYPE: NR)
(UNKNOWN ATOM TYPE: N5)
(UNKNOWN ATOM TYPE: N6)
(UNKNOWN ATOM TYPE: N7)
(UNKNOWN ATOM TYPE: O1)
(UNKNOWN ATOM TYPE: N8)
(UNKNOWN ATOM TYPE: N9)
(UNKNOWN ATOM TYPE: N0)
(UNKNOWN ATOM TYPE: O3)
(UNKNOWN ATOM TYPE: O4)
Loaded UNIT: AP1
Loaded UNIT: AP2
Loaded UNIT: CY1
Loaded UNIT: CY2
Loaded UNIT: CY3
Loaded UNIT: CY4
Loaded UNIT: CY5
Loaded UNIT: HD1
Loaded UNIT: HD2
Loaded UNIT: HD3
Loaded UNIT: HD4
Loaded UNIT: HD5
Loaded UNIT: HD6
Loaded UNIT: HD7
Loaded UNIT: HD8
Loaded UNIT: HD9
Loaded UNIT: HDA
Loaded UNIT: HDD
Loaded UNIT: HE1
Loaded UNIT: HE2
Loaded UNIT: HE3
Loaded UNIT: HE4
Loaded UNIT: HE5
Loaded UNIT: HE6
Loaded UNIT: OH1
Loaded UNIT: WT1
Loaded UNIT: WT2
Loaded UNIT: WT3
Loaded UNIT: Z10
Loaded UNIT: Z11
Loaded UNIT: Z12
Loaded UNIT: ZN1
Loaded UNIT: ZN2
Loaded UNIT: ZN3
Loaded UNIT: ZN4
Loaded UNIT: ZN5
Loaded UNIT: ZN6
Loaded UNIT: ZN7
Loaded UNIT: ZN8
Loaded UNIT: ZN9
> loadamberparams ZAFF.frcmod #Load ZAFF frcmod file
Loading parameters: ./ZAFF.frcmod
Reading force field modification type file (frcmod)
Reading title:
ZAFF parameter set created by MTK++/MCPB 
(UNKNOWN ATOM TYPE: S1)
(UNKNOWN ATOM TYPE: S2)
(UNKNOWN ATOM TYPE: N1)
(UNKNOWN ATOM TYPE: S4)
(UNKNOWN ATOM TYPE: S5)
(UNKNOWN ATOM TYPE: N4)
(UNKNOWN ATOM TYPE: N5)
(UNKNOWN ATOM TYPE: N6)
(UNKNOWN ATOM TYPE: N7)
(UNKNOWN ATOM TYPE: O1)
(UNKNOWN ATOM TYPE: N8)
(UNKNOWN ATOM TYPE: N9)
(UNKNOWN ATOM TYPE: N0)
(UNKNOWN ATOM TYPE: O3)
(UNKNOWN ATOM TYPE: O4)
(UNKNOWN ATOM TYPE: E1)
(UNKNOWN ATOM TYPE: D1)
(UNKNOWN ATOM TYPE: E2)
(UNKNOWN ATOM TYPE: D2)
(UNKNOWN ATOM TYPE: NR)
> 
> mol = loadpdb 0.9_modified.pdb # Load the PDB file
Loading PDB file: ./0.9_modified.pdb
Matching PDB residue names to LEaP variables.
Mapped residue ASP, term: Terminal/beginning, seq. number: 0 to: NASP.
Mapped residue PRO, term: Terminal/last, seq. number: 136 to: CPRO.
Mapped residue GLU, term: Terminal/beginning, seq. number: 137 to: NGLU.
Mapped residue THR, term: Terminal/last, seq. number: 311 to: CTHR.
Mapped residue PHE, term: Terminal/beginning, seq. number: 313 to: NPHE.
Mapped residue GLN, term: Terminal/last, seq. number: 605 to: CGLN.
  total atoms in file: 4940
  Leap added 4946 missing atoms according to residue templates:
       4946 H / lone pairs
> 
> bond mol.313.ZN mol.210.SG #Bond zinc ion with SG atom of residue CYM
> bond mol.313.ZN mol.213.SG #Bond zinc ion with SG atom of residue CYM
> bond mol.313.ZN mol.278.SG #Bond zinc ion with SG atom of residue CYM
> bond mol.313.ZN mol.281.SG #Bond zinc ion with SG atom of residue CYM
> solvateOct mol TIP3PBOX 15.0
Scaling up box by a factor of 1.327610 to meet diagonal cut criterion
  Solute vdw bounding box:              98.334 65.073 60.312
  Total bounding box for atom centers:  138.162 138.162 138.162
      (box expansion for 'iso' is  81.7%)
  Solvent unit box:                     18.774 18.774 18.774
The number of boxes:  x= 8  y= 8  z= 8
  Volume: 1347518.979 A^3 (oct)
  Total mass 748313.088 amu,  Density 0.922 g/cc
  Added 37635 residues.
> 
> addions mol CL 0
6 CL ions required to neutralize.
Adding 6 counter ions to "mol" using 1A grid
Total solute charge:   6.00  Max atom radius:   2.00
Grid extends from solute vdw + 4.31  to  10.31
Box:
   enclosing:  -46.52 -49.08 -50.63   49.86 47.95 54.35
   sized:			      81.48 78.92 77.37
   edge:        128.00
Resolution:      1.00 Angstrom.
Tree depth: 7
Volume =  6.05% of box, grid points 126953
Solvent present: replacing closest with ion
	 when steric overlaps occur
Calculating grid charges
(Replacing solvent molecule)
Placed CL in mol at (-6.67, 22.51, -27.99).
(Replacing solvent molecule)
Placed CL in mol at (-1.63, -24.25, -2.53).
(Replacing solvent molecule)
Placed CL in mol at (-12.09, 17.40, 8.24).
(Replacing solvent molecule)
Placed CL in mol at (-8.86, 28.22, -4.00).
(Replacing solvent molecule)
Placed CL in mol at (-10.45, 37.74, -34.88).
(Replacing solvent molecule)
Placed CL in mol at (-11.75, -12.30, -4.95).

Done adding ions.
> 
> savepdb mol system_solvated.pdb #Save the pdb file
Writing pdb file: system_solvated.pdb
   printing CRYST1 record to PDB file with box info

/home/btan/miniconda3/envs/openbiosim/bin/teLeap: Warning!
 Converting N-terminal residue name to PDB format: NASP -> ASP

/home/btan/miniconda3/envs/openbiosim/bin/teLeap: Warning!
 Converting C-terminal residue name to PDB format: CPRO -> PRO

/home/btan/miniconda3/envs/openbiosim/bin/teLeap: Warning!
 Converting N-terminal residue name to PDB format: NGLU -> GLU

/home/btan/miniconda3/envs/openbiosim/bin/teLeap: Warning!
 Converting C-terminal residue name to PDB format: CTHR -> THR

/home/btan/miniconda3/envs/openbiosim/bin/teLeap: Warning!
 Converting N-terminal residue name to PDB format: NPHE -> PHE

/home/btan/miniconda3/envs/openbiosim/bin/teLeap: Warning!
 Converting C-terminal residue name to PDB format: CGLN -> GLN
> saveamberparm mol system.prmtop system.inpcrd #Save the topology and coordinate files
Checking Unit.
Building topology.
Building atom parameters.
Building bond parameters.
Building angle parameters.
Building proper torsion parameters.
Building improper torsion parameters.
old PREP-specified impropers:
 <CY1 210>:  -M   CA   N    HN  
 <CY1 210>:  CA   +M   C    O   
 <CY1 213>:  -M   CA   N    HN  
 <CY1 213>:  CA   +M   C    O   
 <CY1 278>:  -M   CA   N    HN  
 <CY1 278>:  CA   +M   C    O   
 <CY1 281>:  -M   CA   N    HN  
 <CY1 281>:  CA   +M   C    O   
 total 2012 improper torsions applied
 8 improper torsions in old prep form
Building H-Bond parameters.
Incorporating Non-Bonded adjustments.
Not Marking per-residue atom chain types.
Marking per-residue atom chain types.
  (Residues lacking connect0/connect1 - 
   these don't have chain types marked:

	res	total affected

	CGLN	1
	CPRO	1
	CTHR	1
	NASP	1
	NGLU	1
	NPHE	1
	WAT	37629
  )
 (no restraints)
> quit #Quit tleap
	Quit

Exiting LEaP: Errors = 0; Warnings = 6; Notes = 0.
