# /home/btan/Software/WHAM/wham/wham/wham 0.0 0.6 200 1e-06 300 0 /home/btan/Documents/CRBN_CK1a/umbrella_sampling/RMSD/results/backbone_RMSD/CRBN_only/run3//metafile.txt /home/btan/Documents/CRBN_CK1a/umbrella_sampling/RMSD/results/backbone_RMSD/CRBN_only/run3//pmf.txt
#Number of windows = 11
#Iteration 10:  0.101272
#Iteration 20:  0.049346
#Iteration 30:  0.033151
#Iteration 40:  0.027345
#Iteration 50:  0.026347
#Iteration 60:  0.025086
#Iteration 70:  0.023072
#Iteration 80:  0.020890
#Iteration 90:  0.018790
#Iteration 100:  0.016866
0.001500	inf	0.000000
0.004500	inf	0.000000
0.007500	inf	0.000000
0.010500	inf	0.000000
0.013500	inf	0.000000
0.016500	inf	0.000000
0.019500	inf	0.000000
0.022500	inf	0.000000
0.025500	inf	0.000000
0.028500	inf	0.000000
0.031500	inf	0.000000
0.034500	inf	0.000000
0.037500	inf	0.000000
0.040500	inf	0.000000
0.043500	inf	0.000000
0.046500	inf	0.000000
0.049500	inf	0.000000
0.052500	inf	0.000000
0.055500	inf	0.000000
0.058500	inf	0.000000
0.061500	inf	0.000000
0.064500	inf	0.000000
0.067500	inf	0.000000
0.070500	inf	0.000000
0.073500	inf	0.000000
0.076500	inf	0.000000
0.079500	inf	0.000000
0.082500	13.424435	13306.728341
0.085500	11.223735	537908.958586
0.088500	9.609635	8111376.600532
0.091500	8.150726	94228310.571575
0.094500	6.874906	804644158.180254
0.097500	5.727868	5533597193.909529
0.100500	4.815479	25650987296.866753
0.103500	4.040481	94383658274.505295
0.106500	3.382355	285342418808.851929
0.109500	2.856427	690755661601.184937
0.112500	2.428063	1419235108680.184814
0.115500	1.996435	2932027387688.790527
0.118500	1.586476	5840658784520.636719
0.121500	1.214022	10923807572013.947266
0.124500	0.910304	18201461164581.609375
0.127500	0.673703	27091819802989.332031
0.130500	0.546478	33552127244000.179688
0.133500	0.505909	35920095473498.648438
0.136500	0.570207	32240081816298.484375
0.139500	0.715093	25270932149653.347656
0.142500	0.798283	21972906906816.871094
0.145500	0.756957	23553625522384.453125
0.148500	0.605554	30380236358886.460938
0.151500	0.386856	43878610662659.289062
0.154500	0.203420	59727135404180.859375
0.157500	0.064930	75383698016071.578125
0.160500	0.000000	84077575213818.171875
0.163500	0.002999	83654737739428.281250
0.166500	0.062039	75750932621824.890625
0.169500	0.209159	59153771213952.789062
0.172500	0.381634	44265478969026.453125
0.175500	0.624019	29451713500549.312500
0.178500	0.885983	18961024233906.472656
0.181500	1.175844	11647873156029.794922
0.184500	1.450762	7337368955942.187500
0.187500	1.733199	4563993254537.041992
0.190500	1.956933	3133331558101.823242
0.193500	2.196789	2093621430564.688232
0.196500	2.469216	1324374018713.816895
0.199500	2.766050	804090501204.775635
0.202500	3.054238	495348294771.933533
0.205500	3.363020	294769470326.863647
0.208500	3.698717	167650165686.097900
0.211500	4.006855	99872400520.105179
0.214500	4.256853	65604404318.245850
0.217500	4.516446	42404774988.307159
0.220500	4.707897	30735813264.667618
0.223500	4.927954	21231966962.420082
0.226500	5.147324	14683778888.520967
0.229500	5.375557	10004941831.626623
0.232500	5.581198	7080843726.008283
0.235500	5.837216	4604445489.045038
0.238500	6.079886	3062060567.513871
0.241500	6.235672	2356576209.097716
0.244500	6.236217	2354418036.459808
0.247500	6.238106	2346953764.897231
0.250500	6.145132	2743977382.686200
0.253500	6.134434	2793770688.720490
0.256500	6.123923	2843573534.503865
0.259500	6.160812	2672596132.735266
0.262500	6.191589	2537841145.855958
0.265500	6.282205	2179261573.362127
0.268500	6.368061	1886381062.049288
0.271500	6.478740	1566128657.552061
0.274500	6.593713	1290893585.311536
0.277500	6.707288	1066532808.272540
0.280500	6.781188	941940420.068658
0.283500	6.887128	788280247.423201
0.286500	7.028649	621387219.648420
0.289500	7.202561	463870681.624833
0.292500	7.426971	318100637.937408
0.295500	7.637682	223219934.449288
0.298500	7.836497	159803807.418494
0.301500	8.052475	111150261.533119
0.304500	8.243877	80570578.277153
0.307500	8.481486	54039097.261905
0.310500	8.766852	33448348.043912
0.313500	9.115230	18622519.399655
0.316500	9.479601	10093146.046253
0.319500	9.892262	5043829.486208
0.322500	10.321139	2452762.053771
0.325500	10.777101	1139665.321297
0.328500	11.218898	542300.621292
0.331500	11.678004	250648.939275
0.334500	12.130987	117047.507160
0.337500	12.545440	58316.064386
0.340500	13.084125	23578.521019
0.343500	13.452446	12694.665014
0.346500	13.804662	7022.365782
0.349500	14.069163	4501.763051
0.352500	14.413652	2522.818080
0.355500	14.336880	2870.341833
0.358500	14.329631	2905.532850
0.361500	14.240694	3374.075229
0.364500	14.212089	3540.283366
0.367500	14.142075	3982.469076
0.370500	14.172989	3780.796948
0.373500	14.203959	3589.002728
0.376500	14.268002	3222.691261
0.379500	14.353336	2792.030701
0.382500	14.422789	2484.362091
0.385500	14.479367	2258.966622
0.388500	14.553491	1994.321184
0.391500	14.616804	1792.970048
0.394500	14.666895	1648.177869
0.397500	14.720662	1505.741921
0.400500	14.837515	1237.204658
0.403500	14.898154	1117.304250
0.406500	15.011550	923.392056
0.409500	15.113187	778.368341
0.412500	15.234191	635.104025
0.415500	15.307730	561.250982
0.418500	15.450106	441.789105
0.421500	15.622301	330.752218
0.424500	15.822574	236.206511
0.427500	16.064708	157.224329
0.430500	16.103857	147.210631
0.433500	16.640531	59.722215
0.436500	17.150206	25.353862
0.439500	inf	0.000000
0.442500	inf	0.000000
0.445500	inf	0.000000
0.448500	inf	0.000000
0.451500	inf	0.000000
0.454500	inf	0.000000
0.457500	inf	0.000000
0.460500	inf	0.000000
0.463500	inf	0.000000
0.466500	inf	0.000000
0.469500	inf	0.000000
0.472500	inf	0.000000
0.475500	inf	0.000000
0.478500	inf	0.000000
0.481500	inf	0.000000
0.484500	inf	0.000000
0.487500	inf	0.000000
0.490500	inf	0.000000
0.493500	inf	0.000000
0.496500	inf	0.000000
0.499500	inf	0.000000
0.502500	inf	0.000000
0.505500	inf	0.000000
0.508500	inf	0.000000
0.511500	inf	0.000000
0.514500	inf	0.000000
0.517500	inf	0.000000
0.520500	inf	0.000000
0.523500	inf	0.000000
0.526500	inf	0.000000
0.529500	inf	0.000000
0.532500	inf	0.000000
0.535500	inf	0.000000
0.538500	inf	0.000000
0.541500	inf	0.000000
0.544500	inf	0.000000
0.547500	inf	0.000000
0.550500	inf	0.000000
0.553500	inf	0.000000
0.556500	inf	0.000000
0.559500	inf	0.000000
0.562500	inf	0.000000
0.565500	inf	0.000000
0.568500	inf	0.000000
0.571500	inf	0.000000
0.574500	inf	0.000000
0.577500	inf	0.000000
0.580500	inf	0.000000
0.583500	inf	0.000000
0.586500	inf	0.000000
0.589500	inf	0.000000
0.592500	inf	0.000000
0.595500	inf	0.000000
0.598500	inf	0.000000

# Dumping simulation biases, in the metadata file order 
# Window  F (free energy units)
# 0	0.000000
# 1	-10.038811
# 2	-16.405035
# 3	-19.447591
# 4	-20.207906
# 5	-18.798467
# 6	-15.461957
# 7	-13.851909
# 8	-11.886590
# 9	-8.021920
# 10	-5.767444
#Iteration 110:  0.015145
#Iteration 120:  0.013620
#Iteration 130:  0.012274
#Iteration 140:  0.011084
#Iteration 150:  0.010029
#Iteration 160:  0.009091
#Iteration 170:  0.008252
#Iteration 180:  0.007499
#Iteration 190:  0.006820
#Iteration 200:  0.006207
0.001500	inf	0.000000
0.004500	inf	0.000000
0.007500	inf	0.000000
0.010500	inf	0.000000
0.013500	inf	0.000000
0.016500	inf	0.000000
0.019500	inf	0.000000
0.022500	inf	0.000000
0.025500	inf	0.000000
0.028500	inf	0.000000
0.031500	inf	0.000000
0.034500	inf	0.000000
0.037500	inf	0.000000
0.040500	inf	0.000000
0.043500	inf	0.000000
0.046500	inf	0.000000
0.049500	inf	0.000000
0.052500	inf	0.000000
0.055500	inf	0.000000
0.058500	inf	0.000000
0.061500	inf	0.000000
0.064500	inf	0.000000
0.067500	inf	0.000000
0.070500	inf	0.000000
0.073500	inf	0.000000
0.076500	inf	0.000000
0.079500	inf	0.000000
0.082500	12.999694	13300.959714
0.085500	10.799206	537484.125832
0.088500	9.185488	8099755.357091
0.091500	7.727264	93985244.605912
0.094500	6.452641	800954528.853197
0.097500	5.307638	5489411832.176791
0.100500	4.398556	25305078079.425884
0.103500	3.628629	92320540177.713120
0.106500	2.977765	275719022001.830566
0.109500	2.461473	656734177809.850830
0.112500	2.044896	1322863840344.165283
0.115500	1.626691	2671953263876.620605
0.118500	1.231485	5192198484536.688477
0.121500	0.875142	9451545078761.998047
0.124500	0.588630	15299342151593.335938
0.127500	0.369496	22113290031905.910156
0.130500	0.259486	26605209938349.488281
0.133500	0.236872	27636085640446.792969
0.136500	0.322409	23934761295586.996094
0.139500	0.494748	17914807776324.492188
0.142500	0.612879	14688234342395.134766
0.145500	0.611668	14718165328019.589844
0.148500	0.500070	17755248351509.351562
0.151500	0.315749	24204251631250.140625
0.154500	0.159730	31462583790994.121094
0.157500	0.043743	38235924862227.210938
0.160500	0.000000	41153466256118.187500
0.163500	0.025949	39396888426559.703125
0.166500	0.110669	34167380808530.890625
0.169500	0.284590	25505807742473.464844
0.172500	0.482436	18289426141815.777344
0.175500	0.747874	11706186537071.744141
0.178500	1.032479	7254996641513.038086
0.181500	1.348478	4265206694442.559570
0.184500	1.657246	2538176060372.715332
0.187500	1.983389	1466960081194.549561
0.190500	2.258224	924215325986.289917
0.193500	2.549417	566481023063.172119
0.196500	2.865615	332922383870.585022
0.199500	3.194725	191457961816.510498
0.202500	3.504268	113786078416.264206
0.205500	3.826278	66222171465.530426
0.208500	4.170041	37156667571.071091
0.211500	4.483420	21940768042.444080
0.214500	4.737580	14312015589.935003
0.217500	5.001739	9180140999.593094
0.220500	5.199805	6580358638.054012
0.223500	5.430838	4462541630.438075
0.226500	5.669111	2989713246.256860
0.229500	5.929563	1929678230.877522
0.232500	6.187939	1249842667.228030
0.235500	6.524497	709820054.993485
0.238500	6.878490	391483682.850231
0.241500	7.169746	239927332.503185
0.244500	7.312870	188621354.696358
0.247500	7.443942	151321475.970380
0.250500	7.452685	149113755.154390
0.253500	7.513172	134697444.458705
0.256500	7.548384	126955727.518346
0.259500	7.613308	113829309.102644
0.262500	7.661416	104986212.103489
0.265500	7.763918	88369005.201663
0.268500	7.860124	75173337.076010
0.271500	7.982851	61159797.093671
0.274500	8.114510	49017090.012069
0.277500	8.251688	38922456.793370
0.280500	8.356390	32640847.960049
0.283500	8.497317	25755910.546090
0.286500	8.672636	19181562.457537
0.289500	8.874790	13655241.968647
0.292500	9.120916	9028462.162950
0.295500	9.348758	6155679.345550
0.298500	9.563252	4292231.148724
0.301500	9.796337	2900796.476055
0.304500	10.007715	2033291.013587
0.307500	10.267258	1314370.017832
0.310500	10.573632	785320.804778
0.313500	10.939242	424747.653247
0.316500	11.315977	225471.999962
0.319500	11.736739	111150.668204
0.322500	12.170756	53586.435323
0.325500	12.630180	24754.218929
0.328500	13.074843	11722.479352
0.331500	13.537221	5388.365582
0.334500	13.995061	2495.788626
0.337500	14.417675	1226.521396
0.340500	14.970565	484.209863
0.343500	15.363429	250.161369
0.346500	15.756667	129.161776
0.349500	16.085784	74.277904
0.352500	16.523347	35.596974
0.355500	16.565481	33.162949
0.358500	16.689818	26.907935
0.361500	16.725728	25.331657
0.364500	16.799226	22.387528
0.367500	16.802623	22.260031
0.370500	16.881308	19.502105
0.373500	16.941274	17.632032
0.376500	17.022154	15.390608
0.379500	17.117006	13.122258
0.382500	17.191758	11.572711
0.385500	17.251260	10.471173
0.388500	17.326989	9.219518
0.391500	17.391182	8.276448
0.394500	17.441754	7.601929
0.397500	17.495784	6.941899
0.400500	17.612780	5.702489
0.403500	17.673498	5.149168
0.406500	17.786936	4.255205
0.409500	17.888597	3.586761
0.412500	18.009614	2.926529
0.415500	18.083160	2.586187
0.418500	18.225539	2.035706
0.421500	18.397737	1.524057
0.424500	18.598011	1.088403
0.427500	18.840146	0.724464
0.430500	18.879295	0.678322
0.433500	19.415969	0.275190
0.436500	19.925644	0.116826
0.439500	inf	0.000000
0.442500	inf	0.000000
0.445500	inf	0.000000
0.448500	inf	0.000000
0.451500	inf	0.000000
0.454500	inf	0.000000
0.457500	inf	0.000000
0.460500	inf	0.000000
0.463500	inf	0.000000
0.466500	inf	0.000000
0.469500	inf	0.000000
0.472500	inf	0.000000
0.475500	inf	0.000000
0.478500	inf	0.000000
0.481500	inf	0.000000
0.484500	inf	0.000000
0.487500	inf	0.000000
0.490500	inf	0.000000
0.493500	inf	0.000000
0.496500	inf	0.000000
0.499500	inf	0.000000
0.502500	inf	0.000000
0.505500	inf	0.000000
0.508500	inf	0.000000
0.511500	inf	0.000000
0.514500	inf	0.000000
0.517500	inf	0.000000
0.520500	inf	0.000000
0.523500	inf	0.000000
0.526500	inf	0.000000
0.529500	inf	0.000000
0.532500	inf	0.000000
0.535500	inf	0.000000
0.538500	inf	0.000000
0.541500	inf	0.000000
0.544500	inf	0.000000
0.547500	inf	0.000000
0.550500	inf	0.000000
0.553500	inf	0.000000
0.556500	inf	0.000000
0.559500	inf	0.000000
0.562500	inf	0.000000
0.565500	inf	0.000000
0.568500	inf	0.000000
0.571500	inf	0.000000
0.574500	inf	0.000000
0.577500	inf	0.000000
0.580500	inf	0.000000
0.583500	inf	0.000000
0.586500	inf	0.000000
0.589500	inf	0.000000
0.592500	inf	0.000000
0.595500	inf	0.000000
0.598500	inf	0.000000

# Dumping simulation biases, in the metadata file order 
# Window  F (free energy units)
# 0	0.000000
# 1	-10.020773
# 2	-16.339828
# 3	-19.299950
# 4	-19.807522
# 5	-18.242950
# 6	-14.567800
# 7	-11.960804
# 8	-9.768546
# 9	-5.765200
# 10	-2.595658
#Iteration 210:  0.005651
#Iteration 220:  0.005146
#Iteration 230:  0.004688
#Iteration 240:  0.004270
#Iteration 250:  0.003890
#Iteration 260:  0.003543
#Iteration 270:  0.003227
#Iteration 280:  0.002939
#Iteration 290:  0.002677
#Iteration 300:  0.002437
0.001500	inf	0.000000
0.004500	inf	0.000000
0.007500	inf	0.000000
0.010500	inf	0.000000
0.013500	inf	0.000000
0.016500	inf	0.000000
0.019500	inf	0.000000
0.022500	inf	0.000000
0.025500	inf	0.000000
0.028500	inf	0.000000
0.031500	inf	0.000000
0.034500	inf	0.000000
0.037500	inf	0.000000
0.040500	inf	0.000000
0.043500	inf	0.000000
0.046500	inf	0.000000
0.049500	inf	0.000000
0.052500	inf	0.000000
0.055500	inf	0.000000
0.058500	inf	0.000000
0.061500	inf	0.000000
0.064500	inf	0.000000
0.067500	inf	0.000000
0.070500	inf	0.000000
0.073500	inf	0.000000
0.076500	inf	0.000000
0.079500	inf	0.000000
0.082500	12.846920	13298.889381
0.085500	10.646508	537331.672424
0.088500	9.032929	8095585.860897
0.091500	7.574950	93898068.858362
0.094500	6.300757	799632114.089174
0.097500	5.156488	5473593848.130273
0.100500	4.248602	25181506128.258091
0.103500	3.480513	91586283559.761826
0.106500	2.832286	272316389776.679779
0.109500	2.319490	644828684196.296509
0.112500	1.907174	1289611208461.554932
0.115500	1.493809	2583679334355.065430
0.118500	1.103924	4975963762759.424805
0.121500	0.753387	8969935368436.554688
0.124500	0.473071	14369319281744.583984
0.127500	0.260274	20548999767932.730469
0.130500	0.156709	24456769755776.453125
0.133500	0.141178	25103656020697.398438
0.136500	0.235427	21425442643990.031250
0.139500	0.418965	15737544982820.867188
0.142500	0.550692	12611555124859.529297
0.145500	0.564003	12332496246883.361328
0.148500	0.465755	14547136259702.759766
0.151500	0.292325	19471136016380.152344
0.154500	0.144882	24947860646753.558594
0.157500	0.036263	29945480927956.207031
0.160500	0.000000	31827704229723.156250
0.163500	0.034445	30037140098315.023438
0.166500	0.128711	25635346540244.105469
0.169500	0.312444	18823633443154.359375
0.172500	0.519557	13289191311899.656250
0.175500	0.793759	8381384713962.099609
0.178500	1.087669	5113805009400.824219
0.181500	1.415068	2949334464646.680176
0.184500	1.738552	1712230334491.823730
0.187500	2.082570	960306073636.431152
0.190500	2.376365	586033368462.917480
0.193500	2.684619	349042894513.476318
0.196500	3.013965	200649191989.389801
0.199500	3.352062	113659949161.692963
0.202500	3.667314	66904467737.423477
0.205500	3.992906	38703850138.080856
0.208500	4.339119	21627145258.800961
0.211500	4.654618	12725257865.406153
0.214500	4.911317	8265350171.932137
0.217500	5.179339	5267321969.083462
0.220500	5.383901	3734636136.736047
0.223500	5.626057	2485768210.509094
0.226500	5.882918	1614124011.082411
0.229500	6.172708	991684970.283169
0.232500	6.473277	598330180.776617
0.235500	6.863060	310725369.333554
0.238500	7.274170	155683635.898163
0.241500	7.617032	87485157.238519
0.244500	7.799997	64321944.313290
0.247500	7.958238	49298572.286887
0.250500	7.983990	47209998.138626
0.253500	8.054613	41925165.551541
0.256500	8.095797	39120858.170369
0.259500	8.164406	34859401.620043
0.262500	8.215175	32007766.404676
0.265500	8.320245	26825512.623796
0.268500	8.419769	22692912.242197
0.271500	8.547460	18309140.759429
0.274500	8.686644	14489582.196527
0.277500	8.834446	11301908.570891
0.280500	8.952372	9269565.385245
0.283500	9.107319	7143963.642700
0.286500	9.295261	5208715.653756
0.289500	9.507429	3646160.433628
0.292500	9.761155	2380133.641409
0.295500	9.995253	1605817.109078
0.298500	10.215940	1108107.465175
0.301500	10.456171	739944.553922
0.304500	10.675958	511378.207419
0.307500	10.944503	325603.711195
0.310500	11.259177	191848.741845
0.313500	11.631375	102620.206172
0.316500	12.012783	54048.414274
0.319500	12.436721	26502.355099
0.322500	12.873057	12727.222345
0.325500	13.334617	5858.257511
0.328500	13.781960	2761.738947
0.331500	14.248508	1260.594889
0.334500	14.713439	576.964465
0.337500	15.148305	277.761625
0.340500	15.721909	105.902929
0.343500	16.148065	51.735665
0.346500	16.590519	24.590802
0.349500	16.984150	12.688194
0.352500	17.494290	5.382304
0.355500	17.605363	4.465587
0.358500	17.785393	3.299487
0.361500	17.860630	2.907496
0.364500	17.959289	2.463158
0.367500	17.977769	2.387815
0.370500	18.065139	2.061651
0.373500	18.129992	1.848711
0.376500	18.213584	1.606358
0.379500	18.309930	1.366168
0.382500	18.385502	1.203184
0.385500	18.445453	1.087839
0.388500	18.521428	0.957411
0.391500	18.585755	0.859283
0.394500	18.636400	0.789155
0.397500	18.690470	0.720589
0.400500	18.807488	0.591913
0.403500	18.868218	0.534468
0.406500	18.981663	0.441673
0.409500	19.083327	0.372289
0.412500	19.204346	0.303759
0.415500	19.277893	0.268433
0.418500	19.420273	0.211295
0.421500	19.592470	0.158189
0.424500	19.792745	0.112970
0.427500	20.034880	0.075195
0.430500	20.074029	0.070406
0.433500	20.610703	0.028563
0.436500	21.120378	0.012126
0.439500	inf	0.000000
0.442500	inf	0.000000
0.445500	inf	0.000000
0.448500	inf	0.000000
0.451500	inf	0.000000
0.454500	inf	0.000000
0.457500	inf	0.000000
0.460500	inf	0.000000
0.463500	inf	0.000000
0.466500	inf	0.000000
0.469500	inf	0.000000
0.472500	inf	0.000000
0.475500	inf	0.000000
0.478500	inf	0.000000
0.481500	inf	0.000000
0.484500	inf	0.000000
0.487500	inf	0.000000
0.490500	inf	0.000000
0.493500	inf	0.000000
0.496500	inf	0.000000
0.499500	inf	0.000000
0.502500	inf	0.000000
0.505500	inf	0.000000
0.508500	inf	0.000000
0.511500	inf	0.000000
0.514500	inf	0.000000
0.517500	inf	0.000000
0.520500	inf	0.000000
0.523500	inf	0.000000
0.526500	inf	0.000000
0.529500	inf	0.000000
0.532500	inf	0.000000
0.535500	inf	0.000000
0.538500	inf	0.000000
0.541500	inf	0.000000
0.544500	inf	0.000000
0.547500	inf	0.000000
0.550500	inf	0.000000
0.553500	inf	0.000000
0.556500	inf	0.000000
0.559500	inf	0.000000
0.562500	inf	0.000000
0.565500	inf	0.000000
0.568500	inf	0.000000
0.571500	inf	0.000000
0.574500	inf	0.000000
0.577500	inf	0.000000
0.580500	inf	0.000000
0.583500	inf	0.000000
0.586500	inf	0.000000
0.589500	inf	0.000000
0.592500	inf	0.000000
0.595500	inf	0.000000
0.598500	inf	0.000000

# Dumping simulation biases, in the metadata file order 
# Window  F (free energy units)
# 0	0.000000
# 1	-10.014417
# 2	-16.316797
# 3	-19.248185
# 4	-19.666046
# 5	-18.044866
# 6	-14.247872
# 7	-11.260931
# 8	-8.977754
# 9	-4.917366
# 10	-1.259884
#Iteration 310:  0.002218
#Iteration 320:  0.002019
#Iteration 330:  0.001837
#Iteration 340:  0.001671
#Iteration 350:  0.001519
#Iteration 360:  0.001381
#Iteration 370:  0.001255
#Iteration 380:  0.001140
#Iteration 390:  0.001036
#Iteration 400:  0.000941
0.001500	inf	0.000000
0.004500	inf	0.000000
0.007500	inf	0.000000
0.010500	inf	0.000000
0.013500	inf	0.000000
0.016500	inf	0.000000
0.019500	inf	0.000000
0.022500	inf	0.000000
0.025500	inf	0.000000
0.028500	inf	0.000000
0.031500	inf	0.000000
0.034500	inf	0.000000
0.037500	inf	0.000000
0.040500	inf	0.000000
0.043500	inf	0.000000
0.046500	inf	0.000000
0.049500	inf	0.000000
0.052500	inf	0.000000
0.055500	inf	0.000000
0.058500	inf	0.000000
0.061500	inf	0.000000
0.064500	inf	0.000000
0.067500	inf	0.000000
0.070500	inf	0.000000
0.073500	inf	0.000000
0.076500	inf	0.000000
0.079500	inf	0.000000
0.082500	12.786226	13298.062293
0.085500	10.585845	537270.770488
0.088500	8.972320	8093920.358999
0.091500	7.514439	93863251.302699
0.094500	6.240419	799104078.307826
0.097500	5.096444	5467280597.189420
0.100500	4.189036	25132226184.993019
0.103500	3.421685	91293893465.282242
0.106500	2.774515	270964861392.778137
0.109500	2.263120	640118638294.744385
0.112500	1.852510	1276526123041.260498
0.115500	1.441080	2549157738609.487305
0.118500	1.053321	4891960743321.098633
0.121500	0.705105	8784174416754.052734
0.124500	0.427265	14013300627775.968750
0.127500	0.217009	19954423773841.203125
0.130500	0.116061	23644879287527.296875
0.133500	0.103456	24151225578803.683594
0.136500	0.201332	20487269862814.718750
0.139500	0.389495	14931888496751.638672
0.142500	0.526717	11855902874099.828125
0.145500	0.545734	11482881680428.279297
0.148500	0.452595	13429125793415.250000
0.151500	0.283266	17851217421015.488281
0.154500	0.139060	22748153764153.914062
0.157500	0.033290	27174699170060.609375
0.160500	0.000000	28738769593291.480469
0.163500	0.037866	26966464221936.296875
0.166500	0.135968	22866705891074.382812
0.169500	0.323621	16680391859378.103516
0.172500	0.534444	11702904899545.023438
0.175500	0.812215	7336765599161.457031
0.178500	1.110015	4447268561162.011719
0.181500	1.442237	2544207336710.083496
0.184500	1.771873	1461837491115.560059
0.187500	2.123141	809940194312.449951
0.190500	2.424330	488166362511.035767
0.193500	2.738978	287644877737.762024
0.196500	3.073094	164033773021.197296
0.199500	3.414384	92421218604.725189
0.202500	3.731659	54217860578.939957
0.205500	4.058558	31295930650.889236
0.208500	4.405744	17459108342.656883
0.211500	4.722213	10256071582.190701
0.214500	4.980224	6646892718.656639
0.217500	5.250351	4220949210.249780
0.220500	5.458487	2974807558.903205
0.223500	5.706671	1960063648.256640
0.226500	5.973253	1252131653.757902
0.229500	6.277494	750821521.774058
0.232500	6.597097	438740813.915981
0.235500	7.008304	219787557.980953
0.238500	7.439650	106437764.129535
0.241500	7.798696	58206500.457957
0.244500	7.992971	41989456.106519
0.247500	8.158394	31795924.164446
0.250500	8.188450	30229372.033507
0.253500	8.261589	26732103.743477
0.256500	8.304272	24881251.461118
0.259500	8.373871	22134058.237683
0.262500	8.425471	20295033.478145
0.265500	8.531503	16981670.263567
0.268500	8.632421	14331927.781616
0.271500	8.762291	11521047.464361
0.274500	8.904790	9066923.222575
0.277500	9.057202	7017625.131385
0.280500	9.180720	5701836.296680
0.283500	9.341423	4352038.647647
0.286500	9.534409	3146310.115800
0.289500	9.750515	2187920.632621
0.292500	10.007242	1421039.198476
0.295500	10.243883	954651.349595
0.298500	10.467183	655877.374973
0.301500	10.710495	435703.534620
0.304500	10.933908	299286.380198
0.307500	11.206288	189336.362283
0.310500	11.524448	110906.963039
0.313500	11.899388	59051.545854
0.316500	12.282753	30999.320372
0.319500	12.708079	15164.919090
0.322500	13.145546	7268.827783
0.325500	13.608323	3338.952497
0.328500	14.057391	1569.513560
0.331500	14.526765	713.008422
0.334500	14.996531	323.696885
0.337500	15.439583	153.704019
0.340500	16.026440	57.312021
0.343500	16.472407	27.080981
0.346500	16.941158	12.315409
0.349500	17.364679	6.043023
0.352500	17.903355	2.443375
0.355500	18.037472	1.950190
0.358500	18.233720	1.402182
0.361500	18.319295	1.214311
0.364500	18.424133	1.018104
0.367500	18.446164	0.981089
0.370500	18.535530	0.844241
0.373500	18.601489	0.755635
0.376500	18.685690	0.655904
0.379500	18.782371	0.557517
0.382500	18.858126	0.490854
0.385500	18.918177	0.443723
0.388500	18.994207	0.390486
0.391500	19.058563	0.350446
0.394500	19.109224	0.321837
0.397500	19.163304	0.293870
0.400500	19.280327	0.241391
0.403500	19.341059	0.217963
0.406500	19.454505	0.180120
0.409500	19.556170	0.151824
0.412500	19.677190	0.123876
0.415500	19.750737	0.109470
0.418500	19.893117	0.086169
0.421500	20.065315	0.064511
0.424500	20.265589	0.046071
0.427500	20.507724	0.030666
0.430500	20.546873	0.028712
0.433500	21.083548	0.011648
0.436500	21.593223	0.004945
0.439500	inf	0.000000
0.442500	inf	0.000000
0.445500	inf	0.000000
0.448500	inf	0.000000
0.451500	inf	0.000000
0.454500	inf	0.000000
0.457500	inf	0.000000
0.460500	inf	0.000000
0.463500	inf	0.000000
0.466500	inf	0.000000
0.469500	inf	0.000000
0.472500	inf	0.000000
0.475500	inf	0.000000
0.478500	inf	0.000000
0.481500	inf	0.000000
0.484500	inf	0.000000
0.487500	inf	0.000000
0.490500	inf	0.000000
0.493500	inf	0.000000
0.496500	inf	0.000000
0.499500	inf	0.000000
0.502500	inf	0.000000
0.505500	inf	0.000000
0.508500	inf	0.000000
0.511500	inf	0.000000
0.514500	inf	0.000000
0.517500	inf	0.000000
0.520500	inf	0.000000
0.523500	inf	0.000000
0.526500	inf	0.000000
0.529500	inf	0.000000
0.532500	inf	0.000000
0.535500	inf	0.000000
0.538500	inf	0.000000
0.541500	inf	0.000000
0.544500	inf	0.000000
0.547500	inf	0.000000
0.550500	inf	0.000000
0.553500	inf	0.000000
0.556500	inf	0.000000
0.559500	inf	0.000000
0.562500	inf	0.000000
0.565500	inf	0.000000
0.568500	inf	0.000000
0.571500	inf	0.000000
0.574500	inf	0.000000
0.577500	inf	0.000000
0.580500	inf	0.000000
0.583500	inf	0.000000
0.586500	inf	0.000000
0.589500	inf	0.000000
0.592500	inf	0.000000
0.595500	inf	0.000000
0.598500	inf	0.000000

# Dumping simulation biases, in the metadata file order 
# Window  F (free energy units)
# 0	0.000000
# 1	-10.011896
# 2	-16.307659
# 3	-19.227718
# 4	-19.610242
# 5	-17.966498
# 6	-14.121649
# 7	-10.992891
# 8	-8.672116
# 9	-4.587399
# 10	-0.731434
#Iteration 410:  0.000854
#Iteration 420:  0.000775
#Iteration 430:  0.000703
#Iteration 440:  0.000638
#Iteration 450:  0.000578
#Iteration 460:  0.000524
#Iteration 470:  0.000475
#Iteration 480:  0.000431
#Iteration 490:  0.000390
#Iteration 500:  0.000354
0.001500	inf	0.000000
0.004500	inf	0.000000
0.007500	inf	0.000000
0.010500	inf	0.000000
0.013500	inf	0.000000
0.016500	inf	0.000000
0.019500	inf	0.000000
0.022500	inf	0.000000
0.025500	inf	0.000000
0.028500	inf	0.000000
0.031500	inf	0.000000
0.034500	inf	0.000000
0.037500	inf	0.000000
0.040500	inf	0.000000
0.043500	inf	0.000000
0.046500	inf	0.000000
0.049500	inf	0.000000
0.052500	inf	0.000000
0.055500	inf	0.000000
0.058500	inf	0.000000
0.061500	inf	0.000000
0.064500	inf	0.000000
0.067500	inf	0.000000
0.070500	inf	0.000000
0.073500	inf	0.000000
0.076500	inf	0.000000
0.079500	inf	0.000000
0.082500	12.762464	13297.737002
0.085500	10.562094	537246.818420
0.088500	8.948591	8093265.356394
0.091500	7.490749	93849559.183462
0.094500	6.216797	798896448.592994
0.097500	5.072937	5464798632.659791
0.100500	4.165718	25112859216.972237
0.103500	3.398657	91179056012.339600
0.106500	2.751903	270434609930.963928
0.109500	2.241060	638273779022.039795
0.112500	1.831121	1271412149775.446045
0.115500	1.420452	2535700028888.946289
0.118500	1.033529	4859302453484.577148
0.121500	0.686225	8712166007934.660156
0.124500	0.409357	13875716042277.691406
0.127500	0.200102	19725309830974.984375
0.130500	0.100189	23332775153232.546875
0.133500	0.088747	23785868537512.777344
0.136500	0.188069	20128365350511.597656
0.139500	0.378067	14625099740987.845703
0.142500	0.517451	11570192855885.017578
0.145500	0.538688	11164423380086.378906
0.148500	0.447516	13013587465740.736328
0.151500	0.279757	17253252677808.271484
0.154500	0.136794	21940301284055.199219
0.157500	0.032126	26161086026235.050781
0.160500	0.000000	27612756383580.792969
0.163500	0.039210	25851412342586.992188
0.166500	0.138818	21865770542470.125000
0.169500	0.328005	15909168020686.328125
0.172500	0.540280	11134594980516.796875
0.175500	0.819459	6963984534858.426758
0.178500	1.118806	4210338189708.387695
0.181500	1.452951	2400888036084.183594
0.184500	1.785026	1373846359678.012939
0.187500	2.139132	757565890036.148560
0.190500	2.443169	454418501177.182251
0.193500	2.760243	266669833727.348755
0.196500	3.096146	151616014360.535645
0.199500	3.438626	85254090101.675659
0.202500	3.756655	49949988554.056122
0.205500	4.084048	28808457604.474998
0.208500	4.431617	16061072045.979982
0.211500	4.748489	9428436360.585188
0.214500	5.007064	6104716062.929127
0.217500	5.278109	3870673764.314672
0.220500	5.487803	2720809245.157398
0.223500	5.738589	1784883523.373549
0.226500	6.009291	1132354061.530132
0.229500	6.319483	672239075.589306
0.232500	6.646623	387876035.411918
0.235500	7.065923	191681368.764826
0.238500	7.504555	91696563.357264
0.241500	7.869193	49676028.664235
0.244500	8.067255	35608201.405071
0.247500	8.235037	26857138.690979
0.250500	8.266489	25474016.409666
0.253500	8.340444	22496066.254176
0.256500	8.383617	20921231.519392
0.259500	8.453552	18600754.976999
0.262500	8.505454	17046660.316478
0.265500	8.611857	14254741.054250
0.268500	8.713329	12019288.176956
0.271500	8.844073	9647795.266548
0.274500	8.987899	7575775.688513
0.277500	9.142143	5845477.578888
0.280500	9.267859	4731950.821147
0.283500	9.430795	3598218.858995
0.286500	9.625717	2592882.487747
0.289500	9.843325	1798525.487101
0.292500	10.101197	1165883.299218
0.295500	10.338817	781950.709437
0.298500	10.563134	536308.696064
0.301500	10.807650	355552.820802
0.304500	11.032477	243650.573196
0.307500	11.306344	153754.836334
0.310500	11.625847	89861.392518
0.313500	12.001839	47761.451709
0.316500	12.385958	25040.818269
0.319500	12.811827	12238.833266
0.322500	13.249752	5861.780996
0.325500	13.713046	2690.285182
0.328500	14.162865	1263.001985
0.331500	14.633482	572.567970
0.334500	15.105362	259.016491
0.337500	15.551943	122.263717
0.340500	16.144371	45.163832
0.343500	16.598348	21.055328
0.346500	17.077173	9.414383
0.349500	17.511428	4.536921
0.352500	18.059694	1.805076
0.355500	18.201123	1.423128
0.358500	18.402299	1.014785
0.361500	18.490925	0.874323
0.364500	18.597553	0.730848
0.367500	18.620603	0.703071
0.370500	18.710538	0.604424
0.373500	18.776812	0.540702
0.376500	18.861186	0.469202
0.379500	18.957961	0.398757
0.382500	19.033768	0.351047
0.385500	19.093847	0.317325
0.388500	19.169893	0.279246
0.391500	19.234258	0.250609
0.394500	19.284924	0.230148
0.397500	19.339006	0.210147
0.400500	19.456030	0.172619
0.403500	19.516763	0.155866
0.406500	19.630210	0.128804
0.409500	19.731875	0.108569
0.412500	19.852895	0.088584
0.415500	19.926442	0.078282
0.418500	20.068822	0.061619
0.421500	20.241019	0.046132
0.424500	20.441294	0.032945
0.427500	20.683429	0.021929
0.430500	20.722578	0.020532
0.433500	21.259253	0.008330
0.436500	21.768927	0.003536
0.439500	inf	0.000000
0.442500	inf	0.000000
0.445500	inf	0.000000
0.448500	inf	0.000000
0.451500	inf	0.000000
0.454500	inf	0.000000
0.457500	inf	0.000000
0.460500	inf	0.000000
0.463500	inf	0.000000
0.466500	inf	0.000000
0.469500	inf	0.000000
0.472500	inf	0.000000
0.475500	inf	0.000000
0.478500	inf	0.000000
0.481500	inf	0.000000
0.484500	inf	0.000000
0.487500	inf	0.000000
0.490500	inf	0.000000
0.493500	inf	0.000000
0.496500	inf	0.000000
0.499500	inf	0.000000
0.502500	inf	0.000000
0.505500	inf	0.000000
0.508500	inf	0.000000
0.511500	inf	0.000000
0.514500	inf	0.000000
0.517500	inf	0.000000
0.520500	inf	0.000000
0.523500	inf	0.000000
0.526500	inf	0.000000
0.529500	inf	0.000000
0.532500	inf	0.000000
0.535500	inf	0.000000
0.538500	inf	0.000000
0.541500	inf	0.000000
0.544500	inf	0.000000
0.547500	inf	0.000000
0.550500	inf	0.000000
0.553500	inf	0.000000
0.556500	inf	0.000000
0.559500	inf	0.000000
0.562500	inf	0.000000
0.565500	inf	0.000000
0.568500	inf	0.000000
0.571500	inf	0.000000
0.574500	inf	0.000000
0.577500	inf	0.000000
0.580500	inf	0.000000
0.583500	inf	0.000000
0.586500	inf	0.000000
0.589500	inf	0.000000
0.592500	inf	0.000000
0.595500	inf	0.000000
0.598500	inf	0.000000

# Dumping simulation biases, in the metadata file order 
# Window  F (free energy units)
# 0	0.000000
# 1	-10.010908
# 2	-16.304078
# 3	-19.219709
# 4	-19.588460
# 5	-17.935893
# 6	-14.072513
# 7	-10.890349
# 8	-8.554917
# 9	-4.460767
# 10	-0.533929
#Iteration 510:  0.000320
#Iteration 520:  0.000290
#Iteration 530:  0.000263
#Iteration 540:  0.000238
#Iteration 550:  0.000215
#Iteration 560:  0.000195
#Iteration 570:  0.000177
#Iteration 580:  0.000160
#Iteration 590:  0.000145
#Iteration 600:  0.000131
0.001500	inf	0.000000
0.004500	inf	0.000000
0.007500	inf	0.000000
0.010500	inf	0.000000
0.013500	inf	0.000000
0.016500	inf	0.000000
0.019500	inf	0.000000
0.022500	inf	0.000000
0.025500	inf	0.000000
0.028500	inf	0.000000
0.031500	inf	0.000000
0.034500	inf	0.000000
0.037500	inf	0.000000
0.040500	inf	0.000000
0.043500	inf	0.000000
0.046500	inf	0.000000
0.049500	inf	0.000000
0.052500	inf	0.000000
0.055500	inf	0.000000
0.058500	inf	0.000000
0.061500	inf	0.000000
0.064500	inf	0.000000
0.067500	inf	0.000000
0.070500	inf	0.000000
0.073500	inf	0.000000
0.076500	inf	0.000000
0.079500	inf	0.000000
0.082500	12.753458	13297.613396
0.085500	10.553094	537237.716990
0.088500	8.939599	8093016.468602
0.091500	7.481771	93844356.585499
0.094500	6.207845	798817559.082688
0.097500	5.064029	5463855680.549933
0.100500	4.156881	25105502367.817505
0.103500	3.389930	91135444515.956284
0.106500	2.743335	270233326180.406189
0.109500	2.232702	637573939128.150513
0.112500	1.823017	1269473903359.003662
0.115500	1.412638	2530604619063.161133
0.118500	1.026033	4846950768883.131836
0.121500	0.679074	8684963704612.993164
0.124500	0.402576	13823805176607.099609
0.127500	0.193701	19638964956537.707031
0.130500	0.094181	23215269476173.398438
0.133500	0.083184	23648436126628.890625
0.136500	0.183057	19993517400722.656250
0.139500	0.373755	14510053393163.173828
0.142500	0.513959	11463357168591.681641
0.145500	0.536035	11045748679589.439453
0.148500	0.445603	12859241211787.443359
0.151500	0.278434	17031731860374.617188
0.154500	0.135937	21641611898997.980469
0.157500	0.031686	25786889175521.371094
0.160500	0.000000	27197645923783.367188
0.163500	0.039720	25440976168899.785156
0.166500	0.139898	21497990477758.808594
0.169500	0.329665	15626319302176.398438
0.172500	0.542490	10926529627859.048828
0.175500	0.822203	6827720839060.998047
0.178500	1.122139	4123871513369.279785
0.181500	1.457017	2348688316375.947266
0.184500	1.790018	1341885923879.824219
0.187500	2.145196	738609977484.767456
0.190500	2.450302	442252164063.291016
0.193500	2.768282	259135372754.311890
0.196500	3.104850	147167757408.674927
0.199500	3.447770	82691501784.876877
0.202500	3.766080	48425799059.350052
0.205500	4.093657	27920723193.048523
0.208500	4.441371	15562349487.166557
0.211500	4.758399	9133279378.645844
0.214500	5.017194	5911414011.476432
0.217500	5.288600	3745838773.488438
0.220500	5.498906	2630353853.727922
0.223500	5.750709	1722595995.274134
0.226500	6.023008	1089906175.796304
0.229500	6.335483	644561745.085919
0.232500	6.665468	370132070.613813
0.235500	7.087768	181992410.176611
0.238500	7.529054	86673993.707959
0.241500	7.895699	46796943.885035
0.244500	8.095106	33468673.983627
0.247500	8.263720	25208150.133017
0.250500	8.295663	23890220.319978
0.253500	8.369904	21087267.191318
0.256500	8.413251	19605340.656943
0.259500	8.483307	17427284.503997
0.262500	8.535319	15968262.110859
0.265500	8.641861	13349843.822412
0.268500	8.743543	11252325.481908
0.271500	8.874619	9027123.437741
0.274500	9.018948	7082408.287965
0.277500	9.173885	5458436.907583
0.280500	9.300427	4412499.725776
0.283500	9.464200	3350590.133911
0.286500	9.659845	2411512.024477
0.289500	9.878011	1671150.306108
0.292500	10.136309	1082538.196312
0.295500	10.374293	725606.866628
0.298500	10.598990	497347.060852
0.301500	10.843956	329473.316360
0.304500	11.069311	225578.735347
0.307500	11.343732	142218.237701
0.310500	11.663733	83049.228781
0.313500	12.040115	44111.849767
0.316500	12.424513	23116.514175
0.319500	12.850584	11294.477730
0.322500	13.288682	5407.913101
0.325500	13.752173	2481.159773
0.328500	14.202281	1164.259514
0.331500	14.673374	527.381232
0.334500	15.146064	238.250561
0.337500	15.593988	112.207910
0.340500	16.188515	41.303293
0.343500	16.645462	19.159651
0.346500	17.127946	8.514247
0.349500	17.566007	4.076959
0.352500	18.117597	1.613035
0.355500	18.261513	1.266419
0.358500	18.464341	0.900536
0.361500	18.553981	0.774566
0.364500	18.661202	0.646816
0.367500	18.684588	0.621882
0.370500	18.774710	0.534459
0.373500	18.841087	0.478030
0.376500	18.925518	0.414778
0.379500	19.022324	0.352486
0.382500	19.098148	0.310303
0.385500	19.158237	0.280490
0.388500	19.234287	0.246829
0.391500	19.298655	0.221515
0.394500	19.349322	0.203429
0.397500	19.403405	0.185751
0.400500	19.520430	0.152579
0.403500	19.581163	0.137771
0.406500	19.694610	0.113850
0.409500	19.796275	0.095965
0.412500	19.917295	0.078300
0.415500	19.990843	0.069194
0.418500	20.133222	0.054466
0.421500	20.305420	0.040776
0.424500	20.505694	0.029120
0.427500	20.747830	0.019383
0.430500	20.786978	0.018149
0.433500	21.323653	0.007363
0.436500	21.833328	0.003126
0.439500	inf	0.000000
0.442500	inf	0.000000
0.445500	inf	0.000000
0.448500	inf	0.000000
0.451500	inf	0.000000
0.454500	inf	0.000000
0.457500	inf	0.000000
0.460500	inf	0.000000
0.463500	inf	0.000000
0.466500	inf	0.000000
0.469500	inf	0.000000
0.472500	inf	0.000000
0.475500	inf	0.000000
0.478500	inf	0.000000
0.481500	inf	0.000000
0.484500	inf	0.000000
0.487500	inf	0.000000
0.490500	inf	0.000000
0.493500	inf	0.000000
0.496500	inf	0.000000
0.499500	inf	0.000000
0.502500	inf	0.000000
0.505500	inf	0.000000
0.508500	inf	0.000000
0.511500	inf	0.000000
0.514500	inf	0.000000
0.517500	inf	0.000000
0.520500	inf	0.000000
0.523500	inf	0.000000
0.526500	inf	0.000000
0.529500	inf	0.000000
0.532500	inf	0.000000
0.535500	inf	0.000000
0.538500	inf	0.000000
0.541500	inf	0.000000
0.544500	inf	0.000000
0.547500	inf	0.000000
0.550500	inf	0.000000
0.553500	inf	0.000000
0.556500	inf	0.000000
0.559500	inf	0.000000
0.562500	inf	0.000000
0.565500	inf	0.000000
0.568500	inf	0.000000
0.571500	inf	0.000000
0.574500	inf	0.000000
0.577500	inf	0.000000
0.580500	inf	0.000000
0.583500	inf	0.000000
0.586500	inf	0.000000
0.589500	inf	0.000000
0.592500	inf	0.000000
0.595500	inf	0.000000
0.598500	inf	0.000000

# Dumping simulation biases, in the metadata file order 
# Window  F (free energy units)
# 0	0.000000
# 1	-10.010533
# 2	-16.302719
# 3	-19.216674
# 4	-19.580215
# 5	-17.924310
# 6	-14.053956
# 7	-10.851943
# 8	-8.511010
# 9	-4.413347
# 10	-0.461249
#Iteration 610:  0.000119
#Iteration 620:  0.000107
#Iteration 630:  0.000097
#Iteration 640:  0.000088
#Iteration 650:  0.000079
#Iteration 660:  0.000072
#Iteration 670:  0.000065
#Iteration 680:  0.000059
#Iteration 690:  0.000053
#Iteration 700:  0.000048
0.001500	inf	0.000000
0.004500	inf	0.000000
0.007500	inf	0.000000
0.010500	inf	0.000000
0.013500	inf	0.000000
0.016500	inf	0.000000
0.019500	inf	0.000000
0.022500	inf	0.000000
0.025500	inf	0.000000
0.028500	inf	0.000000
0.031500	inf	0.000000
0.034500	inf	0.000000
0.037500	inf	0.000000
0.040500	inf	0.000000
0.043500	inf	0.000000
0.046500	inf	0.000000
0.049500	inf	0.000000
0.052500	inf	0.000000
0.055500	inf	0.000000
0.058500	inf	0.000000
0.061500	inf	0.000000
0.064500	inf	0.000000
0.067500	inf	0.000000
0.070500	inf	0.000000
0.073500	inf	0.000000
0.076500	inf	0.000000
0.079500	inf	0.000000
0.082500	12.750114	13297.567433
0.085500	10.549751	537234.332684
0.088500	8.936259	8092923.921860
0.091500	7.478437	93842422.064416
0.094500	6.204520	798788225.532265
0.097500	5.060720	5463505073.243524
0.100500	4.153600	25102767110.706581
0.103500	3.386689	91119231516.467255
0.106500	2.740153	270158509683.591248
0.109500	2.229598	637313878110.462769
0.112500	1.820008	1268753894299.637939
0.115500	1.409736	2528712543251.345703
0.118500	1.023249	4842366147539.957031
0.121500	0.676419	8674871467951.100586
0.124500	0.400058	13804554961184.447266
0.127500	0.191324	19606959729165.042969
0.130500	0.091951	23171730435468.097656
0.133500	0.081119	23597531462285.980469
0.136500	0.181198	19943592822911.468750
0.139500	0.372155	14467491526497.855469
0.142500	0.512664	11423876114629.076172
0.145500	0.535052	11001949368139.435547
0.148500	0.444894	12802346772089.591797
0.151500	0.277943	16950156740480.154297
0.154500	0.135619	21531700432479.183594
0.157500	0.031522	25649271552266.023438
0.160500	0.000000	27045062871006.937500
0.163500	0.039909	25290200114927.242188
0.166500	0.140299	21362975646547.546875
0.169500	0.330282	15522557062972.693359
0.172500	0.543311	10850252321577.558594
0.175500	0.823222	6777796533751.784180
0.178500	1.123377	4092211505518.353027
0.181500	1.458527	2329589975754.975586
0.184500	1.791872	1330204879689.675293
0.187500	2.147447	731691307640.497925
0.190500	2.452950	437818226974.873413
0.193500	2.771263	256393202005.868103
0.196500	3.108076	145550485056.414520
0.199500	3.451159	81760458964.818542
0.202500	3.769572	47872268410.870422
0.205500	4.097217	27598413906.236511
0.208500	4.444985	15381307529.192646
0.211500	4.762071	9026146223.391413
0.214500	5.020949	5841259006.545273
0.217500	5.292491	3700539934.348609
0.220500	5.503027	2597540598.707742
0.223500	5.755211	1700015533.401914
0.226500	6.028109	1074538403.903523
0.229500	6.341434	634565698.101863
0.232500	6.672473	363747046.584036
0.235500	7.095877	178521351.138968
0.238500	7.538133	84882357.935351
0.241500	7.905507	45773426.207728
0.244500	8.105402	32709860.917370
0.247500	8.274316	24624178.800293
0.250500	8.306437	23329829.057535
0.253500	8.380781	20589048.518438
0.256500	8.424191	19140117.668852
0.259500	8.494290	17012491.946327
0.262500	8.546343	15587132.086555
0.265500	8.652936	13030084.446797
0.268500	8.754696	10981368.496940
0.271500	8.885895	8807925.692223
0.274500	9.030411	6908263.399859
0.277500	9.185604	5321926.547266
0.280500	9.312453	4299934.908083
0.283500	9.476535	3263419.917753
0.286500	9.672446	2347722.394515
0.289500	9.890818	1626382.462770
0.292500	10.149272	1053260.938107
0.295500	10.387390	705823.451975
0.298500	10.612227	483673.198431
0.301500	10.857359	320325.527573
0.304500	11.082909	219243.858632
0.307500	11.357533	138177.000826
0.310500	11.677719	80664.451343
0.313500	12.054244	42834.846245
0.316500	12.438745	22443.435599
0.319500	12.864890	10964.246330
0.322500	13.303051	5249.232361
0.325500	13.766615	2408.061416
0.328500	14.216831	1129.755304
0.331500	14.688101	511.599303
0.334500	15.161091	231.004204
0.337500	15.609513	108.704228
0.340500	16.204813	39.961591
0.343500	16.662849	18.503371
0.346500	17.146664	8.204228
0.349500	17.586098	3.919452
0.352500	18.138878	1.547621
0.355500	18.283677	1.213258
0.358500	18.487090	0.861886
0.361500	18.577088	0.740877
0.364500	18.684517	0.618467
0.367500	18.708021	0.594508
0.370500	18.798208	0.510876
0.373500	18.864622	0.456909
0.376500	18.949072	0.396439
0.379500	19.045890	0.336894
0.382500	19.121720	0.296574
0.385500	19.181812	0.268079
0.388500	19.257864	0.235907
0.391500	19.322233	0.211713
0.394500	19.372901	0.194427
0.397500	19.426984	0.177531
0.400500	19.544009	0.145827
0.403500	19.604742	0.131674
0.406500	19.718189	0.108812
0.409500	19.819854	0.091718
0.412500	19.940874	0.074835
0.415500	20.014421	0.066132
0.418500	20.156801	0.052055
0.421500	20.328999	0.038972
0.424500	20.529273	0.027832
0.427500	20.771408	0.018525
0.430500	20.810557	0.017345
0.433500	21.347232	0.007037
0.436500	21.856907	0.002987
0.439500	inf	0.000000
0.442500	inf	0.000000
0.445500	inf	0.000000
0.448500	inf	0.000000
0.451500	inf	0.000000
0.454500	inf	0.000000
0.457500	inf	0.000000
0.460500	inf	0.000000
0.463500	inf	0.000000
0.466500	inf	0.000000
0.469500	inf	0.000000
0.472500	inf	0.000000
0.475500	inf	0.000000
0.478500	inf	0.000000
0.481500	inf	0.000000
0.484500	inf	0.000000
0.487500	inf	0.000000
0.490500	inf	0.000000
0.493500	inf	0.000000
0.496500	inf	0.000000
0.499500	inf	0.000000
0.502500	inf	0.000000
0.505500	inf	0.000000
0.508500	inf	0.000000
0.511500	inf	0.000000
0.514500	inf	0.000000
0.517500	inf	0.000000
0.520500	inf	0.000000
0.523500	inf	0.000000
0.526500	inf	0.000000
0.529500	inf	0.000000
0.532500	inf	0.000000
0.535500	inf	0.000000
0.538500	inf	0.000000
0.541500	inf	0.000000
0.544500	inf	0.000000
0.547500	inf	0.000000
0.550500	inf	0.000000
0.553500	inf	0.000000
0.556500	inf	0.000000
0.559500	inf	0.000000
0.562500	inf	0.000000
0.565500	inf	0.000000
0.568500	inf	0.000000
0.571500	inf	0.000000
0.574500	inf	0.000000
0.577500	inf	0.000000
0.580500	inf	0.000000
0.583500	inf	0.000000
0.586500	inf	0.000000
0.589500	inf	0.000000
0.592500	inf	0.000000
0.595500	inf	0.000000
0.598500	inf	0.000000

# Dumping simulation biases, in the metadata file order 
# Window  F (free energy units)
# 0	0.000000
# 1	-10.010394
# 2	-16.302214
# 3	-19.215546
# 4	-19.577154
# 5	-17.920011
# 6	-14.047074
# 7	-10.837748
# 8	-8.494782
# 9	-4.395826
# 10	-0.434593
#Iteration 710:  0.000044
#Iteration 720:  0.000039
#Iteration 730:  0.000036
#Iteration 740:  0.000032
#Iteration 750:  0.000029
#Iteration 760:  0.000026
#Iteration 770:  0.000024
#Iteration 780:  0.000022
#Iteration 790:  0.000020
#Iteration 800:  0.000018
0.001500	inf	0.000000
0.004500	inf	0.000000
0.007500	inf	0.000000
0.010500	inf	0.000000
0.013500	inf	0.000000
0.016500	inf	0.000000
0.019500	inf	0.000000
0.022500	inf	0.000000
0.025500	inf	0.000000
0.028500	inf	0.000000
0.031500	inf	0.000000
0.034500	inf	0.000000
0.037500	inf	0.000000
0.040500	inf	0.000000
0.043500	inf	0.000000
0.046500	inf	0.000000
0.049500	inf	0.000000
0.052500	inf	0.000000
0.055500	inf	0.000000
0.058500	inf	0.000000
0.061500	inf	0.000000
0.064500	inf	0.000000
0.067500	inf	0.000000
0.070500	inf	0.000000
0.073500	inf	0.000000
0.076500	inf	0.000000
0.079500	inf	0.000000
0.082500	12.748882	13297.550501
0.085500	10.548520	537233.085970
0.088500	8.935029	8092889.829459
0.091500	7.477209	93841709.427555
0.094500	6.203296	798777419.742697
0.097500	5.059502	5463375919.331904
0.100500	4.152391	25101759540.363213
0.103500	3.385496	91113259456.643829
0.106500	2.738982	270130952767.797852
0.109500	2.228455	637218099904.637817
0.112500	1.818900	1268488754809.338867
0.115500	1.408668	2528015897740.735840
0.118500	1.022224	4840678394320.896484
0.121500	0.675442	8671156799282.786133
0.124500	0.399131	13797470739463.294922
0.127500	0.190449	19595183517510.875000
0.130500	0.091130	23155712660223.105469
0.133500	0.080359	23578806364503.761719
0.136500	0.180513	19925231392892.804688
0.139500	0.371567	14451842319953.462891
0.142500	0.512188	11409365581123.574219
0.145500	0.534690	10985859485814.248047
0.148500	0.444633	12781455873640.726562
0.151500	0.277762	16920214399948.539062
0.154500	0.135502	21491368162782.730469
0.157500	0.031462	25598783182747.433594
0.160500	0.000000	26989095141707.824219
0.163500	0.039979	25234907311800.109375
0.166500	0.140447	21313475257693.601562
0.169500	0.330509	15484524817952.527344
0.172500	0.543613	10822301126268.324219
0.175500	0.823597	6759506313928.877930
0.178500	1.123833	4080615261903.740723
0.181500	1.459083	2322596759910.063477
0.184500	1.792555	1325929329271.803467
0.187500	2.148277	729160184540.470703
0.190500	2.453924	436197014269.740173
0.193500	2.772361	255391063109.742737
0.196500	3.109264	144959670752.368286
0.199500	3.452406	81420422039.186661
0.202500	3.770856	47670139313.306297
0.205500	4.098527	27480729654.289314
0.208500	4.446315	15315207900.345234
0.211500	4.763422	8987032858.169724
0.214500	5.022331	5815647127.867417
0.217500	5.293923	3684003479.620734
0.220500	5.504543	2585563475.061971
0.223500	5.756869	1691775515.746117
0.226500	6.029988	1068933242.388948
0.229500	6.343626	630923096.871479
0.232500	6.675052	361423485.272446
0.235500	7.098862	177260269.234101
0.238500	7.541473	84232453.042007
0.241500	7.909114	45402612.636898
0.244500	8.109186	32435183.017749
0.247500	8.278210	24412903.963051
0.250500	8.310395	23127149.642910
0.253500	8.384777	20408888.503517
0.256500	8.428209	18971907.322753
0.259500	8.498325	16862526.029616
0.262500	8.550393	15449344.177429
0.265500	8.657005	12914490.400070
0.268500	8.758794	10883424.842182
0.271500	8.890038	8728701.887838
0.274500	9.034622	6845335.427462
0.277500	9.189910	5272611.888822
0.280500	9.316871	4259284.834141
0.283500	9.481066	3231952.017920
0.286500	9.677075	2324702.227846
0.289500	9.895522	1610230.943457
0.292500	10.154035	1042700.240878
0.295500	10.392202	698688.494367
0.298500	10.617091	478742.513462
0.301500	10.862284	317027.573809
0.304500	11.087904	216960.559127
0.307500	11.362604	136720.775352
0.310500	11.682856	79805.316553
0.313500	12.059434	42374.880026
0.316500	12.443973	22201.029987
0.319500	12.870145	10845.326327
0.322500	13.308330	5192.093970
0.325500	13.771921	2381.742005
0.328500	14.222176	1117.333330
0.331500	14.693511	505.918680
0.334500	15.166612	228.396778
0.337500	15.615216	107.444232
0.340500	16.210801	39.479544
0.343500	16.669234	18.267920
0.346500	17.153536	8.093215
0.349500	17.593470	3.863169
0.352500	18.146682	1.524291
0.355500	18.291800	1.194325
0.358500	18.495425	0.848135
0.361500	18.585552	0.728899
0.364500	18.693057	0.608391
0.367500	18.716603	0.584780
0.370500	18.806814	0.502497
0.373500	18.873241	0.449405
0.376500	18.957699	0.389923
0.379500	19.054520	0.331355
0.382500	19.130352	0.291697
0.385500	19.190445	0.263670
0.388500	19.266498	0.232026
0.391500	19.330867	0.208230
0.394500	19.381535	0.191229
0.397500	19.435618	0.174610
0.400500	19.552643	0.143428
0.403500	19.613377	0.129508
0.406500	19.726824	0.107022
0.409500	19.828489	0.090209
0.412500	19.949509	0.073604
0.415500	20.023056	0.065044
0.418500	20.165436	0.051199
0.421500	20.337634	0.038331
0.424500	20.537908	0.027374
0.427500	20.780043	0.018221
0.430500	20.819192	0.017060
0.433500	21.355867	0.006921
0.436500	21.865542	0.002938
0.439500	inf	0.000000
0.442500	inf	0.000000
0.445500	inf	0.000000
0.448500	inf	0.000000
0.451500	inf	0.000000
0.454500	inf	0.000000
0.457500	inf	0.000000
0.460500	inf	0.000000
0.463500	inf	0.000000
0.466500	inf	0.000000
0.469500	inf	0.000000
0.472500	inf	0.000000
0.475500	inf	0.000000
0.478500	inf	0.000000
0.481500	inf	0.000000
0.484500	inf	0.000000
0.487500	inf	0.000000
0.490500	inf	0.000000
0.493500	inf	0.000000
0.496500	inf	0.000000
0.499500	inf	0.000000
0.502500	inf	0.000000
0.505500	inf	0.000000
0.508500	inf	0.000000
0.511500	inf	0.000000
0.514500	inf	0.000000
0.517500	inf	0.000000
0.520500	inf	0.000000
0.523500	inf	0.000000
0.526500	inf	0.000000
0.529500	inf	0.000000
0.532500	inf	0.000000
0.535500	inf	0.000000
0.538500	inf	0.000000
0.541500	inf	0.000000
0.544500	inf	0.000000
0.547500	inf	0.000000
0.550500	inf	0.000000
0.553500	inf	0.000000
0.556500	inf	0.000000
0.559500	inf	0.000000
0.562500	inf	0.000000
0.565500	inf	0.000000
0.568500	inf	0.000000
0.571500	inf	0.000000
0.574500	inf	0.000000
0.577500	inf	0.000000
0.580500	inf	0.000000
0.583500	inf	0.000000
0.586500	inf	0.000000
0.589500	inf	0.000000
0.592500	inf	0.000000
0.595500	inf	0.000000
0.598500	inf	0.000000

# Dumping simulation biases, in the metadata file order 
# Window  F (free energy units)
# 0	0.000000
# 1	-10.010342
# 2	-16.302028
# 3	-19.215131
# 4	-19.576027
# 5	-17.918428
# 6	-14.044541
# 7	-10.832531
# 8	-8.488818
# 9	-4.389388
# 10	-0.424824
#Iteration 810:  0.000016
#Iteration 820:  0.000014
#Iteration 830:  0.000013
#Iteration 840:  0.000012
#Iteration 850:  0.000011
#Iteration 860:  0.000010
#Iteration 870:  0.000009
#Iteration 880:  0.000008
#Iteration 890:  0.000007
#Iteration 900:  0.000006
0.001500	inf	0.000000
0.004500	inf	0.000000
0.007500	inf	0.000000
0.010500	inf	0.000000
0.013500	inf	0.000000
0.016500	inf	0.000000
0.019500	inf	0.000000
0.022500	inf	0.000000
0.025500	inf	0.000000
0.028500	inf	0.000000
0.031500	inf	0.000000
0.034500	inf	0.000000
0.037500	inf	0.000000
0.040500	inf	0.000000
0.043500	inf	0.000000
0.046500	inf	0.000000
0.049500	inf	0.000000
0.052500	inf	0.000000
0.055500	inf	0.000000
0.058500	inf	0.000000
0.061500	inf	0.000000
0.064500	inf	0.000000
0.067500	inf	0.000000
0.070500	inf	0.000000
0.073500	inf	0.000000
0.076500	inf	0.000000
0.079500	inf	0.000000
0.082500	12.748430	13297.544286
0.085500	10.548068	537232.628346
0.088500	8.934578	8092877.315355
0.091500	7.476758	93841447.844335
0.094500	6.202847	798773453.338049
0.097500	5.059055	5463328511.932612
0.100500	4.151948	25101389703.256664
0.103500	3.385058	91111067392.824448
0.106500	2.738552	270120838149.406433
0.109500	2.228036	637182946273.740723
0.112500	1.818494	1268391444768.634277
0.115500	1.408276	2527760232420.978516
0.118500	1.021848	4840059033202.292969
0.121500	0.675083	8669793697587.694336
0.124500	0.398791	13794871344376.539062
0.127500	0.190128	19590862766064.261719
0.130500	0.090829	23149835963617.031250
0.133500	0.080080	23571936720960.511719
0.136500	0.180262	19918495593552.765625
0.139500	0.371351	14446102073449.777344
0.142500	0.512013	11404043807506.121094
0.145500	0.534557	10979959527382.710938
0.148500	0.444538	12773796728739.138672
0.151500	0.277696	16909238241373.390625
0.154500	0.135459	21476584781187.406250
0.157500	0.031440	25580278633572.566406
0.160500	0.000000	26968583838990.949219
0.163500	0.040004	25214644993057.468750
0.166500	0.140501	21295337274616.132812
0.169500	0.330592	15470590355822.175781
0.172500	0.543724	10812061147810.976562
0.175500	0.823735	6752806211294.211914
0.178500	1.124000	4076367669762.418457
0.181500	1.459287	2320035484119.436523
0.184500	1.792805	1324363629514.907715
0.187500	2.148581	728233463830.052124
0.190500	2.454282	435603559943.143677
0.193500	2.772763	255024291678.227234
0.196500	3.109699	144743469699.291107
0.199500	3.452864	81296001520.452972
0.202500	3.771328	47596184004.343376
0.205500	4.099007	27437672671.627316
0.208500	4.446803	15291024642.856638
0.211500	4.763918	8972723039.118223
0.214500	5.022838	5806277042.773945
0.217500	5.294449	3677953773.118652
0.220500	5.505100	2581181952.363593
0.223500	5.757478	1688761394.992671
0.226500	6.030678	1066883308.199970
0.229500	6.344431	629591361.195044
0.232500	6.675999	360574416.706754
0.235500	7.099957	176799725.106741
0.238500	7.542699	83995245.556372
0.241500	7.910436	45267331.583698
0.244500	8.110574	32335005.659523
0.247500	8.279638	24335865.287492
0.250500	8.311847	23053253.733269
0.253500	8.386242	20343207.456983
0.256500	8.429683	18910585.186314
0.259500	8.499804	16807856.388883
0.262500	8.551878	15399114.995084
0.265500	8.658497	12872352.681596
0.268500	8.760296	10847722.348652
0.271500	8.891557	8699824.544840
0.274500	9.036167	6822399.650732
0.277500	9.191489	5254639.710856
0.280500	9.318492	4244472.267850
0.283500	9.482728	3220486.904021
0.286500	9.678773	2316315.988062
0.289500	9.897248	1604347.501990
0.292500	10.155781	1038853.619146
0.295500	10.393966	696089.819970
0.298500	10.618874	476946.785497
0.301500	10.864089	315826.566338
0.304500	11.089736	216129.128568
0.307500	11.364463	136190.561290
0.310500	11.684740	79492.530810
0.313500	12.061337	42207.431086
0.316500	12.445889	22112.787392
0.319500	12.872072	10802.037511
0.322500	13.310265	5171.295243
0.325500	13.773866	2372.161863
0.328500	14.224135	1112.811982
0.331500	14.695495	503.851193
0.334500	15.168636	227.447909
0.337500	15.617307	106.985803
0.340500	16.212996	39.304220
0.343500	16.671576	18.182330
0.346500	17.156055	8.052888
0.349500	17.596173	3.842739
0.352500	18.149541	1.515828
0.355500	18.294777	1.187462
0.358500	18.498478	0.843152
0.361500	18.588652	0.724559
0.364500	18.696185	0.604740
0.367500	18.719746	0.581256
0.370500	18.809966	0.499461
0.373500	18.876397	0.446687
0.376500	18.960858	0.387563
0.379500	19.057681	0.329349
0.382500	19.133514	0.289930
0.385500	19.193607	0.262073
0.388500	19.269660	0.230621
0.391500	19.334030	0.206969
0.394500	19.384698	0.190070
0.397500	19.438781	0.173552
0.400500	19.555806	0.142559
0.403500	19.616539	0.128723
0.406500	19.729986	0.106374
0.409500	19.831651	0.089663
0.412500	19.952671	0.073158
0.415500	20.026219	0.064650
0.418500	20.168599	0.050889
0.421500	20.340796	0.038098
0.424500	20.541071	0.027208
0.427500	20.783206	0.018110
0.430500	20.822355	0.016957
0.433500	21.359029	0.006879
0.436500	21.868704	0.002920
0.439500	inf	0.000000
0.442500	inf	0.000000
0.445500	inf	0.000000
0.448500	inf	0.000000
0.451500	inf	0.000000
0.454500	inf	0.000000
0.457500	inf	0.000000
0.460500	inf	0.000000
0.463500	inf	0.000000
0.466500	inf	0.000000
0.469500	inf	0.000000
0.472500	inf	0.000000
0.475500	inf	0.000000
0.478500	inf	0.000000
0.481500	inf	0.000000
0.484500	inf	0.000000
0.487500	inf	0.000000
0.490500	inf	0.000000
0.493500	inf	0.000000
0.496500	inf	0.000000
0.499500	inf	0.000000
0.502500	inf	0.000000
0.505500	inf	0.000000
0.508500	inf	0.000000
0.511500	inf	0.000000
0.514500	inf	0.000000
0.517500	inf	0.000000
0.520500	inf	0.000000
0.523500	inf	0.000000
0.526500	inf	0.000000
0.529500	inf	0.000000
0.532500	inf	0.000000
0.535500	inf	0.000000
0.538500	inf	0.000000
0.541500	inf	0.000000
0.544500	inf	0.000000
0.547500	inf	0.000000
0.550500	inf	0.000000
0.553500	inf	0.000000
0.556500	inf	0.000000
0.559500	inf	0.000000
0.562500	inf	0.000000
0.565500	inf	0.000000
0.568500	inf	0.000000
0.571500	inf	0.000000
0.574500	inf	0.000000
0.577500	inf	0.000000
0.580500	inf	0.000000
0.583500	inf	0.000000
0.586500	inf	0.000000
0.589500	inf	0.000000
0.592500	inf	0.000000
0.595500	inf	0.000000
0.598500	inf	0.000000

# Dumping simulation biases, in the metadata file order 
# Window  F (free energy units)
# 0	0.000000
# 1	-10.010323
# 2	-16.301960
# 3	-19.214978
# 4	-19.575614
# 5	-17.917847
# 6	-14.043612
# 7	-10.830617
# 8	-8.486631
# 9	-4.387026
# 10	-0.421245
#Iteration 910:  0.000006
#Iteration 920:  0.000005
#Iteration 930:  0.000005
#Iteration 940:  0.000004
#Iteration 950:  0.000004
#Iteration 960:  0.000004
#Iteration 970:  0.000003
#Iteration 980:  0.000003
#Iteration 990:  0.000003
#Iteration 1000:  0.000002
0.001500	inf	0.000000
0.004500	inf	0.000000
0.007500	inf	0.000000
0.010500	inf	0.000000
0.013500	inf	0.000000
0.016500	inf	0.000000
0.019500	inf	0.000000
0.022500	inf	0.000000
0.025500	inf	0.000000
0.028500	inf	0.000000
0.031500	inf	0.000000
0.034500	inf	0.000000
0.037500	inf	0.000000
0.040500	inf	0.000000
0.043500	inf	0.000000
0.046500	inf	0.000000
0.049500	inf	0.000000
0.052500	inf	0.000000
0.055500	inf	0.000000
0.058500	inf	0.000000
0.061500	inf	0.000000
0.064500	inf	0.000000
0.067500	inf	0.000000
0.070500	inf	0.000000
0.073500	inf	0.000000
0.076500	inf	0.000000
0.079500	inf	0.000000
0.082500	12.748264	13297.542008
0.085500	10.547902	537232.460590
0.088500	8.934412	8092872.727947
0.091500	7.476593	93841351.953473
0.094500	6.202682	798771999.339525
0.097500	5.058891	5463311133.429559
0.100500	4.151785	25101254129.557472
0.103500	3.384898	91110263837.223846
0.106500	2.738394	270117130415.870422
0.109500	2.227882	637170060112.853516
0.112500	1.818345	1268355774729.737793
0.115500	1.408132	2527666517398.146973
0.118500	1.021710	4839832008996.736328
0.121500	0.674951	8669294069731.598633
0.124500	0.398666	13793918591219.630859
0.127500	0.190011	19589279121641.542969
0.130500	0.090718	23147682074380.320312
0.133500	0.079978	23569418947785.179688
0.136500	0.180170	19916026932560.160156
0.139500	0.371272	14443998360161.472656
0.142500	0.511949	11402093565642.658203
0.145500	0.534508	10977797541737.794922
0.148500	0.444503	12770990278179.611328
0.151500	0.277672	16905216575234.761719
0.154500	0.135443	21471168346926.906250
0.157500	0.031432	25573499007463.843750
0.160500	0.000000	26961069186768.007812
0.163500	0.040013	25207221779782.945312
0.166500	0.140521	21288692548897.414062
0.169500	0.330623	15465485742832.701172
0.172500	0.543764	10808310060839.335938
0.175500	0.823785	6750351918944.622070
0.178500	1.124062	4074811797090.669922
0.181500	1.459362	2319097337570.344238
0.184500	1.792897	1323790174010.790771
0.187500	2.148692	727894064911.648438
0.190500	2.454413	435386231530.908875
0.193500	2.772911	254889985657.192932
0.196500	3.109859	144664304280.746613
0.199500	3.453031	81250444560.509949
0.202500	3.771500	47569105618.433533
0.205500	4.099183	27421907764.701576
0.208500	4.446981	15282170242.598068
0.211500	4.764100	8967483706.270399
0.214500	5.023024	5802846341.836219
0.217500	5.294641	3675738792.757109
0.220500	5.505304	2579577770.819145
0.223500	5.757701	1687657889.810459
0.226500	6.030930	1066132854.360159
0.229500	6.344726	629103890.272739
0.232500	6.676346	360263679.289522
0.235500	7.100358	176631214.786270
0.238500	7.543148	83908471.013606
0.241500	7.910921	45217851.690823
0.244500	8.111083	32298369.343892
0.247500	8.280161	24307693.136319
0.250500	8.312379	23026231.998729
0.253500	8.386779	20319190.263939
0.256500	8.430223	18888162.212131
0.259500	8.500347	16787866.141611
0.262500	8.552422	15380748.559195
0.265500	8.659043	12856945.034086
0.268500	8.760847	10834667.886330
0.271500	8.892114	8689265.853834
0.274500	9.036732	6814013.655034
0.277500	9.192067	5248068.802854
0.280500	9.319085	4239056.817669
0.283500	9.483337	3216295.483355
0.286500	9.679395	2313250.277324
0.289500	9.897880	1602196.799155
0.292500	10.156421	1037447.516468
0.295500	10.394613	695139.915907
0.298500	10.619527	476290.400770
0.301500	10.864751	315387.579140
0.304500	11.090407	215825.237319
0.307500	11.365144	135996.772511
0.310500	11.685430	79378.213817
0.313500	12.062034	42146.233321
0.316500	12.446592	22080.537833
0.319500	12.872778	10786.217172
0.322500	13.310975	5163.694213
0.325500	13.774579	2368.660776
0.328500	14.224853	1111.159670
0.331500	14.696222	503.095656
0.334500	15.169378	227.101173
0.337500	15.618074	106.818296
0.340500	16.213800	39.240166
0.343500	16.672434	18.151066
0.346500	17.156978	8.038161
0.349500	17.597162	3.835280
0.352500	18.150589	1.512739
0.355500	18.295867	1.184957
0.358500	18.499597	0.841333
0.361500	18.589788	0.722975
0.364500	18.697330	0.603408
0.367500	18.720898	0.579970
0.370500	18.811121	0.498354
0.373500	18.877554	0.445695
0.376500	18.962015	0.386702
0.379500	19.058838	0.328617
0.382500	19.134672	0.289286
0.385500	19.194765	0.261490
0.388500	19.270819	0.230108
0.391500	19.335188	0.206509
0.394500	19.385856	0.189648
0.397500	19.439939	0.173167
0.400500	19.556964	0.142242
0.403500	19.617698	0.128437
0.406500	19.731145	0.106137
0.409500	19.832810	0.089464
0.412500	19.953830	0.072995
0.415500	20.027377	0.064506
0.418500	20.169757	0.050776
0.421500	20.341955	0.038014
0.424500	20.542229	0.027147
0.427500	20.784364	0.018070
0.430500	20.823513	0.016919
0.433500	21.360188	0.006864
0.436500	21.869863	0.002914
0.439500	inf	0.000000
0.442500	inf	0.000000
0.445500	inf	0.000000
0.448500	inf	0.000000
0.451500	inf	0.000000
0.454500	inf	0.000000
0.457500	inf	0.000000
0.460500	inf	0.000000
0.463500	inf	0.000000
0.466500	inf	0.000000
0.469500	inf	0.000000
0.472500	inf	0.000000
0.475500	inf	0.000000
0.478500	inf	0.000000
0.481500	inf	0.000000
0.484500	inf	0.000000
0.487500	inf	0.000000
0.490500	inf	0.000000
0.493500	inf	0.000000
0.496500	inf	0.000000
0.499500	inf	0.000000
0.502500	inf	0.000000
0.505500	inf	0.000000
0.508500	inf	0.000000
0.511500	inf	0.000000
0.514500	inf	0.000000
0.517500	inf	0.000000
0.520500	inf	0.000000
0.523500	inf	0.000000
0.526500	inf	0.000000
0.529500	inf	0.000000
0.532500	inf	0.000000
0.535500	inf	0.000000
0.538500	inf	0.000000
0.541500	inf	0.000000
0.544500	inf	0.000000
0.547500	inf	0.000000
0.550500	inf	0.000000
0.553500	inf	0.000000
0.556500	inf	0.000000
0.559500	inf	0.000000
0.562500	inf	0.000000
0.565500	inf	0.000000
0.568500	inf	0.000000
0.571500	inf	0.000000
0.574500	inf	0.000000
0.577500	inf	0.000000
0.580500	inf	0.000000
0.583500	inf	0.000000
0.586500	inf	0.000000
0.589500	inf	0.000000
0.592500	inf	0.000000
0.595500	inf	0.000000
0.598500	inf	0.000000

# Dumping simulation biases, in the metadata file order 
# Window  F (free energy units)
# 0	0.000000
# 1	-10.010316
# 2	-16.301935
# 3	-19.214923
# 4	-19.575462
# 5	-17.917634
# 6	-14.043272
# 7	-10.829916
# 8	-8.485829
# 9	-4.386161
# 10	-0.419934
#Iteration 1010:  0.000002
#Iteration 1020:  0.000002
#Iteration 1030:  0.000002
#Iteration 1040:  0.000002
#Iteration 1050:  0.000001
#Iteration 1060:  0.000001
#Iteration 1070:  0.000001
#Iteration 1080:  0.000001
#Iteration 1090:  0.000001
#Iteration 1100:  0.000001
0.001500	inf	0.000000
0.004500	inf	0.000000
0.007500	inf	0.000000
0.010500	inf	0.000000
0.013500	inf	0.000000
0.016500	inf	0.000000
0.019500	inf	0.000000
0.022500	inf	0.000000
0.025500	inf	0.000000
0.028500	inf	0.000000
0.031500	inf	0.000000
0.034500	inf	0.000000
0.037500	inf	0.000000
0.040500	inf	0.000000
0.043500	inf	0.000000
0.046500	inf	0.000000
0.049500	inf	0.000000
0.052500	inf	0.000000
0.055500	inf	0.000000
0.058500	inf	0.000000
0.061500	inf	0.000000
0.064500	inf	0.000000
0.067500	inf	0.000000
0.070500	inf	0.000000
0.073500	inf	0.000000
0.076500	inf	0.000000
0.079500	inf	0.000000
0.082500	12.748204	13297.541173
0.085500	10.547842	537232.399124
0.088500	8.934352	8092871.047115
0.091500	7.476533	93841316.818950
0.094500	6.202622	798771466.592975
0.097500	5.058831	5463304765.932062
0.100500	4.151725	25101204455.298244
0.103500	3.384839	91109969414.673645
0.106500	2.738336	270115771907.597321
0.109500	2.227825	637165338664.423218
0.112500	1.818290	1268342705422.729492
0.115500	1.408079	2527632180974.028809
0.118500	1.021659	4839748829813.048828
0.121500	0.674903	8669111013074.601562
0.124500	0.398621	13793569518820.523438
0.127500	0.189967	19588698906268.859375
0.130500	0.090678	23146892938334.632812
0.133500	0.079940	23568496498929.175781
0.136500	0.180136	19915122484873.417969
0.139500	0.371243	14443227629617.078125
0.142500	0.511926	11401379076350.548828
0.145500	0.534491	10977005497001.898438
0.148500	0.444490	12769962156538.363281
0.151500	0.277663	16903743295372.023438
0.154500	0.135438	21469184140420.707031
0.157500	0.031429	25571015447943.054688
0.160500	0.000000	26958316394323.750000
0.163500	0.040017	25204502513034.738281
0.166500	0.140528	21286258487464.187500
0.169500	0.330634	15463615871883.255859
0.172500	0.543779	10806936016884.230469
0.175500	0.823804	6749452908102.195312
0.178500	1.124084	4074241885214.767090
0.181500	1.459389	2318753701973.788574
0.184500	1.792931	1323580125928.760986
0.187500	2.148733	727769751329.335449
0.190500	2.454461	435306631585.284851
0.193500	2.772965	254840795179.530396
0.196500	3.109917	144635309962.020691
0.199500	3.453093	81233759543.851715
0.202500	3.771564	47559188368.193214
0.205500	4.099248	27416134016.251835
0.208500	4.447047	15278927411.516909
0.211500	4.764166	8965564859.705191
0.214500	5.023092	5801589888.983844
0.217500	5.294712	3674927585.477072
0.220500	5.505379	2578990264.067176
0.223500	5.757783	1687253753.078500
0.226500	6.031023	1065858022.514039
0.229500	6.344834	628925376.299559
0.232500	6.676474	360149893.566132
0.235500	7.100505	176569514.705941
0.238500	7.543312	83876700.947584
0.241500	7.911099	45199737.117465
0.244500	8.111269	32284957.360444
0.247500	8.280353	24297380.020994
0.250500	8.312574	23016340.175193
0.253500	8.386976	20310398.389199
0.256500	8.430421	18879953.969713
0.259500	8.500545	16780548.457439
0.262500	8.552621	15374025.309781
0.265500	8.659244	12851304.900350
0.268500	8.761048	10829889.180793
0.271500	8.892318	8685400.773003
0.274500	9.036940	6810943.934343
0.277500	9.192279	5245663.534342
0.280500	9.319303	4237074.536459
0.283500	9.483560	3214761.275797
0.286500	9.679623	2312128.137200
0.289500	9.898112	1601409.588695
0.292500	10.156655	1036932.853046
0.295500	10.394850	694792.233698
0.298500	10.619767	476050.154008
0.301500	10.864993	315226.904765
0.304500	11.090653	215714.010926
0.307500	11.365394	135925.845304
0.310500	11.685683	79336.373972
0.313500	12.062290	42123.835234
0.316500	12.446849	22068.734726
0.319500	12.873037	10780.427068
0.322500	13.311235	5160.912314
0.325500	13.774840	2367.379419
0.328500	14.225117	1110.554946
0.331500	14.696488	502.819143
0.334500	15.169650	226.974275
0.337500	15.618354	106.756995
0.340500	16.214095	39.216726
0.343500	16.672748	18.139626
0.346500	17.157317	8.032773
0.349500	17.597525	3.832551
0.352500	18.150973	1.511609
0.355500	18.296266	1.184041
0.358500	18.500007	0.840668
0.361500	18.590204	0.722396
0.364500	18.697750	0.602921
0.367500	18.721319	0.579500
0.370500	18.811543	0.497949
0.373500	18.877977	0.445332
0.376500	18.962439	0.386387
0.379500	19.059263	0.328349
0.382500	19.135096	0.289050
0.385500	19.195190	0.261277
0.388500	19.271243	0.229921
0.391500	19.335612	0.206341
0.394500	19.386280	0.189493
0.397500	19.440364	0.173025
0.400500	19.557389	0.142126
0.403500	19.618122	0.128332
0.406500	19.731569	0.106051
0.409500	19.833234	0.089391
0.412500	19.954254	0.072936
0.415500	20.027802	0.064453
0.418500	20.170181	0.050734
0.421500	20.342379	0.037983
0.424500	20.542653	0.027125
0.427500	20.784789	0.018055
0.430500	20.823937	0.016905
0.433500	21.360612	0.006858
0.436500	21.870287	0.002912
0.439500	inf	0.000000
0.442500	inf	0.000000
0.445500	inf	0.000000
0.448500	inf	0.000000
0.451500	inf	0.000000
0.454500	inf	0.000000
0.457500	inf	0.000000
0.460500	inf	0.000000
0.463500	inf	0.000000
0.466500	inf	0.000000
0.469500	inf	0.000000
0.472500	inf	0.000000
0.475500	inf	0.000000
0.478500	inf	0.000000
0.481500	inf	0.000000
0.484500	inf	0.000000
0.487500	inf	0.000000
0.490500	inf	0.000000
0.493500	inf	0.000000
0.496500	inf	0.000000
0.499500	inf	0.000000
0.502500	inf	0.000000
0.505500	inf	0.000000
0.508500	inf	0.000000
0.511500	inf	0.000000
0.514500	inf	0.000000
0.517500	inf	0.000000
0.520500	inf	0.000000
0.523500	inf	0.000000
0.526500	inf	0.000000
0.529500	inf	0.000000
0.532500	inf	0.000000
0.535500	inf	0.000000
0.538500	inf	0.000000
0.541500	inf	0.000000
0.544500	inf	0.000000
0.547500	inf	0.000000
0.550500	inf	0.000000
0.553500	inf	0.000000
0.556500	inf	0.000000
0.559500	inf	0.000000
0.562500	inf	0.000000
0.565500	inf	0.000000
0.568500	inf	0.000000
0.571500	inf	0.000000
0.574500	inf	0.000000
0.577500	inf	0.000000
0.580500	inf	0.000000
0.583500	inf	0.000000
0.586500	inf	0.000000
0.589500	inf	0.000000
0.592500	inf	0.000000
0.595500	inf	0.000000
0.598500	inf	0.000000

# Dumping simulation biases, in the metadata file order 
# Window  F (free energy units)
# 0	0.000000
# 1	-10.010314
# 2	-16.301926
# 3	-19.214902
# 4	-19.575407
# 5	-17.917556
# 6	-14.043147
# 7	-10.829659
# 8	-8.485536
# 9	-4.385844
# 10	-0.419454
#Iteration 1110:  0.000001
#Iteration 1120:  0.000001
#Iteration 1130:  0.000001
#Iteration 1140:  0.000001
#Iteration 1150:  0.000001
#Iteration 1160:  0.000000
#Iteration 1170:  0.000000
#Iteration 1180:  0.000000
#Iteration 1190:  0.000000
#Iteration 1200:  0.000000
0.001500	inf	0.000000
0.004500	inf	0.000000
0.007500	inf	0.000000
0.010500	inf	0.000000
0.013500	inf	0.000000
0.016500	inf	0.000000
0.019500	inf	0.000000
0.022500	inf	0.000000
0.025500	inf	0.000000
0.028500	inf	0.000000
0.031500	inf	0.000000
0.034500	inf	0.000000
0.037500	inf	0.000000
0.040500	inf	0.000000
0.043500	inf	0.000000
0.046500	inf	0.000000
0.049500	inf	0.000000
0.052500	inf	0.000000
0.055500	inf	0.000000
0.058500	inf	0.000000
0.061500	inf	0.000000
0.064500	inf	0.000000
0.067500	inf	0.000000
0.070500	inf	0.000000
0.073500	inf	0.000000
0.076500	inf	0.000000
0.079500	inf	0.000000
0.082500	12.748181	13297.540868
0.085500	10.547819	537232.376607
0.088500	8.934329	8092870.431366
0.091500	7.476511	93841303.947905
0.094500	6.202599	798771271.428685
0.097500	5.058809	5463302433.288418
0.100500	4.151704	25101186257.835365
0.103500	3.384817	91109861557.207016
0.106500	2.738315	270115274238.203918
0.109500	2.227805	637163609034.714722
0.112500	1.818270	1268337917694.961426
0.115500	1.408060	2527619602417.468750
0.118500	1.021641	4839718358640.573242
0.121500	0.674886	8669043953820.677734
0.124500	0.398604	13793441643327.654297
0.127500	0.189952	19588486356940.488281
0.130500	0.090663	23146603856186.433594
0.133500	0.079926	23568158581451.132812
0.136500	0.180124	19914791162734.425781
0.139500	0.371232	14442945292884.169922
0.142500	0.511917	11401117344048.193359
0.145500	0.534484	10976715357057.681641
0.148500	0.444485	12769585540577.251953
0.151500	0.277660	16903203615039.156250
0.154500	0.135435	21468457305028.066406
0.157500	0.031428	25570105697871.687500
0.160500	0.000000	26957308025436.972656
0.163500	0.040018	25203506428821.632812
0.166500	0.140531	21285366879779.578125
0.169500	0.330638	15462930932990.285156
0.172500	0.543785	10806432703047.603516
0.175500	0.823811	6749123600774.634766
0.178500	1.124092	4074033127589.922852
0.181500	1.459399	2318627829572.901855
0.184500	1.792943	1323503186671.404785
0.187500	2.148748	727724216483.526733
0.190500	2.454478	435277475197.764404
0.193500	2.772985	254822777533.093597
0.196500	3.109939	144624689902.761566
0.199500	3.453115	81227648172.613235
0.202500	3.771587	47555555898.128372
0.205500	4.099272	27414019223.177395
0.208500	4.447071	15277739637.331553
0.211500	4.764191	8964862031.036186
0.214500	5.023117	5801129680.015873
0.217500	5.294738	3674630459.778249
0.220500	5.505406	2578775074.961131
0.223500	5.757813	1687105728.522730
0.226500	6.031057	1065757359.828907
0.229500	6.344874	628859993.049946
0.232500	6.676520	360108218.976274
0.235500	7.100559	176546917.410233
0.238500	7.543372	83865065.673767
0.241500	7.911164	45193103.095226
0.244500	8.111337	32280045.622611
0.247500	8.280423	24293603.187090
0.250500	8.312645	23012717.645877
0.253500	8.387048	20307178.687666
0.256500	8.430493	18876948.007896
0.259500	8.500618	16777868.632578
0.262500	8.552694	15371563.176560
0.265500	8.659317	12849239.419072
0.268500	8.761122	10828139.166980
0.271500	8.892392	8683985.341789
0.274500	9.037016	6809819.776011
0.277500	9.192357	5244782.708651
0.280500	9.319382	4236348.616175
0.283500	9.483642	3214199.445809
0.286500	9.679706	2311717.209569
0.289500	9.898196	1601121.313612
0.292500	10.156741	1036744.384872
0.295500	10.394937	694664.913915
0.298500	10.619854	475962.176910
0.301500	10.865082	315168.066870
0.304500	11.090743	215673.280731
0.307500	11.365485	135899.872460
0.310500	11.685776	79321.052698
0.313500	12.062383	42115.633337
0.316500	12.446943	22064.412587
0.319500	12.873132	10778.306813
0.322500	13.311330	5159.893623
0.325500	13.774936	2366.910206
0.328500	14.225213	1110.333506
0.331500	14.696586	502.717888
0.334500	15.169749	226.927808
0.337500	15.618457	106.734547
0.340500	16.214203	39.208143
0.343500	16.672863	18.135437
0.346500	17.157441	8.030800
0.349500	17.597658	3.831552
0.352500	18.151113	1.511196
0.355500	18.296413	1.183705
0.358500	18.500157	0.840425
0.361500	18.590357	0.722184
0.364500	18.697904	0.602743
0.367500	18.721474	0.579328
0.370500	18.811698	0.497801
0.373500	18.878132	0.445200
0.376500	18.962595	0.386271
0.379500	19.059418	0.328251
0.382500	19.135251	0.288964
0.385500	19.195345	0.261199
0.388500	19.271398	0.229852
0.391500	19.335768	0.206279
0.394500	19.386436	0.189437
0.397500	19.440519	0.172974
0.400500	19.557544	0.142084
0.403500	19.618277	0.128294
0.406500	19.731724	0.106019
0.409500	19.833390	0.089364
0.412500	19.954410	0.072914
0.415500	20.027957	0.064434
0.418500	20.170337	0.050719
0.421500	20.342534	0.037971
0.424500	20.542809	0.027117
0.427500	20.784944	0.018050
0.430500	20.824093	0.016900
0.433500	21.360768	0.006856
0.436500	21.870442	0.002911
0.439500	inf	0.000000
0.442500	inf	0.000000
0.445500	inf	0.000000
0.448500	inf	0.000000
0.451500	inf	0.000000
0.454500	inf	0.000000
0.457500	inf	0.000000
0.460500	inf	0.000000
0.463500	inf	0.000000
0.466500	inf	0.000000
0.469500	inf	0.000000
0.472500	inf	0.000000
0.475500	inf	0.000000
0.478500	inf	0.000000
0.481500	inf	0.000000
0.484500	inf	0.000000
0.487500	inf	0.000000
0.490500	inf	0.000000
0.493500	inf	0.000000
0.496500	inf	0.000000
0.499500	inf	0.000000
0.502500	inf	0.000000
0.505500	inf	0.000000
0.508500	inf	0.000000
0.511500	inf	0.000000
0.514500	inf	0.000000
0.517500	inf	0.000000
0.520500	inf	0.000000
0.523500	inf	0.000000
0.526500	inf	0.000000
0.529500	inf	0.000000
0.532500	inf	0.000000
0.535500	inf	0.000000
0.538500	inf	0.000000
0.541500	inf	0.000000
0.544500	inf	0.000000
0.547500	inf	0.000000
0.550500	inf	0.000000
0.553500	inf	0.000000
0.556500	inf	0.000000
0.559500	inf	0.000000
0.562500	inf	0.000000
0.565500	inf	0.000000
0.568500	inf	0.000000
0.571500	inf	0.000000
0.574500	inf	0.000000
0.577500	inf	0.000000
0.580500	inf	0.000000
0.583500	inf	0.000000
0.586500	inf	0.000000
0.589500	inf	0.000000
0.592500	inf	0.000000
0.595500	inf	0.000000
0.598500	inf	0.000000

# Dumping simulation biases, in the metadata file order 
# Window  F (free energy units)
# 0	0.000000
# 1	-10.010313
# 2	-16.301923
# 3	-19.214895
# 4	-19.575386
# 5	-17.917528
# 6	-14.043101
# 7	-10.829565
# 8	-8.485428
# 9	-4.385728
# 10	-0.419278
# Dumping simulation biases, in the metadata file order 
# Window  F (free energy units)
# 0	0.000000
# 1	-10.010313
# 2	-16.301922
# 3	-19.214895
# 4	-19.575386
# 5	-17.917527
# 6	-14.043100
# 7	-10.829564
# 8	-8.485426
# 9	-4.385726
# 10	-0.419275
# No MC error analysis requested
