# /home/btan/Software/WHAM/wham/wham/wham 2.0 2.7 200 1e-06 300 0 /home/btan/Documents/CRBN_CK1a/umbrella_sampling/Boresch/results/backbone_RMSD/phiA/run3//metafile.txt /home/btan/Documents/CRBN_CK1a/umbrella_sampling/Boresch/results/backbone_RMSD/phiA/run3//pmf.txt
#Number of windows = 8
#Iteration 10:  0.001292
#Iteration 20:  0.000479
#Iteration 30:  0.000173
#Iteration 40:  0.000061
#Iteration 50:  0.000022
#Iteration 60:  0.000008
#Iteration 70:  0.000003
#Iteration 80:  0.000001
# Dumping simulation biases, in the metadata file order 
# Window  F (free energy units)
# 0	0.000000
# 1	-0.312237
# 2	-0.134812
# 3	-0.213893
# 4	-0.535891
# 5	-0.442163
# 6	-0.071774
# 7	0.486622
# No MC error analysis requested
