# /home/btan/Software/WHAM/wham/wham/wham 2.0 2.7 200 1e-06 300 0 /home/btan/Documents/CRBN_CK1a/umbrella_sampling/Boresch/results/backbone_RMSD/phiA/run1//metafile.txt /home/btan/Documents/CRBN_CK1a/umbrella_sampling/Boresch/results/backbone_RMSD/phiA/run1//pmf.txt
#Number of windows = 8
#Iteration 10:  0.016126
#Iteration 20:  0.005818
#Iteration 30:  0.001674
#Iteration 40:  0.000478
#Iteration 50:  0.000136
#Iteration 60:  0.000039
#Iteration 70:  0.000011
#Iteration 80:  0.000003
#Iteration 90:  0.000001
# Dumping simulation biases, in the metadata file order 
# Window  F (free energy units)
# 0	0.000000
# 1	-0.636034
# 2	-0.987805
# 3	-1.134222
# 4	-0.886874
# 5	-0.350846
# 6	0.232737
# 7	0.961224
# No MC error analysis requested
